2020-05-29 08:31:28 INFO  TestBase:27 - Initiate Browser
2020-05-29 08:31:39 INFO  TestBase:33 - Browser Initiated
2020-05-29 08:31:39 INFO  TestBase:43 - Test name: HrmLoginTest
2020-05-29 08:31:39 INFO  TestBase:55 - Executed test case name:HrmLoginTest Execution Results : [TestResult name=HrmLoginTest status=FAILURE method=LoginTest.HrmLoginTest()[pri:1, instance:com.test.qa.test.LoginTest@1c3a4799] output={null}]
2020-05-29 08:31:39 INFO  TestBase:48 - Closing Browser
2020-05-29 08:31:40 INFO  TestBase:50 - Browser Closed
2020-05-29 08:32:14 INFO  TestBase:27 - Initiate Browser
2020-05-29 08:32:21 INFO  TestBase:33 - Browser Initiated
2020-05-29 08:32:21 INFO  TestBase:43 - Test name: HrmLoginTest
2020-05-29 08:32:21 INFO  TestBase:55 - Executed test case name:HrmLoginTest Execution Results : [TestResult name=HrmLoginTest status=FAILURE method=LoginTest.HrmLoginTest()[pri:1, instance:com.test.qa.test.LoginTest@3fd7a715] output={null}]
2020-05-29 08:32:21 INFO  TestBase:48 - Closing Browser
2020-05-29 08:32:22 INFO  TestBase:50 - Browser Closed
2020-05-29 08:32:47 INFO  TestBase:27 - Initiate Browser
2020-05-29 08:32:53 INFO  TestBase:33 - Browser Initiated
2020-05-29 08:32:53 INFO  TestBase:43 - Test name: HrmLoginTest
2020-05-29 08:33:02 INFO  TestBase:55 - Executed test case name:HrmLoginTest Execution Results : [TestResult name=HrmLoginTest status=SUCCESS method=LoginTest.HrmLoginTest()[pri:1, instance:com.test.qa.test.LoginTest@3fd7a715] output={null}]
2020-05-29 08:33:02 INFO  TestBase:48 - Closing Browser
2020-05-29 08:33:03 INFO  TestBase:50 - Browser Closed
2020-05-29 08:34:24 INFO  TestBase:27 - Initiate Browser
2020-05-29 08:34:31 INFO  TestBase:33 - Browser Initiated
2020-05-29 08:34:31 INFO  TestBase:43 - Test name: HrmLoginTest
2020-05-29 08:34:38 INFO  TestBase:55 - Executed test case name:HrmLoginTest Execution Results : [TestResult name=HrmLoginTest status=SUCCESS method=LoginTest.HrmLoginTest()[pri:1, instance:com.test.qa.test.LoginTest@694e1548] output={null}]
2020-05-29 08:34:38 INFO  TestBase:48 - Closing Browser
2020-05-29 08:34:39 INFO  TestBase:50 - Browser Closed
2020-05-29 08:37:14 INFO  TestBase:27 - Initiate Browser
2020-05-29 08:37:20 INFO  TestBase:33 - Browser Initiated
2020-05-29 08:37:20 INFO  TestBase:43 - Test name: HrmLoginTest
2020-05-29 08:37:28 INFO  TestBase:55 - Executed test case name:HrmLoginTest Execution Results : [TestResult name=HrmLoginTest status=SUCCESS method=LoginTest.HrmLoginTest()[pri:1, instance:com.test.qa.test.LoginTest@6a79c292] output={null}]
2020-05-29 08:37:28 INFO  TestBase:48 - Closing Browser
2020-05-29 08:37:30 INFO  TestBase:50 - Browser Closed
2020-06-11 11:20:21 INFO  TestBase:27 - Initiate Browser
2020-06-11 11:20:42 INFO  TestBase:33 - Browser Initiated
2020-06-11 11:20:42 INFO  TestBase:43 - Test name: HrmLoginTest
2020-06-11 11:20:42 INFO  TestBase:55 - Executed test case name:HrmLoginTest Execution Results : [TestResult name=HrmLoginTest status=FAILURE method=LoginTest.HrmLoginTest()[pri:1, instance:com.test.qa.test.LoginTest@76707e36] output={null}]
2020-06-11 11:20:42 INFO  TestBase:48 - Closing Browser
2020-06-11 11:20:43 INFO  TestBase:50 - Browser Closed
2020-06-11 11:22:56 INFO  TestBase:27 - Initiate Browser
2020-06-11 11:23:16 INFO  TestBase:33 - Browser Initiated
2020-06-11 11:23:16 INFO  TestBase:43 - Test name: HrmLoginTest
2020-06-11 11:23:17 INFO  TestBase:55 - Executed test case name:HrmLoginTest Execution Results : [TestResult name=HrmLoginTest status=SUCCESS method=LoginTest.HrmLoginTest()[pri:1, instance:com.test.qa.test.LoginTest@694e1548] output={null}]
2020-06-11 11:23:17 INFO  TestBase:48 - Closing Browser
2020-06-11 11:23:18 INFO  TestBase:50 - Browser Closed
2020-06-11 15:00:15 INFO  TestBase:27 - Initiate Browser
2020-06-11 15:00:19 INFO  TestBase:33 - Browser Initiated
2020-06-11 15:00:19 INFO  TestBase:43 - Test name: HrmLoginTest
2020-06-11 15:00:20 INFO  TestBase:55 - Executed test case name:HrmLoginTest Execution Results : [TestResult name=HrmLoginTest status=SUCCESS method=LoginTest.HrmLoginTest()[pri:1, instance:com.test.qa.test.LoginTest@3fd7a715] output={null}]
2020-06-11 15:00:20 INFO  TestBase:48 - Closing Browser
2020-06-11 15:00:21 INFO  TestBase:50 - Browser Closed
2020-06-12 09:50:31 INFO  TestBase:27 - Initiate Browser
2020-06-12 09:50:39 INFO  TestBase:33 - Browser Initiated
2020-06-12 09:50:39 INFO  TestBase:43 - Test name: HrmLoginTest
2020-06-12 09:50:40 INFO  TestBase:55 - Executed test case name:HrmLoginTest Execution Results : [TestResult name=HrmLoginTest status=SUCCESS method=LoginTest.HrmLoginTest()[pri:1, instance:com.test.qa.test.LoginTest@64729b1e] output={null}]
2020-06-12 09:50:40 INFO  TestBase:48 - Closing Browser
2020-06-12 09:50:41 INFO  TestBase:50 - Browser Closed
2020-06-12 10:05:18 INFO  TestBase:27 - Initiate Browser
2020-06-12 10:05:26 INFO  TestBase:33 - Browser Initiated
2020-06-12 10:05:26 INFO  TestBase:43 - Test name: HrmLoginTest
2020-06-12 10:05:26 INFO  TestBase:55 - Executed test case name:HrmLoginTest Execution Results : [TestResult name=HrmLoginTest status=SUCCESS method=LoginTest.HrmLoginTest()[pri:1, instance:com.test.qa.test.LoginTest@5a1c0542] output={null}]
2020-06-12 10:05:26 INFO  TestBase:48 - Closing Browser
2020-06-12 10:05:27 INFO  TestBase:50 - Browser Closed
2020-06-12 10:07:02 INFO  TestBase:27 - Initiate Browser
2020-06-12 10:07:10 INFO  TestBase:33 - Browser Initiated
2020-06-12 10:07:10 INFO  TestBase:43 - Test name: HrmLoginTest
2020-06-12 10:07:16 INFO  TestBase:55 - Executed test case name:HrmLoginTest Execution Results : [TestResult name=HrmLoginTest status=SUCCESS method=LoginTest.HrmLoginTest()[pri:1, instance:com.test.qa.test.LoginTest@30c15d8b] output={null}]
2020-06-12 10:07:16 INFO  TestBase:48 - Closing Browser
2020-06-12 10:07:17 INFO  TestBase:50 - Browser Closed
2020-06-12 11:04:20 INFO  TestBase:27 - Initiate Browser
2020-06-12 11:04:45 INFO  TestBase:43 - Test name: HrmLoginTest
2020-06-12 11:04:45 INFO  TestBase:55 - Executed test case name:HrmLoginTest Execution Results : [TestResult name={null} status=CREATED method=LoginTest.HrmLoginTest()[pri:1, instance:com.test.qa.test.LoginTest@7494e528] output={null}]
2020-06-12 11:04:45 INFO  TestBase:48 - Closing Browser
2020-06-12 11:06:56 INFO  TestBase:27 - Initiate Browser
2020-06-12 11:08:08 INFO  TestBase:27 - Initiate Browser
2020-06-12 11:08:51 INFO  TestBase:33 - Browser Initiated
2020-06-12 11:08:51 INFO  TestBase:43 - Test name: HrmLoginTest
2020-06-12 11:08:51 INFO  TestBase:55 - Executed test case name:HrmLoginTest Execution Results : [TestResult name=HrmLoginTest status=FAILURE method=LoginTest.HrmLoginTest()[pri:1, instance:com.test.qa.test.LoginTest@6c49835d] output={null}]
2020-06-12 11:08:51 INFO  TestBase:48 - Closing Browser
2020-06-12 11:08:56 INFO  TestBase:50 - Browser Closed
2020-06-12 11:19:15 INFO  TestBase:27 - Initiate Browser
2020-06-12 11:19:39 INFO  TestBase:33 - Browser Initiated
2020-06-12 11:19:39 INFO  TestBase:43 - Test name: HrmLoginTest
2020-06-12 11:19:39 INFO  TestBase:55 - Executed test case name:HrmLoginTest Execution Results : [TestResult name=HrmLoginTest status=FAILURE method=LoginTest.HrmLoginTest()[pri:1, instance:com.test.qa.test.LoginTest@7c29daf3] output={null}]
2020-06-12 11:19:39 INFO  TestBase:48 - Closing Browser
2020-06-12 11:19:41 INFO  TestBase:50 - Browser Closed
2020-06-12 11:21:57 INFO  TestBase:27 - Initiate Browser
2020-06-12 11:22:17 INFO  TestBase:33 - Browser Initiated
2020-06-12 11:22:17 INFO  TestBase:43 - Test name: HrmLoginTest
2020-06-12 11:23:28 INFO  TestBase:55 - Executed test case name:HrmLoginTest Execution Results : [TestResult name=HrmLoginTest status=FAILURE method=LoginTest.HrmLoginTest()[pri:1, instance:com.test.qa.test.LoginTest@7c29daf3] output={null}]
2020-06-12 11:23:28 INFO  TestBase:48 - Closing Browser
2020-06-12 11:23:44 INFO  TestBase:50 - Browser Closed
2020-06-12 11:28:47 INFO  TestBase:27 - Initiate Browser
2020-06-12 11:29:17 INFO  TestBase:33 - Browser Initiated
2020-06-12 11:29:17 INFO  TestBase:43 - Test name: HrmLoginTest
2020-06-12 11:29:19 INFO  TestBase:55 - Executed test case name:HrmLoginTest Execution Results : [TestResult name=HrmLoginTest status=FAILURE method=LoginTest.HrmLoginTest()[pri:1, instance:com.test.qa.test.LoginTest@7c29daf3] output={null}]
2020-06-12 11:29:19 INFO  TestBase:48 - Closing Browser
2020-06-12 11:29:22 INFO  TestBase:50 - Browser Closed
2020-06-12 11:32:56 INFO  TestBase:27 - Initiate Browser
2020-06-12 11:33:15 INFO  TestBase:33 - Browser Initiated
2020-06-12 11:33:15 INFO  TestBase:43 - Test name: HrmLoginTest
2020-06-12 11:33:17 INFO  TestBase:55 - Executed test case name:HrmLoginTest Execution Results : [TestResult name=HrmLoginTest status=SUCCESS method=LoginTest.HrmLoginTest()[pri:1, instance:com.test.qa.test.LoginTest@7c29daf3] output={null}]
2020-06-12 11:33:17 INFO  TestBase:48 - Closing Browser
2020-06-12 11:33:20 INFO  TestBase:50 - Browser Closed
2020-06-12 11:34:04 INFO  TestBase:27 - Initiate Browser
2020-06-12 11:34:21 INFO  TestBase:33 - Browser Initiated
2020-06-12 11:34:21 INFO  TestBase:43 - Test name: HrmLoginTest
2020-06-12 11:34:22 INFO  TestBase:55 - Executed test case name:HrmLoginTest Execution Results : [TestResult name=HrmLoginTest status=SUCCESS method=LoginTest.HrmLoginTest()[pri:1, instance:com.test.qa.test.LoginTest@7494e528] output={null}]
2020-06-12 11:34:22 INFO  TestBase:48 - Closing Browser
2020-06-12 11:34:25 INFO  TestBase:50 - Browser Closed
2020-06-12 11:34:39 INFO  TestBase:27 - Initiate Browser
2020-06-12 11:34:56 INFO  TestBase:33 - Browser Initiated
2020-06-12 11:34:56 INFO  TestBase:43 - Test name: HrmLoginTest
2020-06-12 11:34:57 INFO  TestBase:55 - Executed test case name:HrmLoginTest Execution Results : [TestResult name=HrmLoginTest status=SUCCESS method=LoginTest.HrmLoginTest()[pri:1, instance:com.test.qa.test.LoginTest@7c29daf3] output={null}]
2020-06-12 11:34:57 INFO  TestBase:48 - Closing Browser
2020-06-12 11:35:00 INFO  TestBase:50 - Browser Closed
2020-06-12 11:35:11 INFO  TestBase:27 - Initiate Browser
2020-06-12 11:35:29 INFO  TestBase:33 - Browser Initiated
2020-06-12 11:35:29 INFO  TestBase:43 - Test name: HrmLoginTest
2020-06-12 11:35:29 INFO  TestBase:55 - Executed test case name:HrmLoginTest Execution Results : [TestResult name=HrmLoginTest status=SUCCESS method=LoginTest.HrmLoginTest()[pri:1, instance:com.test.qa.test.LoginTest@7c29daf3] output={null}]
2020-06-12 11:35:29 INFO  TestBase:48 - Closing Browser
2020-06-12 11:35:32 INFO  TestBase:50 - Browser Closed
2020-06-12 11:37:39 INFO  TestBase:27 - Initiate Browser
2020-06-12 11:38:03 INFO  TestBase:33 - Browser Initiated
2020-06-12 11:38:03 INFO  TestBase:43 - Test name: HrmLoginTest
2020-06-12 11:38:03 INFO  TestBase:55 - Executed test case name:HrmLoginTest Execution Results : [TestResult name=HrmLoginTest status=FAILURE method=LoginTest.HrmLoginTest()[pri:1, instance:com.test.qa.test.LoginTest@7c29daf3] output={null}]
2020-06-12 11:38:03 INFO  TestBase:48 - Closing Browser
2020-06-12 11:38:06 INFO  TestBase:50 - Browser Closed
2020-06-12 11:39:08 INFO  TestBase:27 - Initiate Browser
2020-06-12 11:39:25 INFO  TestBase:33 - Browser Initiated
2020-06-12 11:39:25 INFO  TestBase:43 - Test name: HrmLoginTest
2020-06-12 11:39:26 INFO  TestBase:55 - Executed test case name:HrmLoginTest Execution Results : [TestResult name=HrmLoginTest status=FAILURE method=LoginTest.HrmLoginTest()[pri:1, instance:com.test.qa.test.LoginTest@7c29daf3] output={null}]
2020-06-12 11:39:26 INFO  TestBase:48 - Closing Browser
2020-06-12 11:39:26 INFO  TestBase:50 - Browser Closed
2020-06-12 11:42:31 INFO  TestBase:27 - Initiate Browser
2020-06-12 11:43:05 INFO  TestBase:33 - Browser Initiated
2020-06-12 11:43:05 INFO  TestBase:43 - Test name: HrmLoginTest
2020-06-12 11:43:06 INFO  TestBase:55 - Executed test case name:HrmLoginTest Execution Results : [TestResult name=HrmLoginTest status=SUCCESS method=LoginTest.HrmLoginTest()[pri:1, instance:com.test.qa.test.LoginTest@7494e528] output={null}]
2020-06-12 11:43:06 INFO  TestBase:48 - Closing Browser
2020-06-12 11:43:06 INFO  TestBase:50 - Browser Closed
2020-06-12 11:49:08 INFO  TestBase:27 - Initiate Browser
2020-06-12 11:49:33 INFO  TestBase:33 - Browser Initiated
2020-06-12 11:49:33 INFO  TestBase:43 - Test name: HrmLoginTest
2020-06-12 11:49:34 INFO  TestBase:55 - Executed test case name:HrmLoginTest Execution Results : [TestResult name=HrmLoginTest status=SUCCESS method=LoginTest.HrmLoginTest()[pri:1, instance:com.test.qa.test.LoginTest@7494e528] output={null}]
2020-06-12 11:49:34 INFO  TestBase:48 - Closing Browser
2020-06-12 11:49:34 INFO  TestBase:50 - Browser Closed
2020-06-12 12:11:00 INFO  TestBase:27 - Initiate Browser
2020-06-12 12:11:25 INFO  TestBase:33 - Browser Initiated
2020-06-12 12:11:25 INFO  TestBase:43 - Test name: HrmLoginTest
2020-06-12 12:11:28 INFO  TestBase:55 - Executed test case name:HrmLoginTest Execution Results : [TestResult name=HrmLoginTest status=SUCCESS method=LoginTest.HrmLoginTest()[pri:1, instance:com.test.qa.test.LoginTest@6c49835d] output={null}]
2020-06-12 12:11:28 INFO  TestBase:48 - Closing Browser
2020-06-12 12:11:28 INFO  TestBase:50 - Browser Closed
2020-06-12 12:17:37 INFO  TestBase:27 - Initiate Browser
2020-06-12 12:17:58 INFO  TestBase:33 - Browser Initiated
2020-06-12 12:17:58 INFO  TestBase:43 - Test name: HrmLoginTest
2020-06-12 12:18:00 INFO  TestBase:55 - Executed test case name:HrmLoginTest Execution Results : [TestResult name=HrmLoginTest status=SUCCESS method=LoginTest.HrmLoginTest()[pri:1, instance:com.test.qa.test.LoginTest@6c49835d] output={null}]
2020-06-12 12:18:00 INFO  TestBase:48 - Closing Browser
2020-06-12 12:18:00 INFO  TestBase:50 - Browser Closed
2020-06-12 12:20:23 INFO  TestBase:27 - Initiate Browser
2020-06-12 12:20:49 INFO  TestBase:33 - Browser Initiated
2020-06-12 12:20:49 INFO  TestBase:43 - Test name: HrmLoginTest
2020-06-12 12:20:51 INFO  TestBase:55 - Executed test case name:HrmLoginTest Execution Results : [TestResult name=HrmLoginTest status=SUCCESS method=LoginTest.HrmLoginTest()[pri:1, instance:com.test.qa.test.LoginTest@7c29daf3] output={null}]
2020-06-12 12:20:51 INFO  TestBase:48 - Closing Browser
2020-06-12 12:20:51 INFO  TestBase:50 - Browser Closed
2020-06-12 12:26:24 INFO  TestBase:27 - Initiate Browser
2020-06-12 12:26:50 INFO  TestBase:33 - Browser Initiated
2020-06-12 12:26:50 INFO  TestBase:43 - Test name: HrmLoginTest
2020-06-12 12:26:59 INFO  TestBase:55 - Executed test case name:HrmLoginTest Execution Results : [TestResult name=HrmLoginTest status=SUCCESS method=LoginTest.HrmLoginTest()[pri:1, instance:com.test.qa.test.LoginTest@7c29daf3] output={null}]
2020-06-12 12:26:59 INFO  TestBase:48 - Closing Browser
2020-06-12 12:26:59 INFO  TestBase:50 - Browser Closed
2020-06-12 14:54:00 INFO  LoginData:21 - row = 6 columns = 2
2020-06-12 14:54:00 INFO  TestBase:27 - Initiate Browser
2020-06-12 14:54:43 INFO  TestBase:33 - Browser Initiated
2020-06-12 14:54:43 INFO  TestBase:43 - Test name: LoginTest
2020-06-12 14:55:02 INFO  TestBase:55 - Executed test case name:LoginTest Execution Results : [TestResult name=LoginTest status=FAILURE method=LoginTest.LoginTest(java.lang.String, java.lang.String)[pri:1, instance:com.test.qa.test.LoginTest@5a8806ef] output={null}]
2020-06-12 14:55:02 INFO  TestBase:48 - Closing Browser
2020-06-12 14:55:02 INFO  TestBase:50 - Browser Closed
2020-06-12 14:55:02 INFO  TestBase:27 - Initiate Browser
2020-06-12 14:56:26 INFO  LoginData:21 - row = 6 columns = 2
2020-06-12 14:56:26 INFO  TestBase:27 - Initiate Browser
2020-06-12 14:56:49 INFO  TestBase:33 - Browser Initiated
2020-06-12 14:56:49 INFO  TestBase:43 - Test name: LoginTest
2020-06-12 14:57:24 INFO  TestBase:55 - Executed test case name:LoginTest Execution Results : [TestResult name=LoginTest status=FAILURE method=LoginTest.LoginTest(java.lang.String, java.lang.String)[pri:1, instance:com.test.qa.test.LoginTest@9660f4e] output={null}]
2020-06-12 14:57:24 INFO  TestBase:48 - Closing Browser
2020-06-12 14:59:46 INFO  LoginData:21 - row = 6 columns = 2
2020-06-12 14:59:46 INFO  TestBase:27 - Initiate Browser
2020-06-12 15:00:06 INFO  TestBase:33 - Browser Initiated
2020-06-12 15:00:06 INFO  TestBase:43 - Test name: LoginTest
2020-06-12 15:00:34 INFO  TestBase:55 - Executed test case name:LoginTest Execution Results : [TestResult name=LoginTest status=FAILURE method=LoginTest.LoginTest(java.lang.String, java.lang.String)[pri:1, instance:com.test.qa.test.LoginTest@7c29daf3] output={null}]
2020-06-12 15:00:34 INFO  TestBase:48 - Closing Browser
2020-06-12 15:17:01 INFO  LoginData:21 - row = 6 columns = 2
2020-06-12 15:17:01 INFO  TestBase:27 - Initiate Browser
2020-06-12 15:17:21 INFO  TestBase:33 - Browser Initiated
2020-06-12 15:17:21 INFO  TestBase:43 - Test name: LoginTest
2020-06-12 15:17:37 INFO  TestBase:55 - Executed test case name:LoginTest Execution Results : [TestResult name=LoginTest status=FAILURE method=LoginTest.LoginTest(java.lang.String, java.lang.String)[pri:1, instance:com.test.qa.test.LoginTest@67205a84] output={null}]
2020-06-12 15:17:37 INFO  TestBase:48 - Closing Browser
2020-06-12 15:17:40 INFO  TestBase:50 - Browser Closed
2020-06-12 15:17:40 INFO  TestBase:27 - Initiate Browser
2020-06-12 15:27:17 INFO  LoginData:21 - row = 6 columns = 2
2020-06-12 15:27:17 INFO  TestBase:27 - Initiate Browser
2020-06-12 15:27:34 INFO  TestBase:33 - Browser Initiated
2020-06-12 15:27:34 INFO  TestBase:43 - Test name: LoginTest
2020-06-12 15:29:35 INFO  LoginData:21 - row = 6 columns = 2
2020-06-12 15:29:35 INFO  TestBase:27 - Initiate Browser
2020-06-12 15:29:54 INFO  TestBase:33 - Browser Initiated
2020-06-12 15:29:54 INFO  TestBase:43 - Test name: LoginTest
2020-06-12 15:31:58 INFO  TestBase:27 - Initiate Browser
2020-06-12 15:32:15 INFO  TestBase:33 - Browser Initiated
2020-06-12 15:32:15 INFO  TestBase:43 - Test name: LoginTest
2020-06-12 15:32:24 INFO  TestBase:55 - Executed test case name:LoginTest Execution Results : [TestResult name=LoginTest status=FAILURE method=LoginTest.LoginTest(java.lang.String, java.lang.String)[pri:1, instance:com.test.qa.test.LoginTest@5a8806ef] output={null}]
2020-06-12 15:32:24 INFO  TestBase:48 - Closing Browser
2020-06-12 15:51:15 INFO  TestBase:27 - Initiate Browser
2020-06-12 15:51:44 INFO  TestBase:33 - Browser Initiated
2020-06-12 15:51:44 INFO  TestBase:43 - Test name: LoginTest
2020-06-12 15:53:24 INFO  TestBase:27 - Initiate Browser
2020-06-12 15:53:45 INFO  TestBase:33 - Browser Initiated
2020-06-12 15:53:45 INFO  TestBase:43 - Test name: LoginTest
2020-06-12 15:59:00 INFO  TestBase:27 - Initiate Browser
2020-06-12 15:59:21 INFO  TestBase:33 - Browser Initiated
2020-06-12 15:59:21 INFO  TestBase:43 - Test name: LoginTest
2020-06-12 15:59:43 INFO  TestBase:55 - Executed test case name:LoginTest Execution Results : [TestResult name=LoginTest status=FAILURE method=LoginTest.LoginTest(java.lang.String, java.lang.String)[pri:1, instance:com.test.qa.test.LoginTest@7c29daf3] output={null}]
2020-06-12 15:59:43 INFO  TestBase:48 - Closing Browser
2020-06-12 15:59:48 INFO  TestBase:50 - Browser Closed
2020-06-12 15:59:48 INFO  TestBase:27 - Initiate Browser
2020-06-12 16:00:03 INFO  TestBase:33 - Browser Initiated
2020-06-12 16:00:03 INFO  TestBase:43 - Test name: LoginTest
2020-06-12 16:00:06 INFO  TestBase:55 - Executed test case name:LoginTest Execution Results : [TestResult name=LoginTest status=SUCCESS method=LoginTest.LoginTest(java.lang.String, java.lang.String)[pri:1, instance:com.test.qa.test.LoginTest@7c29daf3] output={null}]
2020-06-12 16:00:06 INFO  TestBase:48 - Closing Browser
2020-06-12 16:00:09 INFO  TestBase:50 - Browser Closed
2020-06-12 16:00:56 INFO  TestBase:27 - Initiate Browser
2020-06-12 16:01:15 INFO  TestBase:33 - Browser Initiated
2020-06-12 16:01:15 INFO  TestBase:43 - Test name: LoginTest
2020-06-12 16:01:37 INFO  TestBase:55 - Executed test case name:LoginTest Execution Results : [TestResult name=LoginTest status=FAILURE method=LoginTest.LoginTest(java.lang.String, java.lang.String)[pri:1, instance:com.test.qa.test.LoginTest@5a8806ef] output={null}]
2020-06-12 16:01:37 INFO  TestBase:48 - Closing Browser
2020-06-12 16:01:39 INFO  TestBase:50 - Browser Closed
2020-06-12 16:01:39 INFO  TestBase:27 - Initiate Browser
2020-06-12 16:01:54 INFO  TestBase:33 - Browser Initiated
2020-06-12 16:01:54 INFO  TestBase:43 - Test name: LoginTest
2020-06-12 16:01:56 INFO  TestBase:55 - Executed test case name:LoginTest Execution Results : [TestResult name=LoginTest status=SUCCESS method=LoginTest.LoginTest(java.lang.String, java.lang.String)[pri:1, instance:com.test.qa.test.LoginTest@5a8806ef] output={null}]
2020-06-12 16:01:56 INFO  TestBase:48 - Closing Browser
2020-06-12 16:02:00 INFO  TestBase:50 - Browser Closed
2020-06-12 16:12:06 INFO  LoginData:21 - row = 2 columns = 2
2020-06-12 16:12:06 INFO  TestBase:27 - Initiate Browser
2020-06-12 16:12:29 INFO  TestBase:33 - Browser Initiated
2020-06-12 16:12:29 INFO  TestBase:43 - Test name: LoginTest
2020-06-12 16:12:43 INFO  TestBase:55 - Executed test case name:LoginTest Execution Results : [TestResult name=LoginTest status=FAILURE method=LoginTest.LoginTest(java.lang.String, java.lang.String)[pri:1, instance:com.test.qa.test.LoginTest@5a8806ef] output={null}]
2020-06-12 16:12:43 INFO  TestBase:48 - Closing Browser
2020-06-12 16:21:14 INFO  LoginData:21 - row = 2 columns = 2
2020-06-12 16:21:14 INFO  TestBase:27 - Initiate Browser
2020-06-12 16:21:33 INFO  TestBase:33 - Browser Initiated
2020-06-12 16:21:33 INFO  TestBase:43 - Test name: LoginTest
2020-06-12 16:22:29 INFO  TestBase:55 - Executed test case name:LoginTest Execution Results : [TestResult name=LoginTest status=FAILURE method=LoginTest.LoginTest(java.lang.String, java.lang.String)[pri:1, instance:com.test.qa.test.LoginTest@5a8806ef] output={null}]
2020-06-12 16:22:29 INFO  TestBase:48 - Closing Browser
2020-06-15 18:30:16 INFO  TestBase:27 - Initiate Browser
2020-06-15 18:30:39 INFO  TestBase:52 - Test name: SupplierTest
2020-06-15 18:30:39 INFO  TestBase:74 - Executed test case name:SupplierTest Execution Results : [TestResult name={null} status=CREATED method=SupplierTest.SupplierTest()[pri:0, instance:com.test.qa.plant.SupplierTest@131276c2] output={null}]
2020-06-15 18:30:39 INFO  TestBase:57 - Closing Browser
2020-06-15 18:33:15 INFO  TestBase:27 - Initiate Browser
2020-06-15 18:33:37 INFO  TestBase:52 - Test name: SupplierTest
2020-06-15 18:33:37 INFO  TestBase:74 - Executed test case name:SupplierTest Execution Results : [TestResult name={null} status=CREATED method=SupplierTest.SupplierTest()[pri:0, instance:com.test.qa.plant.SupplierTest@131276c2] output={null}]
2020-06-15 18:33:37 INFO  TestBase:57 - Closing Browser
2020-06-15 18:34:20 INFO  TestBase:27 - Initiate Browser
2020-06-15 18:34:39 INFO  TestBase:34 - Browser Initiated
2020-06-15 18:34:40 INFO  TestBase:39 - successful Login
2020-06-15 18:34:40 INFO  TestBase:52 - Test name: SupplierTest
2020-06-15 19:24:40 INFO  TestBase:74 - Executed test case name:SupplierTest Execution Results : [TestResult name=SupplierTest status=FAILURE method=SupplierTest.SupplierTest()[pri:0, instance:com.test.qa.plant.SupplierTest@131276c2] output={null}]
2020-06-15 19:24:40 INFO  TestBase:57 - Closing Browser
2020-06-15 19:24:44 INFO  TestBase:69 - Browser Closed
2020-06-15 21:13:46 INFO  TestBase:27 - Initiate Browser
2020-06-15 21:14:02 INFO  TestBase:34 - Browser Initiated
2020-06-15 21:14:03 INFO  TestBase:39 - successful Login
2020-06-15 21:14:03 INFO  TestBase:52 - Test name: SupplierTest
2020-06-15 21:14:09 INFO  TestBase:74 - Executed test case name:SupplierTest Execution Results : [TestResult name=SupplierTest status=FAILURE method=SupplierTest.SupplierTest()[pri:0, instance:com.test.qa.plant.SupplierTest@131276c2] output={null}]
2020-06-15 21:14:09 INFO  TestBase:57 - Closing Browser
2020-06-15 21:14:13 INFO  TestBase:69 - Browser Closed
2020-06-15 21:14:54 INFO  TestBase:27 - Initiate Browser
2020-06-15 21:15:06 INFO  TestBase:52 - Test name: SupplierTest
2020-06-15 21:15:06 INFO  TestBase:74 - Executed test case name:SupplierTest Execution Results : [TestResult name={null} status=CREATED method=SupplierTest.SupplierTest()[pri:0, instance:com.test.qa.plant.SupplierTest@131276c2] output={null}]
2020-06-15 21:15:06 INFO  TestBase:57 - Closing Browser
2020-06-15 21:15:10 INFO  TestBase:69 - Browser Closed
2020-06-15 21:16:01 INFO  TestBase:27 - Initiate Browser
2020-06-15 21:16:15 INFO  TestBase:34 - Browser Initiated
2020-06-15 21:16:16 INFO  TestBase:39 - successful Login
2020-06-15 21:16:16 INFO  TestBase:52 - Test name: SupplierTest
2020-06-15 21:18:45 INFO  TestBase:27 - Initiate Browser
2020-06-15 21:19:02 INFO  TestBase:34 - Browser Initiated
2020-06-15 21:19:02 INFO  TestBase:39 - successful Login
2020-06-15 21:19:02 INFO  TestBase:52 - Test name: SupplierTest
2020-06-15 21:20:21 INFO  TestBase:74 - Executed test case name:SupplierTest Execution Results : [TestResult name=SupplierTest status=FAILURE method=SupplierTest.SupplierTest()[pri:0, instance:com.test.qa.plant.SupplierTest@131276c2] output={null}]
2020-06-15 21:20:21 INFO  TestBase:57 - Closing Browser
2020-06-15 21:20:25 INFO  TestBase:69 - Browser Closed
2020-06-15 21:20:48 INFO  TestBase:27 - Initiate Browser
2020-06-15 21:21:03 INFO  TestBase:34 - Browser Initiated
2020-06-15 21:21:03 INFO  TestBase:39 - successful Login
2020-06-15 21:21:03 INFO  TestBase:52 - Test name: SupplierTest
2020-06-15 21:21:45 INFO  TestBase:74 - Executed test case name:SupplierTest Execution Results : [TestResult name=SupplierTest status=FAILURE method=SupplierTest.SupplierTest()[pri:0, instance:com.test.qa.plant.SupplierTest@131276c2] output={null}]
2020-06-15 21:21:45 INFO  TestBase:57 - Closing Browser
2020-06-15 21:21:49 INFO  TestBase:69 - Browser Closed
2020-06-15 21:23:18 INFO  TestBase:27 - Initiate Browser
2020-06-15 21:23:35 INFO  TestBase:34 - Browser Initiated
2020-06-15 21:23:36 INFO  TestBase:39 - successful Login
2020-06-15 21:23:36 INFO  TestBase:52 - Test name: SupplierTest
2020-06-15 21:24:36 INFO  TestBase:27 - Initiate Browser
2020-06-15 21:24:50 INFO  TestBase:34 - Browser Initiated
2020-06-15 21:24:50 INFO  TestBase:39 - successful Login
2020-06-15 21:24:50 INFO  TestBase:52 - Test name: SupplierTest
2020-06-15 21:29:03 INFO  TestBase:27 - Initiate Browser
2020-06-15 21:29:19 INFO  TestBase:34 - Browser Initiated
2020-06-15 21:29:19 INFO  TestBase:39 - successful Login
2020-06-15 21:29:19 INFO  TestBase:52 - Test name: SupplierTest
2020-06-15 21:30:38 INFO  TestBase:27 - Initiate Browser
2020-06-15 21:30:53 INFO  TestBase:34 - Browser Initiated
2020-06-15 21:30:54 INFO  TestBase:39 - successful Login
2020-06-15 21:30:54 INFO  TestBase:52 - Test name: SupplierTest
2020-06-15 21:31:05 INFO  TestBase:74 - Executed test case name:SupplierTest Execution Results : [TestResult name=SupplierTest status=FAILURE method=SupplierTest.SupplierTest()[pri:0, instance:com.test.qa.plant.SupplierTest@131276c2] output={null}]
2020-06-15 21:31:05 INFO  TestBase:57 - Closing Browser
2020-06-15 21:31:10 INFO  TestBase:69 - Browser Closed
2020-06-15 21:32:23 INFO  TestBase:27 - Initiate Browser
2020-06-15 21:32:38 INFO  TestBase:34 - Browser Initiated
2020-06-15 21:32:38 INFO  TestBase:39 - successful Login
2020-06-15 21:32:38 INFO  TestBase:52 - Test name: SupplierTest
2020-06-15 21:32:51 INFO  TestBase:74 - Executed test case name:SupplierTest Execution Results : [TestResult name=SupplierTest status=FAILURE method=SupplierTest.SupplierTest()[pri:0, instance:com.test.qa.plant.SupplierTest@131276c2] output={null}]
2020-06-15 21:32:51 INFO  TestBase:57 - Closing Browser
2020-06-15 21:32:55 INFO  TestBase:69 - Browser Closed
<<<<<<< HEAD
<<<<<<< HEAD
2020-06-18 16:52:20 INFO  PlantData:21 - row = 3 columns = 6
2020-06-18 16:52:20 INFO  TestBase:27 - Initiate Browser
2020-06-18 16:52:34 INFO  TestBase:34 - Browser Initiated
2020-06-18 16:52:34 INFO  TestBase:39 - successful Login
2020-06-18 16:52:34 INFO  TestBase:52 - Test name: TokiyomasterTest
2020-06-18 16:52:37 INFO  TestBase:66 - Executed test case name:TokiyomasterTest Execution Results : [TestResult name=TokiyomasterTest status=SUCCESS method=PlantTest.TokiyomasterTest(java.lang.String, java.lang.String, java.lang.String, java.lang.String, java.lang.String, java.lang.String)[pri:1, instance:com.test.qa.plant.PlantTest@694e1548] output={null}]
2020-06-18 16:52:37 INFO  TestBase:57 - Closing Browser
2020-06-18 16:52:37 INFO  TestBase:61 - Browser Closed
2020-06-18 16:52:37 INFO  TestBase:27 - Initiate Browser
2020-06-18 16:52:50 INFO  TestBase:34 - Browser Initiated
2020-06-18 16:52:50 INFO  TestBase:39 - successful Login
2020-06-18 16:52:50 INFO  TestBase:52 - Test name: TokiyomasterTest
2020-06-18 16:52:54 INFO  TestBase:66 - Executed test case name:TokiyomasterTest Execution Results : [TestResult name=TokiyomasterTest status=SUCCESS method=PlantTest.TokiyomasterTest(java.lang.String, java.lang.String, java.lang.String, java.lang.String, java.lang.String, java.lang.String)[pri:1, instance:com.test.qa.plant.PlantTest@694e1548] output={null}]
2020-06-18 16:52:54 INFO  TestBase:57 - Closing Browser
2020-06-18 16:52:54 INFO  TestBase:61 - Browser Closed
2020-06-18 16:52:54 INFO  TestBase:27 - Initiate Browser
2020-06-18 16:53:06 INFO  TestBase:34 - Browser Initiated
2020-06-18 16:53:07 INFO  TestBase:39 - successful Login
2020-06-18 16:53:07 INFO  TestBase:52 - Test name: TokiyomasterTest
2020-06-18 16:53:10 INFO  TestBase:66 - Executed test case name:TokiyomasterTest Execution Results : [TestResult name=TokiyomasterTest status=SUCCESS method=PlantTest.TokiyomasterTest(java.lang.String, java.lang.String, java.lang.String, java.lang.String, java.lang.String, java.lang.String)[pri:1, instance:com.test.qa.plant.PlantTest@694e1548] output={null}]
2020-06-18 16:53:10 INFO  TestBase:57 - Closing Browser
2020-06-18 16:53:10 INFO  TestBase:61 - Browser Closed
2020-06-19 10:30:52 INFO  PlantData:21 - row = 3 columns = 8
2020-06-19 10:30:52 INFO  TestBase:27 - Initiate Browser
2020-06-19 10:31:09 INFO  TestBase:34 - Browser Initiated
2020-06-19 10:31:09 INFO  TestBase:39 - successful Login
2020-06-19 10:31:09 INFO  TestBase:52 - Test name: TokiyomasterTest
2020-06-19 10:36:03 INFO  PlantData:21 - row = 3 columns = 8
2020-06-19 10:36:03 INFO  TestBase:27 - Initiate Browser
2020-06-19 10:36:17 INFO  TestBase:34 - Browser Initiated
2020-06-19 10:36:18 INFO  TestBase:39 - successful Login
2020-06-19 10:36:18 INFO  TestBase:52 - Test name: TokiyomasterTest
2020-06-19 10:47:10 INFO  PlantData:21 - row = 3 columns = 8
2020-06-19 10:47:10 INFO  TestBase:27 - Initiate Browser
2020-06-19 10:47:24 INFO  TestBase:34 - Browser Initiated
2020-06-19 10:47:24 INFO  TestBase:39 - successful Login
2020-06-19 10:47:24 INFO  TestBase:52 - Test name: TokiyomasterTest
2020-06-19 11:18:48 INFO  PlantData:21 - row = 3 columns = 8
2020-06-19 11:18:48 INFO  TestBase:27 - Initiate Browser
2020-06-19 11:19:03 INFO  TestBase:34 - Browser Initiated
2020-06-19 11:19:04 INFO  TestBase:39 - successful Login
2020-06-19 11:19:04 INFO  TestBase:52 - Test name: TokiyomasterTest
2020-06-19 11:53:46 INFO  PlantData:21 - row = 3 columns = 8
2020-06-19 11:54:03 INFO  PlantData:21 - row = 3 columns = 8
2020-06-19 13:56:40 INFO  PlantData:21 - row = 3 columns = 8
2020-06-19 13:56:40 INFO  TestBase:27 - Initiate Browser
2020-06-19 13:57:00 INFO  TestBase:34 - Browser Initiated
2020-06-19 13:57:01 INFO  TestBase:39 - successful Login
2020-06-19 13:57:01 INFO  TestBase:52 - Test name: TokiyomasterTest
2020-06-19 14:04:21 INFO  PlantData:21 - row = 3 columns = 8
2020-06-19 14:04:21 INFO  TestBase:27 - Initiate Browser
2020-06-19 14:04:37 INFO  TestBase:34 - Browser Initiated
2020-06-19 14:04:37 INFO  TestBase:39 - successful Login
2020-06-19 14:04:37 INFO  TestBase:52 - Test name: TokiyomasterTest
2020-06-19 15:41:55 INFO  PlantData:21 - row = 3 columns = 8
2020-06-19 15:41:55 INFO  TestBase:27 - Initiate Browser
2020-06-19 15:42:10 INFO  TestBase:34 - Browser Initiated
2020-06-19 15:42:10 INFO  TestBase:39 - successful Login
2020-06-19 15:42:10 INFO  TestBase:52 - Test name: TokiyomasterTest
2020-06-19 15:42:26 INFO  TestBase:66 - Executed test case name:TokiyomasterTest Execution Results : [TestResult name=TokiyomasterTest status=FAILURE method=PlantTest.TokiyomasterTest(java.lang.String, java.lang.String, java.lang.String, java.lang.String, java.lang.String, java.lang.String, java.lang.String, java.lang.String)[pri:1, instance:com.test.qa.plant.PlantTest@71bbf57e] output={null}]
2020-06-19 15:42:26 INFO  TestBase:57 - Closing Browser
2020-06-19 15:42:26 INFO  TestBase:61 - Browser Closed
2020-06-19 15:42:26 INFO  TestBase:27 - Initiate Browser
2020-06-19 15:42:39 INFO  TestBase:34 - Browser Initiated
2020-06-19 15:42:39 INFO  TestBase:39 - successful Login
2020-06-19 15:42:39 INFO  TestBase:52 - Test name: TokiyomasterTest
2020-06-19 15:44:57 INFO  PlantData:21 - row = 3 columns = 8
2020-06-19 15:44:57 INFO  TestBase:27 - Initiate Browser
=======
2020-06-18 16:47:21 INFO  EmployeeData:21 - row = 4 columns = 5
2020-06-18 16:47:21 INFO  TestBase:27 - Initiate Browser
2020-06-18 16:47:36 INFO  TestBase:34 - Browser Initiated
2020-06-18 16:47:36 INFO  TestBase:39 - successful Login
2020-06-18 16:47:36 INFO  TestBase:52 - Test name: TokiyomasterTest
2020-06-18 16:47:40 INFO  TestBase:66 - Executed test case name:TokiyomasterTest Execution Results : [TestResult name=TokiyomasterTest status=FAILURE method=EmployeeTest.TokiyomasterTest(java.lang.String, java.lang.String, java.lang.String, java.lang.String, java.lang.String)[pri:2, instance:com.test.qa.employee.EmployeeTest@7f13d6e] output={null}]
2020-06-18 16:47:40 INFO  TestBase:57 - Closing Browser
2020-06-18 16:47:40 INFO  TestBase:61 - Browser Closed
2020-06-18 16:47:40 INFO  TestBase:27 - Initiate Browser
2020-06-18 16:47:54 INFO  TestBase:34 - Browser Initiated
2020-06-18 16:47:55 INFO  TestBase:39 - successful Login
2020-06-18 16:47:55 INFO  TestBase:52 - Test name: TokiyomasterTest
2020-06-18 16:47:58 INFO  TestBase:66 - Executed test case name:TokiyomasterTest Execution Results : [TestResult name=TokiyomasterTest status=FAILURE method=EmployeeTest.TokiyomasterTest(java.lang.String, java.lang.String, java.lang.String, java.lang.String, java.lang.String)[pri:2, instance:com.test.qa.employee.EmployeeTest@7f13d6e] output={null}]
2020-06-18 16:47:58 INFO  TestBase:57 - Closing Browser
2020-06-18 16:47:58 INFO  TestBase:61 - Browser Closed
2020-06-18 16:47:58 INFO  TestBase:27 - Initiate Browser
2020-06-18 16:48:11 INFO  TestBase:34 - Browser Initiated
2020-06-18 16:48:12 INFO  TestBase:39 - successful Login
2020-06-18 16:48:12 INFO  TestBase:52 - Test name: TokiyomasterTest
2020-06-18 16:48:15 INFO  TestBase:66 - Executed test case name:TokiyomasterTest Execution Results : [TestResult name=TokiyomasterTest status=SUCCESS method=EmployeeTest.TokiyomasterTest(java.lang.String, java.lang.String, java.lang.String, java.lang.String, java.lang.String)[pri:2, instance:com.test.qa.employee.EmployeeTest@7f13d6e] output={null}]
2020-06-18 16:48:15 INFO  TestBase:57 - Closing Browser
2020-06-18 16:48:15 INFO  TestBase:61 - Browser Closed
2020-06-18 16:48:15 INFO  TestBase:27 - Initiate Browser
2020-06-18 16:48:29 INFO  TestBase:34 - Browser Initiated
2020-06-18 16:48:29 INFO  TestBase:39 - successful Login
2020-06-18 16:48:29 INFO  TestBase:52 - Test name: TokiyomasterTest
2020-06-18 16:48:32 INFO  TestBase:66 - Executed test case name:TokiyomasterTest Execution Results : [TestResult name=TokiyomasterTest status=FAILURE method=EmployeeTest.TokiyomasterTest(java.lang.String, java.lang.String, java.lang.String, java.lang.String, java.lang.String)[pri:2, instance:com.test.qa.employee.EmployeeTest@7f13d6e] output={null}]
2020-06-18 16:48:32 INFO  TestBase:57 - Closing Browser
2020-06-18 16:48:32 INFO  TestBase:61 - Browser Closed
2020-06-18 17:19:43 INFO  EmployeeData:21 - row = 4 columns = 5
2020-06-18 17:19:43 INFO  TestBase:27 - Initiate Browser
2020-06-18 17:20:08 INFO  TestBase:34 - Browser Initiated
2020-06-18 17:20:09 INFO  TestBase:39 - successful Login
2020-06-18 17:20:09 INFO  TestBase:52 - Test name: TokiyomasterTest
2020-06-18 17:20:19 INFO  TestBase:66 - Executed test case name:TokiyomasterTest Execution Results : [TestResult name=TokiyomasterTest status=SUCCESS method=EmployeeTest.TokiyomasterTest(java.lang.String, java.lang.String, java.lang.String, java.lang.String, java.lang.String)[pri:2, instance:com.test.qa.employee.EmployeeTest@3fd7a715] output={null}]
2020-06-18 17:20:19 INFO  TestBase:57 - Closing Browser
2020-06-18 17:20:19 INFO  TestBase:61 - Browser Closed
2020-06-18 17:20:19 INFO  TestBase:27 - Initiate Browser
2020-06-18 17:20:36 INFO  TestBase:52 - Test name: TokiyomasterTest
2020-06-18 17:20:36 INFO  TestBase:66 - Executed test case name:TokiyomasterTest Execution Results : [TestResult name={null} status=CREATED method=EmployeeTest.TokiyomasterTest(java.lang.String, java.lang.String, java.lang.String, java.lang.String, java.lang.String)[pri:2, instance:com.test.qa.employee.EmployeeTest@3fd7a715] output={null}]
2020-06-18 17:20:36 INFO  TestBase:57 - Closing Browser
2020-06-18 17:20:36 INFO  TestBase:61 - Browser Closed
2020-06-18 17:20:36 INFO  TestBase:27 - Initiate Browser
2020-06-19 09:28:19 INFO  EmployeeData:21 - row = 4 columns = 5
2020-06-19 09:28:19 INFO  TestBase:27 - Initiate Browser
2020-06-19 09:28:36 INFO  TestBase:34 - Browser Initiated
2020-06-19 09:28:37 INFO  TestBase:39 - successful Login
2020-06-19 09:28:37 INFO  TestBase:52 - Test name: TokiyomasterTest
2020-06-19 09:28:48 INFO  TestBase:80 - Executed test case name:TokiyomasterTest Execution Results : [TestResult name=TokiyomasterTest status=FAILURE method=EmployeeTest.TokiyomasterTest(java.lang.String, java.lang.String, java.lang.String, java.lang.String, java.lang.String)[pri:2, instance:com.test.qa.employee.EmployeeTest@3fd7a715] output={null}]
2020-06-19 09:28:48 INFO  TestBase:57 - Closing Browser
2020-06-19 10:29:00 INFO  EmployeeData:21 - row = 4 columns = 7
2020-06-19 10:29:01 INFO  TestBase:27 - Initiate Browser
2020-06-19 10:29:15 INFO  TestBase:34 - Browser Initiated
2020-06-19 10:29:16 INFO  TestBase:39 - successful Login
2020-06-19 10:29:16 INFO  TestBase:52 - Test name: TokiyomasterTest
2020-06-19 10:29:24 INFO  TestBase:80 - Executed test case name:TokiyomasterTest Execution Results : [TestResult name=TokiyomasterTest status=FAILURE method=EmployeeTest.TokiyomasterTest(java.lang.String, java.lang.String, java.lang.String, java.lang.String, java.lang.String, java.lang.String, java.lang.String)[pri:2, instance:com.test.qa.employee.EmployeeTest@7f13d6e] output={null}]
2020-06-19 10:29:24 INFO  TestBase:57 - Closing Browser
2020-06-19 10:29:29 INFO  TestBase:75 - Browser Closed
2020-06-19 10:29:29 INFO  TestBase:27 - Initiate Browser
2020-06-19 10:29:43 INFO  TestBase:34 - Browser Initiated
2020-06-19 10:29:44 INFO  TestBase:39 - successful Login
2020-06-19 10:29:44 INFO  TestBase:52 - Test name: TokiyomasterTest
2020-06-19 10:29:55 INFO  TestBase:80 - Executed test case name:TokiyomasterTest Execution Results : [TestResult name=TokiyomasterTest status=SUCCESS method=EmployeeTest.TokiyomasterTest(java.lang.String, java.lang.String, java.lang.String, java.lang.String, java.lang.String, java.lang.String, java.lang.String)[pri:2, instance:com.test.qa.employee.EmployeeTest@7f13d6e] output={null}]
2020-06-19 10:29:55 INFO  TestBase:57 - Closing Browser
2020-06-19 10:30:00 INFO  TestBase:75 - Browser Closed
2020-06-19 10:30:00 INFO  TestBase:27 - Initiate Browser
2020-06-19 10:30:15 INFO  TestBase:34 - Browser Initiated
2020-06-19 10:30:16 INFO  TestBase:39 - successful Login
2020-06-19 10:30:16 INFO  TestBase:52 - Test name: TokiyomasterTest
2020-06-19 10:30:23 INFO  TestBase:80 - Executed test case name:TokiyomasterTest Execution Results : [TestResult name=TokiyomasterTest status=SUCCESS method=EmployeeTest.TokiyomasterTest(java.lang.String, java.lang.String, java.lang.String, java.lang.String, java.lang.String, java.lang.String, java.lang.String)[pri:2, instance:com.test.qa.employee.EmployeeTest@7f13d6e] output={null}]
2020-06-19 10:30:23 INFO  TestBase:57 - Closing Browser
2020-06-19 10:30:28 INFO  TestBase:75 - Browser Closed
2020-06-19 10:30:28 INFO  TestBase:27 - Initiate Browser
2020-06-19 10:30:41 INFO  TestBase:34 - Browser Initiated
2020-06-19 10:30:41 INFO  TestBase:39 - successful Login
2020-06-19 10:30:42 INFO  TestBase:52 - Test name: TokiyomasterTest
2020-06-19 10:30:50 INFO  TestBase:80 - Executed test case name:TokiyomasterTest Execution Results : [TestResult name=TokiyomasterTest status=FAILURE method=EmployeeTest.TokiyomasterTest(java.lang.String, java.lang.String, java.lang.String, java.lang.String, java.lang.String, java.lang.String, java.lang.String)[pri:2, instance:com.test.qa.employee.EmployeeTest@7f13d6e] output={null}]
2020-06-19 10:30:50 INFO  TestBase:57 - Closing Browser
2020-06-19 10:30:54 INFO  TestBase:75 - Browser Closed
2020-06-19 10:33:27 INFO  EmployeeData:21 - row = 4 columns = 7
2020-06-19 10:33:27 INFO  TestBase:27 - Initiate Browser
2020-06-19 10:33:41 INFO  TestBase:34 - Browser Initiated
2020-06-19 10:33:42 INFO  TestBase:39 - successful Login
2020-06-19 10:33:42 INFO  TestBase:52 - Test name: TokiyomasterTest
2020-06-19 10:33:56 INFO  TestBase:80 - Executed test case name:TokiyomasterTest Execution Results : [TestResult name=TokiyomasterTest status=SUCCESS method=EmployeeTest.TokiyomasterTest(java.lang.String, java.lang.String, java.lang.String, java.lang.String, java.lang.String, java.lang.String, java.lang.String)[pri:2, instance:com.test.qa.employee.EmployeeTest@7f13d6e] output={null}]
2020-06-19 10:33:56 INFO  TestBase:57 - Closing Browser
2020-06-19 10:34:01 INFO  TestBase:75 - Browser Closed
2020-06-19 10:34:01 INFO  TestBase:27 - Initiate Browser
2020-06-19 10:34:14 INFO  TestBase:34 - Browser Initiated
2020-06-19 10:34:15 INFO  TestBase:39 - successful Login
2020-06-19 10:34:15 INFO  TestBase:52 - Test name: TokiyomasterTest
2020-06-19 10:34:30 INFO  TestBase:80 - Executed test case name:TokiyomasterTest Execution Results : [TestResult name=TokiyomasterTest status=SUCCESS method=EmployeeTest.TokiyomasterTest(java.lang.String, java.lang.String, java.lang.String, java.lang.String, java.lang.String, java.lang.String, java.lang.String)[pri:2, instance:com.test.qa.employee.EmployeeTest@7f13d6e] output={null}]
2020-06-19 10:34:30 INFO  TestBase:57 - Closing Browser
2020-06-19 10:34:35 INFO  TestBase:75 - Browser Closed
2020-06-19 10:34:35 INFO  TestBase:27 - Initiate Browser
2020-06-19 10:34:50 INFO  TestBase:34 - Browser Initiated
2020-06-19 10:34:51 INFO  TestBase:39 - successful Login
2020-06-19 10:34:51 INFO  TestBase:52 - Test name: TokiyomasterTest
2020-06-19 10:35:03 INFO  TestBase:80 - Executed test case name:TokiyomasterTest Execution Results : [TestResult name=TokiyomasterTest status=SUCCESS method=EmployeeTest.TokiyomasterTest(java.lang.String, java.lang.String, java.lang.String, java.lang.String, java.lang.String, java.lang.String, java.lang.String)[pri:2, instance:com.test.qa.employee.EmployeeTest@7f13d6e] output={null}]
2020-06-19 10:35:03 INFO  TestBase:57 - Closing Browser
2020-06-19 10:35:08 INFO  TestBase:75 - Browser Closed
2020-06-19 10:35:08 INFO  TestBase:27 - Initiate Browser
2020-06-19 10:35:23 INFO  TestBase:34 - Browser Initiated
2020-06-19 10:35:24 INFO  TestBase:39 - successful Login
2020-06-19 10:35:24 INFO  TestBase:52 - Test name: TokiyomasterTest
2020-06-19 10:35:37 INFO  TestBase:80 - Executed test case name:TokiyomasterTest Execution Results : [TestResult name=TokiyomasterTest status=SUCCESS method=EmployeeTest.TokiyomasterTest(java.lang.String, java.lang.String, java.lang.String, java.lang.String, java.lang.String, java.lang.String, java.lang.String)[pri:2, instance:com.test.qa.employee.EmployeeTest@7f13d6e] output={null}]
2020-06-19 10:35:37 INFO  TestBase:57 - Closing Browser
2020-06-19 10:35:42 INFO  TestBase:75 - Browser Closed
2020-06-19 10:37:28 INFO  EmployeeData:21 - row = 4 columns = 7
2020-06-19 10:37:28 INFO  TestBase:27 - Initiate Browser
2020-06-19 10:37:44 INFO  TestBase:34 - Browser Initiated
2020-06-19 10:37:45 INFO  TestBase:39 - successful Login
2020-06-19 10:37:45 INFO  TestBase:52 - Test name: TokiyomasterTest
2020-06-19 10:37:52 INFO  TestBase:80 - Executed test case name:TokiyomasterTest Execution Results : [TestResult name=TokiyomasterTest status=SUCCESS method=EmployeeTest.TokiyomasterTest(java.lang.String, java.lang.String, java.lang.String, java.lang.String, java.lang.String, java.lang.String, java.lang.String)[pri:2, instance:com.test.qa.employee.EmployeeTest@7f13d6e] output={null}]
2020-06-19 10:37:52 INFO  TestBase:57 - Closing Browser
2020-06-19 10:37:57 INFO  TestBase:75 - Browser Closed
2020-06-19 10:37:57 INFO  TestBase:27 - Initiate Browser
2020-06-19 10:38:11 INFO  TestBase:34 - Browser Initiated
2020-06-19 10:38:11 INFO  TestBase:39 - successful Login
2020-06-19 10:38:11 INFO  TestBase:52 - Test name: TokiyomasterTest
2020-06-19 10:38:18 INFO  TestBase:80 - Executed test case name:TokiyomasterTest Execution Results : [TestResult name=TokiyomasterTest status=SUCCESS method=EmployeeTest.TokiyomasterTest(java.lang.String, java.lang.String, java.lang.String, java.lang.String, java.lang.String, java.lang.String, java.lang.String)[pri:2, instance:com.test.qa.employee.EmployeeTest@7f13d6e] output={null}]
2020-06-19 10:38:18 INFO  TestBase:57 - Closing Browser
2020-06-19 10:38:23 INFO  TestBase:75 - Browser Closed
2020-06-19 10:38:23 INFO  TestBase:27 - Initiate Browser
2020-06-19 10:38:36 INFO  TestBase:34 - Browser Initiated
2020-06-19 10:38:37 INFO  TestBase:39 - successful Login
2020-06-19 10:38:37 INFO  TestBase:52 - Test name: TokiyomasterTest
2020-06-19 10:38:47 INFO  TestBase:80 - Executed test case name:TokiyomasterTest Execution Results : [TestResult name=TokiyomasterTest status=SUCCESS method=EmployeeTest.TokiyomasterTest(java.lang.String, java.lang.String, java.lang.String, java.lang.String, java.lang.String, java.lang.String, java.lang.String)[pri:2, instance:com.test.qa.employee.EmployeeTest@7f13d6e] output={null}]
2020-06-19 10:38:47 INFO  TestBase:57 - Closing Browser
2020-06-19 10:38:52 INFO  TestBase:75 - Browser Closed
2020-06-19 10:38:52 INFO  TestBase:27 - Initiate Browser
2020-06-19 10:39:05 INFO  TestBase:34 - Browser Initiated
2020-06-19 10:39:06 INFO  TestBase:39 - successful Login
2020-06-19 10:39:06 INFO  TestBase:52 - Test name: TokiyomasterTest
2020-06-19 10:39:18 INFO  TestBase:80 - Executed test case name:TokiyomasterTest Execution Results : [TestResult name=TokiyomasterTest status=SUCCESS method=EmployeeTest.TokiyomasterTest(java.lang.String, java.lang.String, java.lang.String, java.lang.String, java.lang.String, java.lang.String, java.lang.String)[pri:2, instance:com.test.qa.employee.EmployeeTest@7f13d6e] output={null}]
2020-06-19 10:39:18 INFO  TestBase:57 - Closing Browser
2020-06-19 10:39:23 INFO  TestBase:75 - Browser Closed
2020-06-19 10:44:27 INFO  EmployeeData:21 - row = 4 columns = 7
2020-06-19 10:44:28 INFO  TestBase:27 - Initiate Browser
2020-06-19 10:44:44 INFO  TestBase:34 - Browser Initiated
2020-06-19 10:44:44 INFO  TestBase:39 - successful Login
2020-06-19 10:44:44 INFO  TestBase:52 - Test name: TokiyomasterTest
2020-06-19 10:45:02 INFO  TestBase:80 - Executed test case name:TokiyomasterTest Execution Results : [TestResult name=TokiyomasterTest status=SUCCESS method=EmployeeTest.TokiyomasterTest(java.lang.String, java.lang.String, java.lang.String, java.lang.String, java.lang.String, java.lang.String, java.lang.String)[pri:2, instance:com.test.qa.employee.EmployeeTest@7f13d6e] output={null}]
2020-06-19 10:45:02 INFO  TestBase:57 - Closing Browser
2020-06-19 10:45:07 INFO  TestBase:75 - Browser Closed
2020-06-19 10:45:07 INFO  TestBase:27 - Initiate Browser
2020-06-19 10:45:20 INFO  TestBase:34 - Browser Initiated
2020-06-19 10:45:21 INFO  TestBase:39 - successful Login
2020-06-19 10:45:21 INFO  TestBase:52 - Test name: TokiyomasterTest
2020-06-19 10:45:30 INFO  TestBase:80 - Executed test case name:TokiyomasterTest Execution Results : [TestResult name=TokiyomasterTest status=SUCCESS method=EmployeeTest.TokiyomasterTest(java.lang.String, java.lang.String, java.lang.String, java.lang.String, java.lang.String, java.lang.String, java.lang.String)[pri:2, instance:com.test.qa.employee.EmployeeTest@7f13d6e] output={null}]
2020-06-19 10:45:30 INFO  TestBase:57 - Closing Browser
2020-06-19 10:45:35 INFO  TestBase:75 - Browser Closed
2020-06-19 10:45:35 INFO  TestBase:27 - Initiate Browser
2020-06-19 10:45:50 INFO  TestBase:34 - Browser Initiated
2020-06-19 10:45:51 INFO  TestBase:39 - successful Login
2020-06-19 10:45:51 INFO  TestBase:52 - Test name: TokiyomasterTest
2020-06-19 10:46:09 INFO  TestBase:80 - Executed test case name:TokiyomasterTest Execution Results : [TestResult name=TokiyomasterTest status=SUCCESS method=EmployeeTest.TokiyomasterTest(java.lang.String, java.lang.String, java.lang.String, java.lang.String, java.lang.String, java.lang.String, java.lang.String)[pri:2, instance:com.test.qa.employee.EmployeeTest@7f13d6e] output={null}]
2020-06-19 10:46:09 INFO  TestBase:57 - Closing Browser
2020-06-19 10:46:14 INFO  TestBase:75 - Browser Closed
2020-06-19 10:46:14 INFO  TestBase:27 - Initiate Browser
2020-06-19 10:46:27 INFO  TestBase:34 - Browser Initiated
2020-06-19 10:46:28 INFO  TestBase:39 - successful Login
2020-06-19 10:46:28 INFO  TestBase:52 - Test name: TokiyomasterTest
2020-06-19 10:46:34 INFO  TestBase:80 - Executed test case name:TokiyomasterTest Execution Results : [TestResult name=TokiyomasterTest status=SUCCESS method=EmployeeTest.TokiyomasterTest(java.lang.String, java.lang.String, java.lang.String, java.lang.String, java.lang.String, java.lang.String, java.lang.String)[pri:2, instance:com.test.qa.employee.EmployeeTest@7f13d6e] output={null}]
2020-06-19 10:46:34 INFO  TestBase:57 - Closing Browser
2020-06-19 10:46:39 INFO  TestBase:75 - Browser Closed
2020-06-19 11:09:18 INFO  EmployeeData:21 - row = 4 columns = 7
2020-06-19 11:09:19 INFO  TestBase:27 - Initiate Browser
2020-06-19 11:09:35 INFO  TestBase:34 - Browser Initiated
2020-06-19 11:09:36 INFO  TestBase:39 - successful Login
2020-06-19 11:09:36 INFO  TestBase:52 - Test name: TokiyomasterTest
2020-06-19 11:09:44 INFO  TestBase:80 - Executed test case name:TokiyomasterTest Execution Results : [TestResult name=TokiyomasterTest status=FAILURE method=EmployeeTest.TokiyomasterTest(java.lang.String, java.lang.String, java.lang.String, java.lang.String, java.lang.String, java.lang.String, java.lang.String)[pri:2, instance:com.test.qa.employee.EmployeeTest@7f13d6e] output={null}]
2020-06-19 11:09:44 INFO  TestBase:57 - Closing Browser
2020-06-19 11:09:49 INFO  TestBase:75 - Browser Closed
2020-06-19 11:09:49 INFO  TestBase:27 - Initiate Browser
2020-06-19 11:10:02 INFO  TestBase:34 - Browser Initiated
2020-06-19 11:10:03 INFO  TestBase:39 - successful Login
2020-06-19 11:10:03 INFO  TestBase:52 - Test name: TokiyomasterTest
2020-06-19 11:10:14 INFO  TestBase:80 - Executed test case name:TokiyomasterTest Execution Results : [TestResult name=TokiyomasterTest status=FAILURE method=EmployeeTest.TokiyomasterTest(java.lang.String, java.lang.String, java.lang.String, java.lang.String, java.lang.String, java.lang.String, java.lang.String)[pri:2, instance:com.test.qa.employee.EmployeeTest@7f13d6e] output={null}]
2020-06-19 11:10:14 INFO  TestBase:57 - Closing Browser
2020-06-19 11:10:19 INFO  TestBase:75 - Browser Closed
2020-06-19 11:10:19 INFO  TestBase:27 - Initiate Browser
2020-06-19 11:10:34 INFO  TestBase:34 - Browser Initiated
2020-06-19 11:10:35 INFO  TestBase:39 - successful Login
2020-06-19 11:10:35 INFO  TestBase:52 - Test name: TokiyomasterTest
2020-06-19 11:10:47 INFO  TestBase:80 - Executed test case name:TokiyomasterTest Execution Results : [TestResult name=TokiyomasterTest status=FAILURE method=EmployeeTest.TokiyomasterTest(java.lang.String, java.lang.String, java.lang.String, java.lang.String, java.lang.String, java.lang.String, java.lang.String)[pri:2, instance:com.test.qa.employee.EmployeeTest@7f13d6e] output={null}]
2020-06-19 11:10:47 INFO  TestBase:57 - Closing Browser
2020-06-19 11:10:51 INFO  TestBase:75 - Browser Closed
2020-06-19 11:10:51 INFO  TestBase:27 - Initiate Browser
2020-06-19 11:11:04 INFO  TestBase:34 - Browser Initiated
2020-06-19 11:11:05 INFO  TestBase:39 - successful Login
2020-06-19 11:11:05 INFO  TestBase:52 - Test name: TokiyomasterTest
2020-06-19 11:11:12 INFO  TestBase:80 - Executed test case name:TokiyomasterTest Execution Results : [TestResult name=TokiyomasterTest status=FAILURE method=EmployeeTest.TokiyomasterTest(java.lang.String, java.lang.String, java.lang.String, java.lang.String, java.lang.String, java.lang.String, java.lang.String)[pri:2, instance:com.test.qa.employee.EmployeeTest@7f13d6e] output={null}]
2020-06-19 11:11:12 INFO  TestBase:57 - Closing Browser
2020-06-19 11:11:17 INFO  TestBase:75 - Browser Closed
2020-06-19 11:14:12 INFO  EmployeeData:21 - row = 4 columns = 7
2020-06-19 11:14:12 INFO  TestBase:27 - Initiate Browser
2020-06-19 11:14:31 INFO  TestBase:34 - Browser Initiated
2020-06-19 11:14:32 INFO  TestBase:39 - successful Login
2020-06-19 11:14:32 INFO  TestBase:52 - Test name: TokiyomasterTest
2020-06-19 11:14:45 INFO  TestBase:80 - Executed test case name:TokiyomasterTest Execution Results : [TestResult name=TokiyomasterTest status=SUCCESS method=EmployeeTest.TokiyomasterTest(java.lang.String, java.lang.String, java.lang.String, java.lang.String, java.lang.String, java.lang.String, java.lang.String)[pri:2, instance:com.test.qa.employee.EmployeeTest@711f39f9] output={null}]
2020-06-19 11:14:45 INFO  TestBase:57 - Closing Browser
2020-06-19 11:14:50 INFO  TestBase:75 - Browser Closed
2020-06-19 11:14:50 INFO  TestBase:27 - Initiate Browser
2020-06-19 11:15:05 INFO  TestBase:34 - Browser Initiated
2020-06-19 11:15:06 INFO  TestBase:39 - successful Login
2020-06-19 11:15:06 INFO  TestBase:52 - Test name: TokiyomasterTest
2020-06-19 11:15:13 INFO  TestBase:80 - Executed test case name:TokiyomasterTest Execution Results : [TestResult name=TokiyomasterTest status=SUCCESS method=EmployeeTest.TokiyomasterTest(java.lang.String, java.lang.String, java.lang.String, java.lang.String, java.lang.String, java.lang.String, java.lang.String)[pri:2, instance:com.test.qa.employee.EmployeeTest@711f39f9] output={null}]
2020-06-19 11:15:13 INFO  TestBase:57 - Closing Browser
2020-06-19 11:15:18 INFO  TestBase:75 - Browser Closed
2020-06-19 11:15:18 INFO  TestBase:27 - Initiate Browser
2020-06-19 11:15:31 INFO  TestBase:34 - Browser Initiated
2020-06-19 11:15:31 INFO  TestBase:39 - successful Login
2020-06-19 11:15:31 INFO  TestBase:52 - Test name: TokiyomasterTest
2020-06-19 11:15:47 INFO  TestBase:80 - Executed test case name:TokiyomasterTest Execution Results : [TestResult name=TokiyomasterTest status=SUCCESS method=EmployeeTest.TokiyomasterTest(java.lang.String, java.lang.String, java.lang.String, java.lang.String, java.lang.String, java.lang.String, java.lang.String)[pri:2, instance:com.test.qa.employee.EmployeeTest@711f39f9] output={null}]
2020-06-19 11:15:47 INFO  TestBase:57 - Closing Browser
2020-06-19 11:15:52 INFO  TestBase:75 - Browser Closed
2020-06-19 11:15:52 INFO  TestBase:27 - Initiate Browser
2020-06-19 14:33:20 INFO  EmployeeData:21 - row = 4 columns = 7
2020-06-19 14:33:20 INFO  TestBase:27 - Initiate Browser
2020-06-19 14:33:38 INFO  TestBase:34 - Browser Initiated
2020-06-19 14:33:39 INFO  TestBase:39 - successful Login
2020-06-19 14:33:39 INFO  TestBase:52 - Test name: TokiyomasterTest
2020-06-19 14:33:45 INFO  TestBase:80 - Executed test case name:TokiyomasterTest Execution Results : [TestResult name=TokiyomasterTest status=SUCCESS method=EmployeeTest.TokiyomasterTest(java.lang.String, java.lang.String, java.lang.String, java.lang.String, java.lang.String, java.lang.String, java.lang.String)[pri:2, instance:com.test.qa.employee.EmployeeTest@51cdd8a] output={null}]
2020-06-19 14:33:45 INFO  TestBase:57 - Closing Browser
2020-06-19 14:33:50 INFO  TestBase:75 - Browser Closed
2020-06-19 14:33:50 INFO  TestBase:27 - Initiate Browser
2020-06-19 14:34:03 INFO  TestBase:34 - Browser Initiated
2020-06-19 14:34:04 INFO  TestBase:39 - successful Login
2020-06-19 14:34:04 INFO  TestBase:52 - Test name: TokiyomasterTest
2020-06-19 14:34:11 INFO  TestBase:80 - Executed test case name:TokiyomasterTest Execution Results : [TestResult name=TokiyomasterTest status=SUCCESS method=EmployeeTest.TokiyomasterTest(java.lang.String, java.lang.String, java.lang.String, java.lang.String, java.lang.String, java.lang.String, java.lang.String)[pri:2, instance:com.test.qa.employee.EmployeeTest@51cdd8a] output={null}]
2020-06-19 14:34:11 INFO  TestBase:57 - Closing Browser
>>>>>>> d2842f212b217d8c7c24aa6b68ae8e9e3f72332e
=======
2020-06-16 12:54:06 INFO  TestBase:27 - Initiate Browser
2020-06-16 12:54:30 INFO  TestBase:52 - Test name: HrmLoginTest
2020-06-16 12:54:30 INFO  TestBase:72 - Executed test case name:HrmLoginTest Execution Results : [TestResult name={null} status=CREATED method=ConcreteMixTest.HrmLoginTest()[pri:1, instance:com.test.qa.test.concreeteMixTest.ConcreteMixTest@5a1c0542] output={null}]
2020-06-16 12:54:30 INFO  TestBase:57 - Closing Browser
2020-06-16 12:54:46 INFO  TestBase:27 - Initiate Browser
2020-06-16 12:54:51 INFO  TestBase:34 - Browser Initiated
2020-06-16 12:54:52 INFO  TestBase:39 - successful Login
2020-06-16 12:54:52 INFO  TestBase:52 - Test name: HrmLoginTest
2020-06-16 12:56:10 INFO  TestBase:27 - Initiate Browser
2020-06-16 12:56:16 INFO  TestBase:34 - Browser Initiated
2020-06-16 12:56:16 INFO  TestBase:39 - successful Login
2020-06-16 12:56:16 INFO  TestBase:52 - Test name: HrmLoginTest
2020-06-16 12:56:26 INFO  TestBase:72 - Executed test case name:HrmLoginTest Execution Results : [TestResult name=HrmLoginTest status=FAILURE method=ConcreteMixTest.HrmLoginTest()[pri:1, instance:com.test.qa.test.concreeteMixTest.ConcreteMixTest@5a1c0542] output={null}]
2020-06-16 12:56:26 INFO  TestBase:57 - Closing Browser
2020-06-16 12:56:27 INFO  TestBase:67 - Browser Closed
2020-06-16 12:59:51 INFO  TestBase:27 - Initiate Browser
2020-06-16 12:59:56 INFO  TestBase:34 - Browser Initiated
2020-06-16 12:59:56 INFO  TestBase:39 - successful Login
2020-06-16 12:59:56 INFO  TestBase:52 - Test name: HrmLoginTest
2020-06-16 13:00:01 INFO  TestBase:72 - Executed test case name:HrmLoginTest Execution Results : [TestResult name=HrmLoginTest status=FAILURE method=ConcreteMixTest.HrmLoginTest()[pri:1, instance:com.test.qa.test.concreeteMixTest.ConcreteMixTest@5a1c0542] output={null}]
2020-06-16 13:00:01 INFO  TestBase:57 - Closing Browser
2020-06-16 13:00:02 INFO  TestBase:67 - Browser Closed
2020-06-16 13:05:01 INFO  TestBase:27 - Initiate Browser
2020-06-16 13:05:06 INFO  TestBase:34 - Browser Initiated
2020-06-16 13:05:06 INFO  TestBase:39 - successful Login
2020-06-16 13:05:06 INFO  TestBase:52 - Test name: HrmLoginTest
2020-06-16 13:05:11 INFO  TestBase:72 - Executed test case name:HrmLoginTest Execution Results : [TestResult name=HrmLoginTest status=FAILURE method=ConcreteMixTest.HrmLoginTest()[pri:1, instance:com.test.qa.test.concreeteMixTest.ConcreteMixTest@5a1c0542] output={null}]
2020-06-16 13:05:11 INFO  TestBase:57 - Closing Browser
2020-06-16 13:05:12 INFO  TestBase:67 - Browser Closed
2020-06-16 13:07:32 INFO  TestBase:27 - Initiate Browser
2020-06-16 13:07:37 INFO  TestBase:34 - Browser Initiated
2020-06-16 13:07:37 INFO  TestBase:39 - successful Login
2020-06-16 13:07:37 INFO  TestBase:52 - Test name: HrmLoginTest
2020-06-16 13:57:47 INFO  TestBase:72 - Executed test case name:HrmLoginTest Execution Results : [TestResult name=HrmLoginTest status=FAILURE method=ConcreteMixTest.HrmLoginTest()[pri:1, instance:com.test.qa.test.concreeteMixTest.ConcreteMixTest@6895a785] output={null}]
2020-06-16 13:57:47 INFO  TestBase:57 - Closing Browser
2020-06-16 13:57:48 INFO  TestBase:67 - Browser Closed
2020-06-16 13:58:05 INFO  TestBase:27 - Initiate Browser
2020-06-16 13:58:10 INFO  TestBase:34 - Browser Initiated
2020-06-16 13:58:10 INFO  TestBase:39 - successful Login
2020-06-16 13:58:10 INFO  TestBase:52 - Test name: HrmLoginTest
2020-06-16 15:03:00 INFO  TestBase:27 - Initiate Browser
2020-06-16 15:03:09 INFO  TestBase:34 - Browser Initiated
2020-06-16 15:03:09 INFO  TestBase:39 - successful Login
2020-06-16 15:03:09 INFO  TestBase:52 - Test name: HrmLoginTest
2020-06-16 15:19:04 INFO  TestBase:72 - Executed test case name:HrmLoginTest Execution Results : [TestResult name=HrmLoginTest status=SUCCESS method=ConcreteMixTest.HrmLoginTest()[pri:1, instance:com.test.qa.test.concreeteMixTest.ConcreteMixTest@5a1c0542] output={null}]
2020-06-16 15:19:04 INFO  TestBase:57 - Closing Browser
2020-06-16 15:19:05 INFO  TestBase:67 - Browser Closed
>>>>>>> tokyo-001
2020-06-22 16:56:33 INFO  TestBase:27 - Initiate Browser
2020-06-22 16:56:48 INFO  TestBase:34 - Browser Initiated
2020-06-22 16:56:48 INFO  TestBase:39 - successful Login
2020-06-22 16:56:48 INFO  TestBase:51 - Test name: PlantSmokeTest
2020-06-22 16:56:54 INFO  TestBase:65 - Executed test case name:PlantSmokeTest Execution Results : [TestResult name=PlantSmokeTest status=SUCCESS method=PlantTest.PlantSmokeTest()[pri:1, instance:com.test.qa.plant.PlantTest@64d7f7e0] output={null}]
2020-06-22 16:56:54 INFO  TestBase:56 - Closing Browser
2020-06-22 16:56:56 INFO  TestBase:60 - Browser Closed
2020-06-22 16:56:56 INFO  TestBase:27 - Initiate Browser
2020-06-22 16:57:09 INFO  TestBase:34 - Browser Initiated
2020-06-22 16:57:10 INFO  TestBase:39 - successful Login
2020-06-22 16:57:10 INFO  TestBase:51 - Test name: ConcreteMixSmokeTest
2020-06-22 16:57:14 INFO  TestBase:65 - Executed test case name:ConcreteMixSmokeTest Execution Results : [TestResult name=ConcreteMixSmokeTest status=SUCCESS method=ConcreteMixTest.ConcreteMixSmokeTest()[pri:1, instance:com.test.qa.test.concreeteMixTest.ConcreteMixTest@28c4711c] output={null}]
2020-06-22 16:57:14 INFO  TestBase:56 - Closing Browser
2020-06-22 16:57:16 INFO  TestBase:60 - Browser Closed
2020-06-22 16:57:16 INFO  TestBase:27 - Initiate Browser
2020-06-22 16:57:30 INFO  TestBase:34 - Browser Initiated
2020-06-22 16:57:30 INFO  TestBase:39 - successful Login
2020-06-22 16:57:30 INFO  TestBase:51 - Test name: DesignationSmokeTest
2020-06-22 16:57:33 INFO  TestBase:65 - Executed test case name:DesignationSmokeTest Execution Results : [TestResult name=DesignationSmokeTest status=SUCCESS method=DesignationTest.DesignationSmokeTest()[pri:1, instance:com.test.qa.Designation.DesignationTest@59717824] output={null}]
2020-06-22 16:57:33 INFO  TestBase:56 - Closing Browser
2020-06-22 16:57:36 INFO  TestBase:60 - Browser Closed
2020-06-22 16:57:36 INFO  TestBase:27 - Initiate Browser
2020-06-22 16:57:50 INFO  TestBase:34 - Browser Initiated
2020-06-22 16:57:50 INFO  TestBase:39 - successful Login
2020-06-22 16:57:50 INFO  TestBase:51 - Test name: employeeSmokeTest
2020-06-22 16:57:57 INFO  TestBase:65 - Executed test case name:employeeSmokeTest Execution Results : [TestResult name=employeeSmokeTest status=SUCCESS method=EmployeeTest.employeeSmokeTest()[pri:1, instance:com.test.qa.employee.EmployeeTest@146044d7] output={null}]
2020-06-22 16:57:57 INFO  TestBase:56 - Closing Browser
2020-06-22 16:57:59 INFO  TestBase:60 - Browser Closed
2020-06-22 16:57:59 INFO  TestBase:27 - Initiate Browser
2020-06-22 16:58:12 INFO  TestBase:34 - Browser Initiated
2020-06-22 16:58:13 INFO  TestBase:39 - successful Login
2020-06-22 16:58:13 INFO  TestBase:51 - Test name: SupplierCatecorySmokeTest
2020-06-22 16:58:17 INFO  TestBase:65 - Executed test case name:SupplierCatecorySmokeTest Execution Results : [TestResult name=SupplierCatecorySmokeTest status=SUCCESS method=SupplierCatecoryTest.SupplierCatecorySmokeTest()[pri:1, instance:com.test.qa.plant.SupplierCatecoryTest@1e9e725a] output={null}]
2020-06-22 16:58:17 INFO  TestBase:56 - Closing Browser
2020-06-22 16:58:19 INFO  TestBase:60 - Browser Closed
2020-06-22 16:58:19 INFO  TestBase:27 - Initiate Browser
2020-06-22 16:58:32 INFO  TestBase:34 - Browser Initiated
2020-06-22 16:58:32 INFO  TestBase:39 - successful Login
2020-06-22 16:58:32 INFO  TestBase:51 - Test name: supplierSmoketest
2020-06-22 16:58:40 INFO  TestBase:65 - Executed test case name:supplierSmoketest Execution Results : [TestResult name=supplierSmoketest status=SUCCESS method=SupplierTest.supplierSmoketest()[pri:1, instance:com.test.qa.plant.SupplierTest@15d9bc04] output={null}]
2020-06-22 16:58:40 INFO  TestBase:56 - Closing Browser
2020-06-22 16:58:42 INFO  TestBase:60 - Browser Closed
2020-06-23 09:34:30 INFO  TestBase:27 - Initiate Browser
2020-06-23 09:34:45 INFO  TestBase:34 - Browser Initiated
2020-06-23 09:34:46 INFO  TestBase:39 - successful Login
2020-06-23 09:34:46 INFO  TestBase:51 - Test name: customerSmokeTest
2020-06-23 09:34:47 INFO  TestBase:65 - Executed test case name:customerSmokeTest Execution Results : [TestResult name=customerSmokeTest status=FAILURE method=CustomerTest.customerSmokeTest()[pri:1, instance:com.test.qa.Customer.CustomerTest@711f39f9] output={null}]
2020-06-23 09:34:47 INFO  TestBase:56 - Closing Browser
2020-06-23 09:34:50 INFO  TestBase:60 - Browser Closed
2020-06-23 09:36:06 INFO  TestBase:27 - Initiate Browser
2020-06-23 09:36:24 INFO  TestBase:34 - Browser Initiated
2020-06-23 09:36:24 INFO  TestBase:39 - successful Login
2020-06-23 09:36:24 INFO  TestBase:51 - Test name: customerSmokeTest
2020-06-23 09:36:31 INFO  TestBase:65 - Executed test case name:customerSmokeTest Execution Results : [TestResult name=customerSmokeTest status=FAILURE method=CustomerTest.customerSmokeTest()[pri:1, instance:com.test.qa.Customer.CustomerTest@711f39f9] output={null}]
2020-06-23 09:36:31 INFO  TestBase:56 - Closing Browser
2020-06-23 09:36:33 INFO  TestBase:60 - Browser Closed
2020-06-23 09:37:13 INFO  TestBase:27 - Initiate Browser
2020-06-23 09:37:27 INFO  TestBase:34 - Browser Initiated
2020-06-23 09:37:27 INFO  TestBase:51 - Test name: customerSmokeTest
2020-06-23 09:37:27 INFO  TestBase:65 - Executed test case name:customerSmokeTest Execution Results : [TestResult name={null} status=CREATED method=CustomerTest.customerSmokeTest()[pri:1, instance:com.test.qa.Customer.CustomerTest@711f39f9] output={null}]
2020-06-23 09:37:27 INFO  TestBase:56 - Closing Browser
2020-06-23 09:37:29 INFO  TestBase:60 - Browser Closed
2020-06-23 09:39:07 INFO  TestBase:27 - Initiate Browser
2020-06-23 09:39:20 INFO  TestBase:34 - Browser Initiated
2020-06-23 09:39:20 INFO  TestBase:51 - Test name: customerSmokeTest
2020-06-23 09:39:20 INFO  TestBase:65 - Executed test case name:customerSmokeTest Execution Results : [TestResult name={null} status=CREATED method=CustomerTest.customerSmokeTest()[pri:1, instance:com.test.qa.Customer.CustomerTest@26aa12dd] output={null}]
2020-06-23 09:39:20 INFO  TestBase:56 - Closing Browser
2020-06-23 09:39:22 INFO  TestBase:60 - Browser Closed
2020-06-23 09:43:22 INFO  TestBase:27 - Initiate Browser
2020-06-23 09:43:36 INFO  TestBase:34 - Browser Initiated
2020-06-23 09:45:44 INFO  TestBase:27 - Initiate Browser
2020-06-23 09:45:57 INFO  TestBase:34 - Browser Initiated
2020-06-23 09:46:19 INFO  TestBase:51 - Test name: customerSmokeTest
2020-06-23 09:46:19 INFO  TestBase:65 - Executed test case name:customerSmokeTest Execution Results : [TestResult name={null} status=CREATED method=CustomerTest.customerSmokeTest()[pri:1, instance:com.test.qa.Customer.CustomerTest@711f39f9] output={null}]
2020-06-23 09:46:19 INFO  TestBase:56 - Closing Browser
2020-06-23 09:46:21 INFO  TestBase:60 - Browser Closed
2020-06-23 09:57:56 INFO  TestBase:27 - Initiate Browser
2020-06-23 09:58:18 INFO  TestBase:27 - Initiate Browser
2020-06-23 09:58:31 INFO  TestBase:34 - Browser Initiated
2020-06-23 10:01:02 INFO  TestBase:27 - Initiate Browser
2020-06-23 10:01:15 INFO  TestBase:34 - Browser Initiated
2020-06-23 10:01:31 INFO  TestBase:51 - Test name: customerSmokeTest
2020-06-23 10:01:31 INFO  TestBase:65 - Executed test case name:customerSmokeTest Execution Results : [TestResult name={null} status=CREATED method=CustomerTest.customerSmokeTest()[pri:1, instance:com.test.qa.Customer.CustomerTest@711f39f9] output={null}]
2020-06-23 10:01:31 INFO  TestBase:56 - Closing Browser
2020-06-23 10:01:33 INFO  TestBase:60 - Browser Closed
2020-06-23 10:01:35 INFO  TestBase:51 - Test name: RoleSmokeTest
2020-06-23 10:01:35 INFO  TestBase:65 - Executed test case name:RoleSmokeTest Execution Results : [TestResult name={null} status=CREATED method=RoleTest.RoleSmokeTest()[pri:1, instance:com.test.qa.Role.RoleTest@23faf8f2] output={null}]
2020-06-23 10:01:35 INFO  TestBase:56 - Closing Browser
2020-06-23 10:01:36 INFO  TestBase:60 - Browser Closed
2020-06-23 10:15:00 INFO  TestBase:27 - Initiate Browser
2020-06-23 10:15:15 INFO  TestBase:34 - Browser Initiated
2020-06-23 11:07:57 INFO  PlantData:21 - row = 2 columns = 6
2020-06-23 11:07:57 INFO  TestBase:54 - Closing Browser
2020-06-23 11:07:57 INFO  TestBase:58 - Browser Closed
2020-06-23 11:09:52 INFO  TestBase:25 - Initiate Browser
2020-06-23 11:10:06 INFO  TestBase:32 - Browser Initiated
2020-06-23 13:00:23 INFO  TestBase:49 - Test name: PlantSmokeTest
2020-06-23 13:00:23 INFO  TestBase:63 - Executed test case name:PlantSmokeTest Execution Results : [TestResult name={null} status=CREATED method=PlantTest.PlantSmokeTest()[pri:1, instance:com.test.qa.plant.PlantTest@71bbf57e] output={null}]
2020-06-23 13:00:23 INFO  TestBase:54 - Closing Browser
2020-06-23 13:00:23 INFO  TestBase:58 - Browser Closed
2020-06-23 13:23:47 INFO  TestBase:25 - Initiate Browser
2020-06-23 13:24:01 INFO  TestBase:32 - Browser Initiated
2020-06-23 13:24:23 INFO  TestBase:49 - Test name: MaterialCategorySmokeTest
2020-06-23 13:24:23 INFO  TestBase:63 - Executed test case name:MaterialCategorySmokeTest Execution Results : [TestResult name={null} status=CREATED method=MaterialCategoryTest.MaterialCategorySmokeTest()[pri:1, instance:com.test.qa.category.MaterialCategoryTest@7f13d6e] output={null}]
2020-06-23 13:24:23 INFO  TestBase:54 - Closing Browser
2020-06-23 13:24:23 INFO  TestBase:58 - Browser Closed
2020-06-23 15:06:21 INFO  TestBase:25 - Initiate Browser
2020-06-23 15:06:39 INFO  TestBase:32 - Browser Initiated
2020-06-23 15:06:39 INFO  TestBase:37 - successful Login
2020-06-23 15:06:39 INFO  TestBase:49 - Test name: PlantSmokeTest
2020-06-23 15:06:46 INFO  TestBase:63 - Executed test case name:PlantSmokeTest Execution Results : [TestResult name=PlantSmokeTest status=SUCCESS method=PlantTest.PlantSmokeTest()[pri:1, instance:com.test.qa.plant.PlantTest@797badd3] output={null}]
2020-06-23 15:06:46 INFO  TestBase:25 - Initiate Browser
2020-06-23 15:07:03 INFO  TestBase:32 - Browser Initiated
2020-06-23 15:07:03 INFO  TestBase:37 - successful Login
2020-06-23 15:07:03 INFO  TestBase:49 - Test name: employeeSmokeTest
2020-06-23 15:07:13 INFO  TestBase:63 - Executed test case name:employeeSmokeTest Execution Results : [TestResult name=employeeSmokeTest status=SUCCESS method=EmployeeTest.employeeSmokeTest()[pri:1, instance:com.test.qa.employee.EmployeeTest@dd3b207] output={null}]
2020-06-23 15:07:13 INFO  TestBase:25 - Initiate Browser
2020-06-23 15:07:28 INFO  TestBase:32 - Browser Initiated
2020-06-23 15:07:29 INFO  TestBase:37 - successful Login
2020-06-23 15:07:29 INFO  TestBase:49 - Test name: ConcreteMixSmokeTest
2020-06-23 15:07:34 INFO  TestBase:63 - Executed test case name:ConcreteMixSmokeTest Execution Results : [TestResult name=ConcreteMixSmokeTest status=SUCCESS method=ConcreteMixTest.ConcreteMixSmokeTest()[pri:1, instance:com.test.qa.test.concreeteMixTest.ConcreteMixTest@23a5fd2] output={null}]
2020-06-23 15:07:34 INFO  TestBase:25 - Initiate Browser
2020-06-23 15:07:48 INFO  TestBase:32 - Browser Initiated
2020-06-23 15:07:49 INFO  TestBase:37 - successful Login
2020-06-23 15:07:49 INFO  TestBase:49 - Test name: SupplierCatecorySmokeTest
2020-06-24 09:43:20 INFO  TestBase:25 - Initiate Browser
2020-06-24 09:43:35 INFO  TestBase:32 - Browser Initiated
2020-06-24 09:43:36 INFO  TestBase:37 - successful Login
2020-06-24 09:43:36 INFO  TestBase:49 - Test name: siteProjectSmokeTest
2020-06-24 09:43:56 INFO  TestBase:63 - Executed test case name:siteProjectSmokeTest Execution Results : [TestResult name=siteProjectSmokeTest status=FAILURE method=SiteProjectTest.siteProjectSmokeTest()[pri:1, instance:com.test.qa.Site.SiteProjectTest@26aa12dd] output={null}]
2020-06-24 09:43:56 INFO  TestBase:54 - Closing Browser
2020-06-24 09:43:56 INFO  TestBase:58 - Browser Closed
2020-06-24 09:44:58 INFO  TestBase:25 - Initiate Browser
2020-06-24 09:45:12 INFO  TestBase:32 - Browser Initiated
2020-06-24 09:45:13 INFO  TestBase:37 - successful Login
2020-06-24 09:45:13 INFO  TestBase:49 - Test name: PlantSmokeTest
2020-06-24 09:45:19 INFO  TestBase:63 - Executed test case name:PlantSmokeTest Execution Results : [TestResult name=PlantSmokeTest status=SUCCESS method=PlantTest.PlantSmokeTest()[pri:1, instance:com.test.qa.plant.PlantTest@797badd3] output={null}]
2020-06-24 09:45:19 INFO  TestBase:25 - Initiate Browser
2020-06-24 09:45:33 INFO  TestBase:32 - Browser Initiated
2020-06-24 09:45:34 INFO  TestBase:37 - successful Login
2020-06-24 09:45:34 INFO  TestBase:49 - Test name: employeeSmokeTest
2020-06-24 09:45:41 INFO  TestBase:63 - Executed test case name:employeeSmokeTest Execution Results : [TestResult name=employeeSmokeTest status=SUCCESS method=EmployeeTest.employeeSmokeTest()[pri:1, instance:com.test.qa.employee.EmployeeTest@dd3b207] output={null}]
2020-06-24 09:45:41 INFO  TestBase:25 - Initiate Browser
2020-06-24 09:45:57 INFO  TestBase:32 - Browser Initiated
2020-06-24 09:45:58 INFO  TestBase:37 - successful Login
2020-06-24 09:45:58 INFO  TestBase:49 - Test name: ConcreteMixSmokeTest
2020-06-24 09:46:02 INFO  TestBase:63 - Executed test case name:ConcreteMixSmokeTest Execution Results : [TestResult name=ConcreteMixSmokeTest status=SUCCESS method=ConcreteMixTest.ConcreteMixSmokeTest()[pri:1, instance:com.test.qa.test.concreeteMixTest.ConcreteMixTest@23a5fd2] output={null}]
2020-06-24 09:46:02 INFO  TestBase:25 - Initiate Browser
2020-06-24 09:46:17 INFO  TestBase:32 - Browser Initiated
2020-06-24 09:46:18 INFO  TestBase:37 - successful Login
2020-06-24 09:46:18 INFO  TestBase:49 - Test name: SupplierCatecorySmokeTest
2020-06-24 09:50:36 INFO  TestBase:25 - Initiate Browser
2020-06-24 09:50:51 INFO  TestBase:32 - Browser Initiated
2020-06-24 09:50:52 INFO  TestBase:37 - successful Login
2020-06-24 09:50:52 INFO  TestBase:49 - Test name: RoleSmokeTest
2020-06-24 09:50:56 INFO  TestBase:63 - Executed test case name:RoleSmokeTest Execution Results : [TestResult name=RoleSmokeTest status=SUCCESS method=RoleTest.RoleSmokeTest()[pri:1, instance:com.test.qa.Role.RoleTest@71bbf57e] output={null}]
2020-06-24 09:50:56 INFO  TestBase:54 - Closing Browser
2020-06-24 09:50:56 INFO  TestBase:58 - Browser Closed
2020-06-24 09:52:47 INFO  TestBase:25 - Initiate Browser
2020-06-24 09:53:01 INFO  TestBase:32 - Browser Initiated
2020-06-24 09:53:02 INFO  TestBase:37 - successful Login
2020-06-24 09:53:02 INFO  TestBase:49 - Test name: RoleSmokeTest
2020-06-24 09:53:05 INFO  TestBase:63 - Executed test case name:RoleSmokeTest Execution Results : [TestResult name=RoleSmokeTest status=SUCCESS method=RoleTest.RoleSmokeTest()[pri:1, instance:com.test.qa.Role.RoleTest@51cdd8a] output={null}]
2020-06-24 09:53:05 INFO  TestBase:54 - Closing Browser
2020-06-24 09:53:05 INFO  TestBase:58 - Browser Closed
2020-06-24 11:09:22 INFO  TestBase:25 - Initiate Browser
2020-06-24 11:09:37 INFO  TestBase:32 - Browser Initiated
2020-06-24 11:09:38 INFO  TestBase:37 - successful Login
2020-06-24 11:09:38 INFO  TestBase:49 - Test name: PourName
2020-06-24 11:09:57 INFO  TestBase:63 - Executed test case name:PourName Execution Results : [TestResult name=PourName status=FAILURE method=SiteProjectPourTest.PourName()[pri:1, instance:com.test.qa.Site.SiteProjectPourTest@711f39f9] output={null}]
2020-06-24 11:09:58 INFO  TestBase:54 - Closing Browser
2020-06-24 11:09:58 INFO  TestBase:58 - Browser Closed
2020-06-24 11:13:14 INFO  TestBase:25 - Initiate Browser
2020-06-24 11:13:28 INFO  TestBase:32 - Browser Initiated
2020-06-24 11:13:28 INFO  TestBase:37 - successful Login
2020-06-24 11:13:28 INFO  TestBase:49 - Test name: employeeSmokeTest
2020-06-24 11:13:39 INFO  TestBase:63 - Executed test case name:employeeSmokeTest Execution Results : [TestResult name=employeeSmokeTest status=SUCCESS method=EmployeeTest.employeeSmokeTest()[pri:1, instance:com.test.qa.employee.EmployeeTest@51cdd8a] output={null}]
2020-06-24 11:13:39 INFO  TestBase:54 - Closing Browser
2020-06-24 11:13:39 INFO  TestBase:58 - Browser Closed
2020-06-24 11:14:11 INFO  TestBase:25 - Initiate Browser
2020-06-24 11:14:25 INFO  TestBase:32 - Browser Initiated
2020-06-24 11:14:26 INFO  TestBase:37 - successful Login
2020-06-24 11:14:26 INFO  TestBase:49 - Test name: StateSmokeTest
2020-06-24 11:15:52 INFO  TestBase:25 - Initiate Browser
2020-06-24 11:16:06 INFO  TestBase:32 - Browser Initiated
2020-06-24 11:16:07 INFO  TestBase:37 - successful Login
2020-06-24 11:16:07 INFO  TestBase:49 - Test name: MaterialCategorySmokeTest
2020-06-24 11:16:15 INFO  TestBase:63 - Executed test case name:MaterialCategorySmokeTest Execution Results : [TestResult name=MaterialCategorySmokeTest status=FAILURE method=MaterialCategoryTest.MaterialCategorySmokeTest()[pri:1, instance:com.test.qa.category.MaterialCategoryTest@7f13d6e] output={null}]
2020-06-24 11:16:15 INFO  TestBase:54 - Closing Browser
2020-06-24 11:16:15 INFO  TestBase:58 - Browser Closed
2020-06-24 11:16:26 INFO  TestBase:25 - Initiate Browser
2020-06-24 11:16:41 INFO  TestBase:32 - Browser Initiated
2020-06-24 11:16:41 INFO  TestBase:37 - successful Login
2020-06-24 11:16:41 INFO  TestBase:49 - Test name: employeeSmokeTest
2020-06-24 11:16:53 INFO  TestBase:63 - Executed test case name:employeeSmokeTest Execution Results : [TestResult name=employeeSmokeTest status=SUCCESS method=EmployeeTest.employeeSmokeTest()[pri:1, instance:com.test.qa.employee.EmployeeTest@51cdd8a] output={null}]
2020-06-24 11:16:53 INFO  TestBase:54 - Closing Browser
2020-06-24 11:16:53 INFO  TestBase:58 - Browser Closed
2020-06-24 11:20:10 INFO  TestBase:25 - Initiate Browser
2020-06-24 11:20:24 INFO  TestBase:32 - Browser Initiated
2020-06-24 11:20:25 INFO  TestBase:37 - successful Login
2020-06-24 11:20:25 INFO  TestBase:49 - Test name: ConcreteMixSmokeTest
2020-06-24 11:20:30 INFO  TestBase:63 - Executed test case name:ConcreteMixSmokeTest Execution Results : [TestResult name=ConcreteMixSmokeTest status=SUCCESS method=ConcreteMixTest.ConcreteMixSmokeTest()[pri:1, instance:com.test.qa.test.concreeteMixTest.ConcreteMixTest@26aa12dd] output={null}]
2020-06-24 11:20:30 INFO  TestBase:54 - Closing Browser
2020-06-24 11:20:30 INFO  TestBase:58 - Browser Closed
2020-06-24 11:20:59 INFO  TestBase:25 - Initiate Browser
2020-06-24 11:21:13 INFO  TestBase:32 - Browser Initiated
2020-06-24 11:21:14 INFO  TestBase:37 - successful Login
2020-06-24 11:21:14 INFO  TestBase:49 - Test name: MaterialCategorySmokeTest
2020-06-24 11:23:25 INFO  TestBase:25 - Initiate Browser
2020-06-24 11:23:41 INFO  TestBase:32 - Browser Initiated
2020-06-24 11:23:42 INFO  TestBase:37 - successful Login
2020-06-24 11:23:42 INFO  TestBase:49 - Test name: MaterialCategorySmokeTest
2020-06-24 11:24:13 INFO  TestBase:25 - Initiate Browser
2020-06-24 11:24:28 INFO  TestBase:32 - Browser Initiated
2020-06-24 11:24:28 INFO  TestBase:37 - successful Login
2020-06-24 11:24:28 INFO  TestBase:49 - Test name: MaterialCategorySmokeTest
2020-06-24 11:25:26 INFO  TestBase:63 - Executed test case name:MaterialCategorySmokeTest Execution Results : [TestResult name=MaterialCategorySmokeTest status=FAILURE method=MaterialCategoryTest.MaterialCategorySmokeTest()[pri:1, instance:com.test.qa.category.MaterialCategoryTest@7f13d6e] output={null}]
2020-06-24 11:25:26 INFO  TestBase:54 - Closing Browser
2020-06-24 11:25:26 INFO  TestBase:58 - Browser Closed
2020-06-24 11:25:41 INFO  TestBase:63 - Executed test case name:StateSmokeTest Execution Results : [TestResult name=StateSmokeTest status=FAILURE method=MaterialsTest.StateSmokeTest()[pri:1, instance:com.test.qa.MaterialStateTest.MaterialsTest@711f39f9] output={null}]
2020-06-24 11:25:41 INFO  TestBase:54 - Closing Browser
2020-06-24 11:25:41 INFO  TestBase:58 - Browser Closed
2020-06-25 09:08:15 INFO  TestBase:25 - Initiate Browser
2020-06-25 09:08:30 INFO  TestBase:32 - Browser Initiated
2020-06-25 09:08:30 INFO  TestBase:37 - successful Login
2020-06-25 09:08:30 INFO  TestBase:49 - Test name: employeeSmokeTest
2020-06-25 09:08:56 INFO  TestBase:63 - Executed test case name:employeeSmokeTest Execution Results : [TestResult name=employeeSmokeTest status=FAILURE method=EmployeeTest.employeeSmokeTest()[pri:1, instance:com.test.qa.employee.EmployeeTest@51cdd8a] output={null}]
2020-06-25 09:08:56 INFO  TestBase:54 - Closing Browser
2020-06-25 09:08:56 INFO  TestBase:58 - Browser Closed
2020-06-25 09:09:00 INFO  TestBase:25 - Initiate Browser
2020-06-25 09:09:14 INFO  TestBase:32 - Browser Initiated
2020-06-25 09:09:14 INFO  TestBase:37 - successful Login
2020-06-25 09:09:15 INFO  TestBase:49 - Test name: employeeSmokeTest
2020-06-25 09:09:44 INFO  TestBase:63 - Executed test case name:employeeSmokeTest Execution Results : [TestResult name=employeeSmokeTest status=FAILURE method=EmployeeTest.employeeSmokeTest()[pri:1, instance:com.test.qa.employee.EmployeeTest@d44fc21] output={null}]
2020-06-25 09:09:44 INFO  TestBase:54 - Closing Browser
2020-06-25 09:09:44 INFO  TestBase:58 - Browser Closed
2020-06-25 09:35:48 INFO  TestBase:25 - Initiate Browser
2020-06-25 09:36:01 INFO  TestBase:32 - Browser Initiated
2020-06-25 09:36:01 INFO  TestBase:37 - successful Login
2020-06-25 09:36:01 INFO  TestBase:49 - Test name: employeeSmokeTest
2020-06-25 09:36:15 INFO  TestBase:63 - Executed test case name:employeeSmokeTest Execution Results : [TestResult name=employeeSmokeTest status=FAILURE method=EmployeeTest.employeeSmokeTest()[pri:1, instance:com.test.qa.employee.EmployeeTest@4e7dc304] output={null}]
2020-06-25 09:36:15 INFO  TestBase:54 - Closing Browser
2020-06-25 09:36:15 INFO  TestBase:58 - Browser Closed
2020-06-25 09:36:38 INFO  TestBase:25 - Initiate Browser
2020-06-25 09:36:51 INFO  TestBase:32 - Browser Initiated
2020-06-25 09:36:51 INFO  TestBase:37 - successful Login
2020-06-25 09:36:51 INFO  TestBase:49 - Test name: PlantSmokeTest
2020-06-25 09:37:07 INFO  TestBase:63 - Executed test case name:PlantSmokeTest Execution Results : [TestResult name=PlantSmokeTest status=FAILURE method=PlantTest.PlantSmokeTest()[pri:1, instance:com.test.qa.plant.PlantTest@d44fc21] output={null}]
2020-06-25 09:37:07 INFO  TestBase:54 - Closing Browser
2020-06-25 09:37:07 INFO  TestBase:58 - Browser Closed
2020-06-25 09:43:29 INFO  TestBase:25 - Initiate Browser
2020-06-25 09:43:41 INFO  TestBase:32 - Browser Initiated
2020-06-25 09:43:41 INFO  TestBase:37 - successful Login
2020-06-25 09:43:41 INFO  TestBase:49 - Test name: PlantSmokeTest
2020-06-25 09:44:19 INFO  TestBase:63 - Executed test case name:PlantSmokeTest Execution Results : [TestResult name=PlantSmokeTest status=FAILURE method=PlantTest.PlantSmokeTest()[pri:1, instance:com.test.qa.plant.PlantTest@2d6eabae] output={null}]
2020-06-25 09:44:19 INFO  TestBase:54 - Closing Browser
2020-06-25 09:44:19 INFO  TestBase:58 - Browser Closed
2020-06-25 09:44:32 INFO  TestBase:25 - Initiate Browser
2020-06-25 09:44:45 INFO  TestBase:32 - Browser Initiated
2020-06-25 09:44:45 INFO  TestBase:37 - successful Login
2020-06-25 09:44:45 INFO  TestBase:49 - Test name: PlantSmokeTest
2020-06-25 09:44:48 INFO  TestBase:63 - Executed test case name:PlantSmokeTest Execution Results : [TestResult name=PlantSmokeTest status=FAILURE method=PlantTest.PlantSmokeTest()[pri:1, instance:com.test.qa.plant.PlantTest@2d6eabae] output={null}]
2020-06-25 09:44:48 INFO  TestBase:54 - Closing Browser
2020-06-25 09:44:48 INFO  TestBase:58 - Browser Closed
2020-06-25 10:09:49 INFO  TestBase:54 - Closing Browser
2020-06-25 10:09:49 INFO  TestBase:58 - Browser Closed
2020-06-25 11:01:56 INFO  TestBase:25 - Initiate Browser
2020-06-25 11:03:20 INFO  TestBase:32 - Browser Initiated
2020-06-25 11:03:41 INFO  TestBase:25 - Initiate Browser
2020-06-25 11:06:02 INFO  TestBase:32 - Browser Initiated
2020-07-08 10:10:18 INFO  TestBase:25 - Initiate Browser
2020-07-08 10:10:51 INFO  TestBase:32 - Browser Initiated
2020-07-08 10:12:20 INFO  TestBase:25 - Initiate Browser
2020-07-08 10:12:34 INFO  TestBase:32 - Browser Initiated
2020-07-08 10:12:34 INFO  TestBase:37 - successful Login
2020-07-08 10:12:34 INFO  TestBase:49 - Test name: PlantSmokeTest
2020-07-08 10:12:58 INFO  TestBase:63 - Executed test case name:PlantSmokeTest Execution Results : [TestResult name=PlantSmokeTest status=FAILURE method=PlantTest.PlantSmokeTest()[pri:1, instance:com.test.qa.plant.PlantTest@23faf8f2] output={null}]
2020-07-08 10:12:58 INFO  TestBase:54 - Closing Browser
2020-07-08 10:12:58 INFO  TestBase:58 - Browser Closed
2020-07-08 10:15:49 INFO  TestBase:25 - Initiate Browser
2020-07-08 10:16:03 INFO  TestBase:32 - Browser Initiated
2020-07-08 10:16:03 INFO  TestBase:37 - successful Login
2020-07-08 10:16:03 INFO  TestBase:49 - Test name: PlantSmokeTest
2020-07-08 10:56:03 INFO  TestBase:63 - Executed test case name:PlantSmokeTest Execution Results : [TestResult name=PlantSmokeTest status=FAILURE method=PlantTest.PlantSmokeTest()[pri:1, instance:com.test.qa.plant.PlantTest@23faf8f2] output={null}]
2020-07-08 10:56:03 INFO  TestBase:54 - Closing Browser
2020-07-08 10:56:05 INFO  TestBase:58 - Browser Closed
2020-07-08 10:56:58 INFO  TestBase:25 - Initiate Browser
2020-07-08 10:57:12 INFO  TestBase:32 - Browser Initiated
2020-07-08 10:57:12 INFO  TestBase:37 - successful Login
2020-07-08 10:57:12 INFO  TestBase:49 - Test name: PlantSmokeTest
2020-07-08 11:03:32 INFO  TestBase:25 - Initiate Browser
2020-07-08 11:03:46 INFO  TestBase:32 - Browser Initiated
2020-07-08 11:03:46 INFO  TestBase:37 - successful Login
2020-07-08 11:03:46 INFO  TestBase:49 - Test name: PlantSmokeTest
2020-07-08 11:05:16 INFO  TestBase:63 - Executed test case name:PlantSmokeTest Execution Results : [TestResult name=PlantSmokeTest status=FAILURE method=PlantTest.PlantSmokeTest()[pri:1, instance:com.test.qa.plant.PlantTest@23faf8f2] output={null}]
2020-07-08 11:05:16 INFO  TestBase:54 - Closing Browser
2020-07-08 11:05:18 INFO  TestBase:58 - Browser Closed
2020-07-08 11:06:09 INFO  TestBase:25 - Initiate Browser
2020-07-08 11:06:23 INFO  TestBase:32 - Browser Initiated
2020-07-08 11:06:23 INFO  TestBase:37 - successful Login
2020-07-08 11:06:23 INFO  TestBase:49 - Test name: PlantSmokeTest
2020-07-08 11:07:38 INFO  TestBase:25 - Initiate Browser
2020-07-08 11:07:51 INFO  TestBase:32 - Browser Initiated
2020-07-08 11:07:51 INFO  TestBase:37 - successful Login
2020-07-08 11:07:51 INFO  TestBase:49 - Test name: PlantSmokeTest
2020-07-08 11:08:05 INFO  TestBase:63 - Executed test case name:PlantSmokeTest Execution Results : [TestResult name=PlantSmokeTest status=FAILURE method=PlantTest.PlantSmokeTest()[pri:1, instance:com.test.qa.plant.PlantTest@23faf8f2] output={null}]
2020-07-08 11:08:05 INFO  TestBase:54 - Closing Browser
2020-07-08 11:08:07 INFO  TestBase:58 - Browser Closed
2020-07-08 11:18:48 INFO  TestBase:25 - Initiate Browser
2020-07-08 11:19:01 INFO  TestBase:32 - Browser Initiated
2020-07-08 11:19:01 INFO  TestBase:37 - successful Login
2020-07-08 11:19:02 INFO  TestBase:49 - Test name: PlantSmokeTest
2020-07-08 11:21:31 INFO  LoginData:22 - row = 6 columns = 4
2020-07-08 11:21:32 INFO  TestBase:25 - Initiate Browser
2020-07-08 11:21:46 INFO  TestBase:32 - Browser Initiated
2020-07-08 11:21:46 INFO  TestBase:37 - successful Login
2020-07-08 11:21:46 INFO  TestBase:49 - Test name: LoginTest
2020-07-08 11:21:46 INFO  LoginTest:22 - Login success
2020-07-08 11:21:46 INFO  TestBase:63 - Executed test case name:LoginTest Execution Results : [TestResult name=LoginTest status=SUCCESS method=LoginTest.LoginTest(java.lang.String, java.lang.String, java.lang.String, java.lang.String)[pri:1, instance:com.test.qa.test.LoginTest@51cdd8a] output={null}]
2020-07-08 11:21:46 INFO  TestBase:25 - Initiate Browser
2020-07-08 11:21:59 INFO  TestBase:32 - Browser Initiated
2020-07-08 11:22:00 INFO  TestBase:37 - successful Login
2020-07-08 11:22:00 INFO  TestBase:49 - Test name: LoginTest
2020-07-08 11:22:00 INFO  TestBase:63 - Executed test case name:LoginTest Execution Results : [TestResult name=LoginTest status=FAILURE method=LoginTest.LoginTest(java.lang.String, java.lang.String, java.lang.String, java.lang.String)[pri:1, instance:com.test.qa.test.LoginTest@51cdd8a] output={null}]
2020-07-08 11:22:00 INFO  TestBase:25 - Initiate Browser
2020-07-08 11:31:59 INFO  TestBase:25 - Initiate Browser
2020-07-08 11:32:13 INFO  TestBase:32 - Browser Initiated
2020-07-08 11:32:13 INFO  TestBase:37 - successful Login
2020-07-08 11:32:13 INFO  TestBase:49 - Test name: PlantSmokeTest
2020-07-08 11:34:45 INFO  TestBase:63 - Executed test case name:PlantSmokeTest Execution Results : [TestResult name=PlantSmokeTest status=FAILURE method=PlantTest.PlantSmokeTest()[pri:1, instance:com.test.qa.plant.PlantTest@2d6eabae] output={null}]
2020-07-08 11:34:45 INFO  TestBase:54 - Closing Browser
2020-07-08 11:34:47 INFO  TestBase:58 - Browser Closed
2020-07-08 11:35:14 INFO  TestBase:25 - Initiate Browser
2020-07-08 11:35:28 INFO  TestBase:32 - Browser Initiated
2020-07-08 11:35:28 INFO  TestBase:37 - successful Login
2020-07-08 11:35:28 INFO  TestBase:49 - Test name: PlantSmokeTest
2020-07-08 11:35:31 INFO  TestBase:63 - Executed test case name:PlantSmokeTest Execution Results : [TestResult name=PlantSmokeTest status=SUCCESS method=PlantTest.PlantSmokeTest()[pri:1, instance:com.test.qa.plant.PlantTest@2d6eabae] output={null}]
2020-07-08 11:35:31 INFO  TestBase:54 - Closing Browser
2020-07-08 11:35:33 INFO  TestBase:58 - Browser Closed
2020-07-08 11:36:35 INFO  TestBase:25 - Initiate Browser
2020-07-08 11:36:48 INFO  TestBase:32 - Browser Initiated
2020-07-08 11:36:49 INFO  TestBase:37 - successful Login
2020-07-08 11:36:49 INFO  TestBase:49 - Test name: PlantSmokeTest
2020-07-08 11:36:51 INFO  TestBase:63 - Executed test case name:PlantSmokeTest Execution Results : [TestResult name=PlantSmokeTest status=SUCCESS method=PlantTest.PlantSmokeTest()[pri:1, instance:com.test.qa.plant.PlantTest@d44fc21] output={null}]
2020-07-08 11:36:51 INFO  TestBase:54 - Closing Browser
2020-07-08 11:36:54 INFO  TestBase:58 - Browser Closed
2020-07-08 11:38:31 INFO  TestBase:25 - Initiate Browser
2020-07-08 11:38:46 INFO  TestBase:32 - Browser Initiated
2020-07-08 11:38:46 INFO  TestBase:37 - successful Login
2020-07-08 11:38:46 INFO  TestBase:49 - Test name: PlantSmokeTest
2020-07-08 11:40:48 INFO  TestBase:25 - Initiate Browser
2020-07-08 11:41:01 INFO  TestBase:32 - Browser Initiated
2020-07-08 11:41:01 INFO  TestBase:37 - successful Login
2020-07-08 11:41:01 INFO  TestBase:49 - Test name: PlantSmokeTest
2020-07-08 11:41:04 INFO  TestBase:63 - Executed test case name:PlantSmokeTest Execution Results : [TestResult name=PlantSmokeTest status=SUCCESS method=PlantTest.PlantSmokeTest()[pri:1, instance:com.test.qa.plant.PlantTest@2d6eabae] output={null}]
2020-07-08 11:41:04 INFO  TestBase:54 - Closing Browser
2020-07-08 11:41:06 INFO  TestBase:58 - Browser Closed
2020-07-08 11:45:48 INFO  TestBase:54 - Closing Browser
2020-07-08 11:46:41 INFO  TestBase:25 - Initiate Browser
2020-07-08 11:46:56 INFO  TestBase:32 - Browser Initiated
2020-07-08 11:46:56 INFO  TestBase:37 - successful Login
2020-07-08 11:46:56 INFO  TestBase:49 - Test name: PlantSmokeTest
2020-07-08 11:47:00 INFO  TestBase:63 - Executed test case name:PlantSmokeTest Execution Results : [TestResult name=PlantSmokeTest status=SUCCESS method=PlantTest.PlantSmokeTest()[pri:1, instance:com.test.qa.plant.PlantTest@77be656f] output={null}]
2020-07-08 11:47:00 INFO  TestBase:25 - Initiate Browser
2020-07-08 11:47:14 INFO  TestBase:32 - Browser Initiated
2020-07-08 11:47:14 INFO  TestBase:37 - successful Login
2020-07-08 11:47:14 INFO  TestBase:49 - Test name: employeeSmokeTest
2020-07-08 11:48:36 INFO  TestBase:25 - Initiate Browser
2020-07-08 11:48:50 INFO  TestBase:32 - Browser Initiated
2020-07-08 11:48:50 INFO  TestBase:37 - successful Login
2020-07-08 11:48:50 INFO  TestBase:49 - Test name: PlantSmokeTest
2020-07-08 11:48:54 INFO  TestBase:63 - Executed test case name:PlantSmokeTest Execution Results : [TestResult name=PlantSmokeTest status=SUCCESS method=PlantTest.PlantSmokeTest()[pri:1, instance:com.test.qa.plant.PlantTest@711f39f9] output={null}]
2020-07-08 11:48:55 INFO  TestBase:54 - Closing Browser
2020-07-08 11:48:57 INFO  TestBase:58 - Browser Closed
2020-07-08 11:49:41 INFO  TestBase:54 - Closing Browser
2020-07-08 11:49:50 INFO  TestBase:25 - Initiate Browser
2020-07-08 11:50:04 INFO  TestBase:32 - Browser Initiated
2020-07-08 11:50:05 INFO  TestBase:37 - successful Login
2020-07-08 11:50:05 INFO  TestBase:49 - Test name: PlantSmokeTest
2020-07-08 11:50:08 INFO  TestBase:63 - Executed test case name:PlantSmokeTest Execution Results : [TestResult name=PlantSmokeTest status=SUCCESS method=PlantTest.PlantSmokeTest()[pri:1, instance:com.test.qa.plant.PlantTest@7f13d6e] output={null}]
2020-07-08 11:50:09 INFO  TestBase:54 - Closing Browser
2020-07-08 11:50:11 INFO  TestBase:58 - Browser Closed
2020-07-08 11:56:06 INFO  PlantData:25 - row = 2 columns = 6
2020-07-08 11:56:06 INFO  TestBase:54 - Closing Browser
2020-07-08 11:59:32 INFO  PlantData:25 - row = 2 columns = 6
2020-07-08 11:59:32 INFO  TestBase:54 - Closing Browser
2020-07-08 12:01:05 INFO  PlantData:25 - row = 2 columns = 6
2020-07-08 12:01:05 INFO  TestBase:54 - Closing Browser
2020-07-08 12:01:05 INFO  TestBase:58 - Browser Closed
2020-07-08 12:17:01 INFO  PlantData:25 - row = 2 columns = 6
2020-07-08 12:17:01 INFO  TestBase:54 - Closing Browser
2020-07-08 12:17:01 INFO  TestBase:58 - Browser Closed
2020-07-08 13:29:28 INFO  PlantData:25 - row = 3 columns = 6
2020-07-08 13:29:28 INFO  TestBase:54 - Closing Browser
2020-07-08 13:30:00 INFO  PlantData:25 - row = 3 columns = 6
2020-07-08 13:30:00 INFO  TestBase:54 - Closing Browser
2020-07-08 13:30:00 INFO  TestBase:58 - Browser Closed
2020-07-08 13:31:05 INFO  PlantData:25 - row = 3 columns = 6
2020-07-08 13:31:05 INFO  TestBase:54 - Closing Browser
2020-07-08 13:31:05 INFO  TestBase:58 - Browser Closed
2020-07-08 13:38:19 INFO  PlantData:25 - row = 3 columns = 6
2020-07-08 13:38:19 INFO  TestBase:54 - Closing Browser
2020-07-08 13:38:19 INFO  TestBase:58 - Browser Closed
2020-07-08 13:43:24 INFO  PlantData:25 - row = 3 columns = 6
2020-07-08 13:43:24 INFO  TestBase:54 - Closing Browser
2020-07-08 13:43:24 INFO  TestBase:58 - Browser Closed
2020-07-08 13:46:59 INFO  PlantData:25 - row = 3 columns = 1
2020-07-08 13:46:59 INFO  TestBase:25 - Initiate Browser
2020-07-08 13:47:14 INFO  TestBase:32 - Browser Initiated
2020-07-08 13:47:14 INFO  TestBase:37 - successful Login
2020-07-08 13:47:14 INFO  TestBase:49 - Test name: TokiyomasterTest
2020-07-08 13:47:18 INFO  TestBase:63 - Executed test case name:TokiyomasterTest Execution Results : [TestResult name=TokiyomasterTest status=SUCCESS method=PlantTest.TokiyomasterTest(java.lang.String)[pri:1, instance:com.test.qa.plant.PlantTest@51cdd8a] output={null}]
2020-07-08 13:47:18 INFO  TestBase:25 - Initiate Browser
2020-07-08 13:47:35 INFO  TestBase:49 - Test name: TokiyomasterTest
2020-07-08 13:47:35 INFO  TestBase:63 - Executed test case name:TokiyomasterTest Execution Results : [TestResult name={null} status=CREATED method=PlantTest.TokiyomasterTest(java.lang.String)[pri:1, instance:com.test.qa.plant.PlantTest@51cdd8a] output={null}]
2020-07-08 13:47:35 INFO  TestBase:25 - Initiate Browser
2020-07-08 13:54:11 INFO  PlantData:25 - row = 3 columns = 6
2020-07-08 13:54:11 INFO  TestBase:25 - Initiate Browser
2020-07-08 13:54:26 INFO  TestBase:32 - Browser Initiated
2020-07-08 13:54:27 INFO  TestBase:37 - successful Login
2020-07-08 13:54:27 INFO  TestBase:49 - Test name: TokiyomasterTest
2020-07-08 13:54:31 INFO  TestBase:63 - Executed test case name:TokiyomasterTest Execution Results : [TestResult name=TokiyomasterTest status=SUCCESS method=PlantTest.TokiyomasterTest(java.lang.String, java.lang.String, java.lang.String, java.lang.String, java.lang.String, java.lang.String)[pri:1, instance:com.test.qa.plant.PlantTest@51cdd8a] output={null}]
2020-07-08 13:54:31 INFO  TestBase:25 - Initiate Browser
2020-07-08 13:54:47 INFO  TestBase:32 - Browser Initiated
2020-07-08 13:54:47 INFO  TestBase:37 - successful Login
2020-07-08 13:54:47 INFO  TestBase:49 - Test name: TokiyomasterTest
2020-07-08 13:54:52 INFO  TestBase:63 - Executed test case name:TokiyomasterTest Execution Results : [TestResult name=TokiyomasterTest status=SUCCESS method=PlantTest.TokiyomasterTest(java.lang.String, java.lang.String, java.lang.String, java.lang.String, java.lang.String, java.lang.String)[pri:1, instance:com.test.qa.plant.PlantTest@51cdd8a] output={null}]
2020-07-08 13:54:52 INFO  TestBase:25 - Initiate Browser
2020-07-08 13:55:06 INFO  TestBase:32 - Browser Initiated
2020-07-08 13:55:07 INFO  TestBase:37 - successful Login
2020-07-08 13:55:07 INFO  TestBase:49 - Test name: TokiyomasterTest
2020-07-08 13:55:12 INFO  TestBase:63 - Executed test case name:TokiyomasterTest Execution Results : [TestResult name=TokiyomasterTest status=SUCCESS method=PlantTest.TokiyomasterTest(java.lang.String, java.lang.String, java.lang.String, java.lang.String, java.lang.String, java.lang.String)[pri:1, instance:com.test.qa.plant.PlantTest@51cdd8a] output={null}]
2020-07-08 13:55:12 INFO  TestBase:54 - Closing Browser
2020-07-08 13:55:12 INFO  TestBase:58 - Browser Closed
2020-07-08 15:02:44 INFO  TestBase:25 - Initiate Browser
2020-07-08 15:02:59 INFO  TestBase:32 - Browser Initiated
2020-07-08 15:03:00 INFO  TestBase:37 - successful Login
2020-07-08 15:03:00 INFO  TestBase:49 - Test name: equipmentSmokeTest
2020-07-08 15:03:49 INFO  TestBase:63 - Executed test case name:equipmentSmokeTest Execution Results : [TestResult name=equipmentSmokeTest status=FAILURE method=EqupmentTest.equipmentSmokeTest()[pri:1, instance:com.test.qa.equipment.EqupmentTest@26aa12dd] output={null}]
2020-07-08 15:03:49 INFO  TestBase:54 - Closing Browser
2020-07-08 15:03:49 INFO  TestBase:58 - Browser Closed
2020-07-08 15:03:57 INFO  TestBase:25 - Initiate Browser
2020-07-08 15:04:12 INFO  TestBase:32 - Browser Initiated
2020-07-08 15:04:13 INFO  TestBase:37 - successful Login
2020-07-08 15:04:13 INFO  TestBase:49 - Test name: equipmentSmokeTest
2020-07-08 15:07:07 INFO  TestBase:25 - Initiate Browser
2020-07-08 15:07:27 INFO  TestBase:32 - Browser Initiated
2020-07-08 15:07:27 INFO  TestBase:37 - successful Login
2020-07-08 15:07:27 INFO  TestBase:49 - Test name: equipmentSmokeTest
2020-07-08 15:24:47 INFO  TestBase:63 - Executed test case name:equipmentSmokeTest Execution Results : [TestResult name=equipmentSmokeTest status=FAILURE method=EqupmentTest.equipmentSmokeTest()[pri:1, instance:com.test.qa.equipment.EqupmentTest@26aa12dd] output={null}]
2020-07-08 15:24:47 INFO  TestBase:54 - Closing Browser
2020-07-08 15:24:47 INFO  TestBase:58 - Browser Closed
2020-07-08 15:33:44 INFO  TestBase:25 - Initiate Browser
2020-07-08 15:34:00 INFO  TestBase:32 - Browser Initiated
2020-07-08 15:34:01 INFO  TestBase:37 - successful Login
2020-07-08 15:34:01 INFO  TestBase:49 - Test name: equipmentSmokeTest
2020-07-08 15:53:37 INFO  TestBase:25 - Initiate Browser
2020-07-08 15:53:53 INFO  TestBase:32 - Browser Initiated
2020-07-08 15:53:53 INFO  TestBase:37 - successful Login
2020-07-08 15:53:53 INFO  TestBase:49 - Test name: plantequipmentSmokeTest
2020-07-08 15:57:22 INFO  TestBase:25 - Initiate Browser
2020-07-08 15:57:37 INFO  TestBase:32 - Browser Initiated
2020-07-08 15:57:38 INFO  TestBase:37 - successful Login
2020-07-08 15:57:38 INFO  TestBase:49 - Test name: plantequipmentSmokeTest
2020-07-15 12:50:20 INFO  TestBase:25 - Initiate Browser
2020-07-15 12:50:34 INFO  TestBase:32 - Browser Initiated
2020-07-15 12:50:34 INFO  TestBase:37 - successful Login
2020-07-15 12:50:34 INFO  TestBase:49 - Test name: PlantSmokeTest
2020-07-15 12:50:37 INFO  TestBase:61 - Executed test case name:PlantSmokeTest Execution Results : [TestResult name=PlantSmokeTest status=SUCCESS method=PlantTest.PlantSmokeTest()[pri:1, instance:master.plant.PlantTest@7f13d6e] output={null}]
2020-07-15 13:38:14 INFO  TestBase:25 - Initiate Browser
2020-07-15 13:38:28 INFO  TestBase:32 - Browser Initiated
2020-07-15 13:38:29 INFO  TestBase:37 - successful Login
2020-07-15 13:38:29 INFO  TestBase:49 - Test name: PlantSmokeTest
2020-07-15 13:38:33 INFO  TestBase:61 - Executed test case name:PlantSmokeTest Execution Results : [TestResult name=PlantSmokeTest status=FAILURE method=PlantTest.PlantSmokeTest()[pri:1, instance:master.plant.PlantTest@23faf8f2] output={null}]
2020-07-15 14:48:20 INFO  TestBase:25 - Initiate Browser
2020-07-15 14:48:56 INFO  TestBase:32 - Browser Initiated
2020-07-15 14:48:57 INFO  TestBase:37 - successful Login
2020-07-15 14:48:57 INFO  TestBase:49 - Test name: PlantSmokeTest
2020-07-15 14:49:03 INFO  TestBase:61 - Executed test case name:PlantSmokeTest Execution Results : [TestResult name=PlantSmokeTest status=SUCCESS method=PlantTest.PlantSmokeTest()[pri:1, instance:master.plant.PlantTest@7f13d6e] output={null}]
2020-07-15 14:57:05 INFO  TestBase:25 - Initiate Browser
2020-07-15 14:57:20 INFO  TestBase:32 - Browser Initiated
2020-07-15 14:57:20 INFO  TestBase:37 - successful Login
2020-07-15 14:57:20 INFO  TestBase:49 - Test name: PlantSmokeTest
2020-07-15 14:58:22 INFO  TestBase:25 - Initiate Browser
2020-07-15 14:58:41 INFO  TestBase:32 - Browser Initiated
2020-07-15 14:58:41 INFO  TestBase:37 - successful Login
2020-07-15 14:58:41 INFO  TestBase:49 - Test name: PlantSmokeTest
2020-07-15 14:59:17 INFO  TestBase:25 - Initiate Browser
2020-07-15 14:59:33 INFO  TestBase:32 - Browser Initiated
2020-07-15 14:59:33 INFO  TestBase:37 - successful Login
2020-07-15 14:59:33 INFO  TestBase:49 - Test name: PlantSmokeTest
2020-07-15 14:59:38 INFO  TestBase:61 - Executed test case name:PlantSmokeTest Execution Results : [TestResult name=PlantSmokeTest status=FAILURE method=PlantTest.PlantSmokeTest()[pri:1, instance:master.plant.PlantTest@23faf8f2] output={null}]
2020-07-15 15:04:25 INFO  TestBase:25 - Initiate Browser
2020-07-15 15:04:41 INFO  TestBase:32 - Browser Initiated
2020-07-15 15:04:41 INFO  TestBase:37 - successful Login
2020-07-15 15:04:41 INFO  TestBase:49 - Test name: PlantSmokeTest
2020-07-15 15:05:52 INFO  TestBase:25 - Initiate Browser
2020-07-15 15:06:07 INFO  TestBase:32 - Browser Initiated
2020-07-15 15:06:07 INFO  TestBase:37 - successful Login
2020-07-15 15:06:07 INFO  TestBase:49 - Test name: PlantSmokeTest
2020-07-15 15:22:33 INFO  TestBase:61 - Executed test case name:PlantSmokeTest Execution Results : [TestResult name=PlantSmokeTest status=FAILURE method=PlantTest.PlantSmokeTest()[pri:1, instance:master.plant.PlantTest@7f13d6e] output={null}]
2020-07-15 16:16:17 INFO  TestBase:25 - Initiate Browser
2020-07-15 16:16:37 INFO  TestBase:32 - Browser Initiated
2020-07-15 16:16:37 INFO  TestBase:37 - successful Login
2020-07-15 16:16:37 INFO  TestBase:49 - Test name: PlantSmokeTest
2020-07-15 16:16:40 INFO  TestBase:61 - Executed test case name:PlantSmokeTest Execution Results : [TestResult name=PlantSmokeTest status=SUCCESS method=PlantTest.PlantSmokeTest()[pri:1, instance:master.plant.PlantTest@23faf8f2] output={null}]
2020-07-17 11:33:53 INFO  TestBase:25 - Initiate Browser
2020-07-17 11:34:29 INFO  TestBase:32 - Browser Initiated
2020-07-17 11:34:30 INFO  TestBase:37 - successful Login
2020-07-17 11:34:30 INFO  TestBase:49 - Test name: PlantSmokeTest
2020-07-17 11:34:33 INFO  TestBase:61 - Executed test case name:PlantSmokeTest Execution Results : [TestResult name=PlantSmokeTest status=SUCCESS method=PlantTest.PlantSmokeTest()[pri:1, instance:master.plant.PlantTest@15d9bc04] output={null}]
2020-07-17 11:34:33 INFO  TestBase:25 - Initiate Browser
2020-07-17 11:34:57 INFO  TestBase:32 - Browser Initiated
2020-07-17 11:34:58 INFO  TestBase:37 - successful Login
2020-07-17 11:34:58 INFO  TestBase:49 - Test name: employeeSmokeTest
2020-07-17 11:35:11 INFO  TestBase:61 - Executed test case name:employeeSmokeTest Execution Results : [TestResult name=employeeSmokeTest status=SUCCESS method=EmployeeTest.employeeSmokeTest()[pri:1, instance:master.employee.EmployeeTest@551bdc27] output={null}]
2020-07-17 11:35:11 INFO  TestBase:25 - Initiate Browser
2020-07-17 11:35:39 INFO  TestBase:32 - Browser Initiated
2020-07-17 11:35:40 INFO  TestBase:37 - successful Login
2020-07-17 11:35:40 INFO  TestBase:49 - Test name: equipment
2020-07-17 11:37:25 INFO  TestBase:25 - Initiate Browser
2020-07-17 11:38:05 INFO  TestBase:32 - Browser Initiated
2020-07-17 11:38:05 INFO  TestBase:37 - successful Login
2020-07-17 11:38:05 INFO  TestBase:49 - Test name: PlantSmokeTest
2020-07-17 11:38:10 INFO  TestBase:61 - Executed test case name:PlantSmokeTest Execution Results : [TestResult name=PlantSmokeTest status=SUCCESS method=PlantTest.PlantSmokeTest()[pri:1, instance:master.plant.PlantTest@15d9bc04] output={null}]
2020-07-17 11:38:10 INFO  TestBase:25 - Initiate Browser
2020-07-17 11:38:49 INFO  TestBase:32 - Browser Initiated
2020-07-17 11:38:50 INFO  TestBase:37 - successful Login
2020-07-17 11:38:50 INFO  TestBase:49 - Test name: employeeSmokeTest
2020-07-17 11:39:19 INFO  TestBase:61 - Executed test case name:employeeSmokeTest Execution Results : [TestResult name=employeeSmokeTest status=SUCCESS method=EmployeeTest.employeeSmokeTest()[pri:1, instance:master.employee.EmployeeTest@551bdc27] output={null}]
2020-07-17 11:39:19 INFO  TestBase:25 - Initiate Browser
2020-07-17 11:39:56 INFO  TestBase:32 - Browser Initiated
2020-07-17 11:39:57 INFO  TestBase:37 - successful Login
2020-07-17 11:39:57 INFO  TestBase:49 - Test name: equipment
2020-07-17 11:40:22 INFO  TestBase:61 - Executed test case name:equipment Execution Results : [TestResult name=equipment status=SUCCESS method=EquipmentTest.equipment()[pri:1, instance:master.equipment.EquipmentTest@797badd3] output={null}]
2020-07-17 11:40:22 INFO  TestBase:25 - Initiate Browser
2020-07-17 11:40:51 INFO  TestBase:32 - Browser Initiated
2020-07-17 11:40:51 INFO  TestBase:37 - successful Login
2020-07-17 11:40:51 INFO  TestBase:49 - Test name: plantequipmentSmokeTest
2020-07-17 12:04:33 INFO  TestBase:25 - Initiate Browser
2020-07-17 12:05:00 INFO  TestBase:32 - Browser Initiated
2020-07-17 12:05:00 INFO  TestBase:37 - successful Login
2020-07-17 12:05:00 INFO  TestBase:49 - Test name: employeeSmokeTest
2020-07-17 12:05:12 INFO  TestBase:61 - Executed test case name:employeeSmokeTest Execution Results : [TestResult name=employeeSmokeTest status=SUCCESS method=EmployeeTest.employeeSmokeTest()[pri:1, instance:master.employee.EmployeeTest@7f13d6e] output={null}]
2020-07-17 12:08:20 INFO  TestBase:25 - Initiate Browser
2020-07-17 12:08:41 INFO  TestBase:32 - Browser Initiated
2020-07-17 12:08:42 INFO  TestBase:37 - successful Login
2020-07-17 12:08:42 INFO  TestBase:49 - Test name: test01
2020-07-17 12:08:58 INFO  TestBase:61 - Executed test case name:test01 Execution Results : [TestResult name=test01 status=SUCCESS method=ConfigureTest_1.test01()[pri:0, instance:testconfiguration.configuretestNV.ConfigureTest_1@131276c2] output={null}]
2020-07-17 12:24:34 INFO  TestBase:25 - Initiate Browser
2020-07-17 12:25:11 INFO  TestBase:32 - Browser Initiated
2020-07-17 12:25:12 INFO  TestBase:37 - successful Login
2020-07-17 12:25:12 INFO  TestBase:49 - Test name: configMaterialSmokeTest
2020-07-17 12:25:16 INFO  TestBase:61 - Executed test case name:configMaterialSmokeTest Execution Results : [TestResult name=configMaterialSmokeTest status=SUCCESS method=MaterialTest.configMaterialSmokeTest()[pri:1, instance:testconfiguration.testNV.MaterialTest@6166e06f] output={null}]
2020-07-17 12:25:18 INFO  TestBase:25 - Initiate Browser
2020-07-17 12:25:38 INFO  TestBase:32 - Browser Initiated
2020-07-17 12:25:39 INFO  TestBase:37 - successful Login
2020-07-17 12:25:39 INFO  TestBase:49 - Test name: ParameterTest
2020-07-17 12:25:45 INFO  TestBase:61 - Executed test case name:ParameterTest Execution Results : [TestResult name=ParameterTest status=SUCCESS method=ParameterMTest.ParameterTest()[pri:1, instance:testconfiguration.parameterNV.ParameterMTest@641147d0] output={null}]
2020-07-17 12:25:47 INFO  TestBase:25 - Initiate Browser
2020-07-17 12:26:01 INFO  TestBase:32 - Browser Initiated
2020-07-17 12:26:02 INFO  TestBase:37 - successful Login
2020-07-17 12:26:02 INFO  TestBase:49 - Test name: QualityParameterTest
2020-07-17 12:26:21 INFO  TestBase:61 - Executed test case name:QualityParameterTest Execution Results : [TestResult name=QualityParameterTest status=FAILURE method=QualityParameterTest.QualityParameterTest()[pri:1, instance:testconfiguration.parameterNV.QualityParameterTest@6e38921c] output={null}]
2020-07-17 12:27:40 INFO  TestBase:25 - Initiate Browser
2020-07-17 12:28:03 INFO  TestBase:32 - Browser Initiated
2020-07-17 12:28:04 INFO  TestBase:37 - successful Login
2020-07-17 12:28:04 INFO  TestBase:49 - Test name: StateSmokeTest
2020-07-17 12:31:51 INFO  TestBase:25 - Initiate Browser
2020-07-17 12:32:11 INFO  TestBase:32 - Browser Initiated
2020-07-17 12:32:11 INFO  TestBase:37 - successful Login
2020-07-17 12:32:11 INFO  TestBase:49 - Test name: StateSmokeTest
2020-07-17 12:34:08 INFO  TestBase:61 - Executed test case name:StateSmokeTest Execution Results : [TestResult name=StateSmokeTest status=SUCCESS method=MaterialStateTest.StateSmokeTest()[pri:1, instance:master.MaterialStateTest.MaterialStateTest@3fd7a715] output={null}]
2020-07-17 12:34:47 INFO  TestBase:25 - Initiate Browser
2020-07-17 12:34:50 INFO  TestBase:25 - Initiate Browser
2020-07-17 12:35:11 INFO  TestBase:32 - Browser Initiated
2020-07-17 12:35:12 INFO  TestBase:37 - successful Login
2020-07-17 12:35:12 INFO  TestBase:49 - Test name: StateSmokeTest
2020-07-17 12:50:00 INFO  TestBase:25 - Initiate Browser
2020-07-17 12:50:21 INFO  TestBase:32 - Browser Initiated
2020-07-17 12:50:21 INFO  TestBase:37 - successful Login
2020-07-17 12:50:21 INFO  TestBase:49 - Test name: customerSmokeTest
2020-07-17 12:50:27 INFO  TestBase:61 - Executed test case name:customerSmokeTest Execution Results : [TestResult name=customerSmokeTest status=SUCCESS method=CustomerTest.customerSmokeTest()[pri:1, instance:master.Customer.CustomerTest@131276c2] output={null}]
2020-07-17 07:57:11 INFO  TestBase:25 - Initiate Browser
2020-07-17 08:01:03 INFO  EquipmentData:39 - row = 1 columns = 3
2020-07-17 08:01:03 INFO  TestBase:25 - Initiate Browser
2020-07-17 08:01:23 INFO  TestBase:32 - Browser Initiated
2020-07-17 08:01:23 INFO  TestBase:37 - successful Login
2020-07-17 08:01:23 INFO  TestBase:49 - Test name: equipment
2020-07-17 08:01:44 INFO  TestBase:61 - Executed test case name:equipment Execution Results : [TestResult name=equipment status=SUCCESS method=EquipmentTest.equipment(java.lang.String, java.lang.String, java.lang.String)[pri:1, instance:master.equipment.EquipmentTest@76707e36] output={null}]
2020-07-17 08:05:58 INFO  TestBase:25 - Initiate Browser
2020-07-17 08:06:23 INFO  TestBase:32 - Browser Initiated
2020-07-17 08:06:24 INFO  TestBase:37 - successful Login
2020-07-17 08:06:24 INFO  TestBase:49 - Test name: PlantSmokeTest
2020-07-17 08:06:26 INFO  TestBase:61 - Executed test case name:PlantSmokeTest Execution Results : [TestResult name=PlantSmokeTest status=SUCCESS method=PlantTest.PlantSmokeTest()[pri:1, instance:master.plant.PlantTest@64d7f7e0] output={null}]
2020-07-17 08:06:28 INFO  TestBase:25 - Initiate Browser
2020-07-17 08:06:50 INFO  TestBase:32 - Browser Initiated
2020-07-17 08:06:51 INFO  TestBase:37 - successful Login
2020-07-17 08:06:51 INFO  TestBase:49 - Test name: employeeSmokeTest
2020-07-17 08:07:00 INFO  TestBase:61 - Executed test case name:employeeSmokeTest Execution Results : [TestResult name=employeeSmokeTest status=SUCCESS method=EmployeeTest.employeeSmokeTest()[pri:1, instance:master.employee.EmployeeTest@646be2c3] output={null}]
2020-07-17 08:07:02 INFO  TestBase:25 - Initiate Browser
2020-07-17 08:07:18 INFO  TestBase:32 - Browser Initiated
2020-07-17 08:07:19 INFO  TestBase:37 - successful Login
2020-07-17 08:07:19 INFO  TestBase:49 - Test name: configMaterialSmokeTest
2020-07-17 08:07:21 INFO  TestBase:61 - Executed test case name:configMaterialSmokeTest Execution Results : [TestResult name=configMaterialSmokeTest status=SUCCESS method=MaterialTest.configMaterialSmokeTest()[pri:1, instance:testconfiguration.testNV.MaterialTest@797badd3] output={null}]
2020-07-17 08:07:24 INFO  EquipmentData:39 - row = 1 columns = 3
2020-07-17 08:07:24 INFO  TestBase:25 - Initiate Browser
2020-07-17 08:07:45 INFO  TestBase:32 - Browser Initiated
2020-07-17 08:07:45 INFO  TestBase:37 - successful Login
2020-07-17 08:07:45 INFO  TestBase:49 - Test name: equipment
2020-07-17 08:08:04 INFO  TestBase:61 - Executed test case name:equipment Execution Results : [TestResult name=equipment status=SUCCESS method=EquipmentTest.equipment(java.lang.String, java.lang.String, java.lang.String)[pri:1, instance:master.equipment.EquipmentTest@28c4711c] output={null}]
2020-07-17 08:08:06 INFO  TestBase:25 - Initiate Browser
2020-07-17 08:08:34 INFO  TestBase:32 - Browser Initiated
2020-07-17 08:08:34 INFO  TestBase:37 - successful Login
2020-07-17 08:08:34 INFO  TestBase:49 - Test name: ParameterTest
2020-07-17 08:08:38 INFO  TestBase:61 - Executed test case name:ParameterTest Execution Results : [TestResult name=ParameterTest status=SUCCESS method=ParameterMTest.ParameterTest()[pri:1, instance:testconfiguration.parameterNV.ParameterMTest@77be656f] output={null}]
2020-07-17 08:08:40 INFO  EquipmentData:21 - row = 1 columns = 4
2020-07-17 08:08:40 INFO  TestBase:25 - Initiate Browser
2020-07-17 08:08:59 INFO  TestBase:32 - Browser Initiated
2020-07-17 08:08:59 INFO  TestBase:37 - successful Login
2020-07-17 08:08:59 INFO  TestBase:49 - Test name: plantequipmentSmokeTest
2020-07-17 08:08:59 INFO  AddPlantEquipmentTest:18 - Start Add plant equipment data
2020-07-17 08:09:22 INFO  TestBase:61 - Executed test case name:plantequipmentSmokeTest Execution Results : [TestResult name=plantequipmentSmokeTest status=SUCCESS method=AddPlantEquipmentTest.plantequipmentSmokeTest(java.lang.String, java.lang.String, java.lang.String, java.lang.String)[pri:1, instance:master.equipment.AddPlantEquipmentTest@59717824] output={null}]
2020-07-17 08:09:23 INFO  TestBase:25 - Initiate Browser
2020-07-17 08:09:39 INFO  TestBase:32 - Browser Initiated
2020-07-17 08:09:39 INFO  TestBase:37 - successful Login
2020-07-17 08:09:39 INFO  TestBase:49 - Test name: customerSmokeTest
2020-07-17 08:09:42 INFO  TestBase:61 - Executed test case name:customerSmokeTest Execution Results : [TestResult name=customerSmokeTest status=SUCCESS method=CustomerTest.customerSmokeTest()[pri:1, instance:master.Customer.CustomerTest@146044d7] output={null}]
2020-07-17 08:09:44 INFO  TestBase:25 - Initiate Browser
2020-07-17 08:10:03 INFO  TestBase:32 - Browser Initiated
2020-07-17 08:10:04 INFO  TestBase:37 - successful Login
2020-07-17 08:10:04 INFO  TestBase:49 - Test name: customerSmokeTest
2020-07-17 08:10:06 INFO  TestBase:61 - Executed test case name:customerSmokeTest Execution Results : [TestResult name=customerSmokeTest status=SUCCESS method=ProjectTest.customerSmokeTest()[pri:1, instance:master.Customer.ProjectTest@1e9e725a] output={null}]
2020-07-17 08:10:08 INFO  TestBase:25 - Initiate Browser
2020-07-17 08:10:23 INFO  TestBase:32 - Browser Initiated
2020-07-17 08:10:23 INFO  TestBase:37 - successful Login
2020-07-17 08:10:23 INFO  TestBase:49 - Test name: customerSmokeTest
2020-07-17 08:10:26 INFO  TestBase:61 - Executed test case name:customerSmokeTest Execution Results : [TestResult name=customerSmokeTest status=SUCCESS method=DeliveryCycleTest.customerSmokeTest()[pri:1, instance:master.Customer.DeliveryCycleTest@15d9bc04] output={null}]
2020-07-17 08:10:28 INFO  TestBase:25 - Initiate Browser
2020-07-17 08:10:46 INFO  TestBase:32 - Browser Initiated
2020-07-17 08:10:46 INFO  TestBase:37 - successful Login
2020-07-17 08:10:46 INFO  TestBase:49 - Test name: SupplierTest
2020-07-17 08:10:49 INFO  TestBase:61 - Executed test case name:SupplierTest Execution Results : [TestResult name=SupplierTest status=SUCCESS method=SupplierTest.SupplierTest()[pri:1, instance:master.Supplier.SupplierTest@473b46c3] output={null}]
2020-07-17 08:10:51 INFO  SupplierCatecoryData:20 - row = 3 columns = 2
2020-07-17 08:10:51 INFO  TestBase:25 - Initiate Browser
2020-07-17 08:11:09 INFO  TestBase:32 - Browser Initiated
2020-07-17 08:11:10 INFO  TestBase:37 - successful Login
2020-07-17 08:11:10 INFO  TestBase:49 - Test name: SupplierCatecorySmokeTest
2020-07-17 08:11:13 INFO  TestBase:61 - Executed test case name:SupplierCatecorySmokeTest Execution Results : [TestResult name=SupplierCatecorySmokeTest status=SUCCESS method=SupplierCatecoryTest.SupplierCatecorySmokeTest(java.lang.String, java.lang.String)[pri:1, instance:master.SupplierCatecory.SupplierCatecoryTest@516be40f] output={null}]
2020-07-17 08:11:14 INFO  TestBase:25 - Initiate Browser
2020-07-17 08:11:30 INFO  TestBase:32 - Browser Initiated
2020-07-17 08:11:30 INFO  TestBase:37 - successful Login
2020-07-17 08:11:30 INFO  TestBase:49 - Test name: SupplierCatecorySmokeTest
2020-07-17 08:11:33 INFO  TestBase:61 - Executed test case name:SupplierCatecorySmokeTest Execution Results : [TestResult name=SupplierCatecorySmokeTest status=SUCCESS method=SupplierCatecoryTest.SupplierCatecorySmokeTest(java.lang.String, java.lang.String)[pri:1, instance:master.SupplierCatecory.SupplierCatecoryTest@516be40f] output={null}]
2020-07-17 08:11:34 INFO  TestBase:25 - Initiate Browser
2020-07-17 08:11:55 INFO  TestBase:32 - Browser Initiated
2020-07-17 08:11:56 INFO  TestBase:37 - successful Login
2020-07-17 08:11:56 INFO  TestBase:49 - Test name: SupplierCatecorySmokeTest
2020-07-17 08:11:58 INFO  TestBase:61 - Executed test case name:SupplierCatecorySmokeTest Execution Results : [TestResult name=SupplierCatecorySmokeTest status=SUCCESS method=SupplierCatecoryTest.SupplierCatecorySmokeTest(java.lang.String, java.lang.String)[pri:1, instance:master.SupplierCatecory.SupplierCatecoryTest@516be40f] output={null}]
2020-07-17 08:11:59 INFO  TestBase:25 - Initiate Browser
2020-07-17 08:12:24 INFO  TestBase:32 - Browser Initiated
2020-07-17 08:12:24 INFO  TestBase:37 - successful Login
2020-07-17 08:12:24 INFO  TestBase:49 - Test name: DesignationTest
2020-07-31 17:03:38 INFO  TestBase:25 - Initiate Browser
2020-07-31 17:03:55 INFO  TestBase:32 - Browser Initiated
2020-07-31 17:03:55 INFO  TestBase:37 - successful Login
2020-07-31 17:03:55 INFO  TestBase:49 - Test name: DesignationTest
2020-07-31 17:04:37 INFO  TestBase:61 - Executed test case name:DesignationTest Execution Results : [TestResult name=DesignationTest status=FAILURE method=DesignationTest.DesignationTest()[pri:1, instance:master.Designation.DesignationTest@3fd7a715] output={null}]
2020-07-31 17:06:21 INFO  TestBase:25 - Initiate Browser
2020-07-31 17:06:38 INFO  TestBase:32 - Browser Initiated
2020-07-31 17:06:38 INFO  TestBase:37 - successful Login
2020-07-31 17:06:38 INFO  TestBase:49 - Test name: DesignationTest
2020-07-31 17:06:41 INFO  TestBase:61 - Executed test case name:DesignationTest Execution Results : [TestResult name=DesignationTest status=FAILURE method=DesignationTest.DesignationTest()[pri:1, instance:master.Designation.DesignationTest@3fd7a715] output={null}]
2020-07-31 17:09:27 INFO  TestBase:25 - Initiate Browser
2020-07-31 17:09:47 INFO  TestBase:32 - Browser Initiated
2020-07-31 17:09:47 INFO  TestBase:37 - successful Login
2020-07-31 17:09:47 INFO  TestBase:49 - Test name: DesignationTest
2020-07-31 17:09:50 INFO  TestBase:61 - Executed test case name:DesignationTest Execution Results : [TestResult name=DesignationTest status=FAILURE method=DesignationTest.DesignationTest()[pri:1, instance:master.Designation.DesignationTest@3fd7a715] output={null}]
2020-07-31 17:11:38 INFO  TestBase:25 - Initiate Browser
2020-07-31 17:11:58 INFO  TestBase:32 - Browser Initiated
2020-07-31 17:11:58 INFO  TestBase:37 - successful Login
2020-07-31 17:11:58 INFO  TestBase:49 - Test name: DesignationTest
2020-07-31 17:13:20 INFO  TestBase:61 - Executed test case name:DesignationTest Execution Results : [TestResult name=DesignationTest status=FAILURE method=DesignationTest.DesignationTest()[pri:1, instance:master.Designation.DesignationTest@3fd7a715] output={null}]
2020-07-31 17:15:02 INFO  TestBase:25 - Initiate Browser
2020-07-31 17:15:33 INFO  TestBase:32 - Browser Initiated
2020-07-31 17:15:34 INFO  TestBase:37 - successful Login
2020-07-31 17:15:34 INFO  TestBase:49 - Test name: DesignationTest
2020-07-31 17:18:44 INFO  TestBase:25 - Initiate Browser
2020-07-31 17:19:18 INFO  TestBase:32 - Browser Initiated
2020-07-31 17:19:18 INFO  TestBase:37 - successful Login
2020-07-31 17:19:18 INFO  TestBase:49 - Test name: DesignationTest
2020-07-31 17:20:47 INFO  TestBase:25 - Initiate Browser
2020-07-31 17:21:09 INFO  TestBase:32 - Browser Initiated
2020-07-31 17:21:10 INFO  TestBase:37 - successful Login
2020-07-31 17:21:10 INFO  TestBase:49 - Test name: DesignationTest
2020-07-31 17:26:10 INFO  TestBase:25 - Initiate Browser
2020-07-31 17:26:28 INFO  TestBase:32 - Browser Initiated
2020-07-31 17:26:28 INFO  TestBase:37 - successful Login
2020-07-31 17:26:28 INFO  TestBase:49 - Test name: DesignationTest
2020-07-31 17:26:47 INFO  TestBase:61 - Executed test case name:DesignationTest Execution Results : [TestResult name=DesignationTest status=SUCCESS method=DesignationTest.DesignationTest()[pri:1, instance:master.Designation.DesignationTest@3fd7a715] output={null}]
2020-07-31 17:35:20 INFO  TestBase:25 - Initiate Browser
2020-07-31 17:35:37 INFO  TestBase:32 - Browser Initiated
2020-07-31 17:35:37 INFO  TestBase:37 - successful Login
2020-07-31 17:35:37 INFO  TestBase:49 - Test name: DesignationTest
2020-07-31 17:35:57 INFO  TestBase:61 - Executed test case name:DesignationTest Execution Results : [TestResult name=DesignationTest status=SUCCESS method=DesignationTest.DesignationTest()[pri:1, instance:master.Designation.DesignationTest@3fd7a715] output={null}]
2020-08-01 09:13:07 INFO  TestBase:25 - Initiate Browser
2020-08-01 09:13:20 INFO  TestBase:32 - Browser Initiated
2020-08-01 09:13:59 INFO  TestBase:25 - Initiate Browser
2020-08-01 09:14:16 INFO  TestBase:32 - Browser Initiated
2020-08-01 09:14:17 INFO  TestBase:37 - successful Login
2020-08-01 09:14:17 INFO  TestBase:49 - Test name: DesignationTest
2020-08-01 09:20:03 INFO  TestBase:61 - Executed test case name:DesignationTest Execution Results : [TestResult name=DesignationTest status=FAILURE method=DesignationTest.DesignationTest()[pri:1, instance:master.Designation.DesignationTest@3fd7a715] output={null}]
2020-08-01 09:20:53 INFO  TestBase:25 - Initiate Browser
2020-08-01 09:21:05 INFO  TestBase:32 - Browser Initiated
2020-08-01 09:22:04 INFO  TestBase:25 - Initiate Browser
2020-08-01 09:22:20 INFO  TestBase:32 - Browser Initiated
2020-08-01 09:22:21 INFO  TestBase:37 - successful Login
2020-08-01 09:22:21 INFO  TestBase:49 - Test name: DesignationTest
2020-08-01 09:28:12 INFO  TestBase:61 - Executed test case name:DesignationTest Execution Results : [TestResult name=DesignationTest status=FAILURE method=DesignationTest.DesignationTest()[pri:1, instance:master.Designation.DesignationTest@3fd7a715] output={null}]
2020-08-01 09:28:59 INFO  TestBase:25 - Initiate Browser
2020-08-01 09:29:17 INFO  TestBase:32 - Browser Initiated
2020-08-01 09:29:17 INFO  TestBase:37 - successful Login
2020-08-01 09:29:17 INFO  TestBase:49 - Test name: DesignationTest
2020-08-01 09:29:37 INFO  TestBase:61 - Executed test case name:DesignationTest Execution Results : [TestResult name=DesignationTest status=FAILURE method=DesignationTest.DesignationTest()[pri:1, instance:master.Designation.DesignationTest@3fd7a715] output={null}]
2020-08-01 10:19:35 INFO  TestBase:25 - Initiate Browser
2020-08-01 10:19:52 INFO  TestBase:32 - Browser Initiated
2020-08-01 10:19:53 INFO  TestBase:37 - successful Login
2020-08-01 10:19:53 INFO  TestBase:49 - Test name: PlantSmokeTest
2020-08-01 10:20:02 INFO  TestBase:61 - Executed test case name:PlantSmokeTest Execution Results : [TestResult name=PlantSmokeTest status=SUCCESS method=PlantTest.PlantSmokeTest()[pri:1, instance:master.PlantTest@7f13d6e] output={null}]
2020-08-01 10:25:23 INFO  TestBase:25 - Initiate Browser
2020-08-01 10:25:58 INFO  TestBase:32 - Browser Initiated
2020-08-01 10:25:58 INFO  TestBase:37 - successful Login
2020-08-01 10:25:58 INFO  TestBase:49 - Test name: PlantSmokeTest
2020-08-01 10:26:09 INFO  TestBase:61 - Executed test case name:PlantSmokeTest Execution Results : [TestResult name=PlantSmokeTest status=SUCCESS method=PlantTest.PlantSmokeTest()[pri:1, instance:master.PlantTest@7f13d6e] output={null}]
2020-08-01 10:27:25 INFO  EquipmentData:39 - row = 1 columns = 3
2020-08-01 10:27:25 INFO  TestBase:25 - Initiate Browser
2020-08-01 10:27:44 INFO  TestBase:32 - Browser Initiated
2020-08-01 10:27:44 INFO  TestBase:37 - successful Login
2020-08-01 10:27:44 INFO  TestBase:49 - Test name: equipment
2020-08-01 10:27:55 INFO  TestBase:61 - Executed test case name:equipment Execution Results : [TestResult name=equipment status=FAILURE method=EquipmentTest.equipment(java.lang.String, java.lang.String, java.lang.String)[pri:1, instance:master.equipment.EquipmentTest@3fd7a715] output={null}]
2020-08-01 10:28:59 INFO  EquipmentData:21 - row = 1 columns = 4
2020-08-01 10:28:59 INFO  TestBase:25 - Initiate Browser
2020-08-01 10:29:11 INFO  TestBase:32 - Browser Initiated
2020-08-01 10:34:27 INFO  TestBase:49 - Test name: plantequipmentSmokeTest
2020-08-01 10:34:27 INFO  TestBase:61 - Executed test case name:plantequipmentSmokeTest Execution Results : [TestResult name={null} status=CREATED method=AddPlantEquipmentTest.plantequipmentSmokeTest(java.lang.String, java.lang.String, java.lang.String, java.lang.String)[pri:1, instance:master.equipment.AddPlantEquipmentTest@3fd7a715] output={null}]
2020-08-01 10:34:44 INFO  EquipmentData:21 - row = 1 columns = 4
2020-08-01 10:34:44 INFO  TestBase:25 - Initiate Browser
2020-08-01 10:35:09 INFO  TestBase:32 - Browser Initiated
2020-08-01 10:35:10 INFO  TestBase:37 - successful Login
2020-08-01 10:35:10 INFO  TestBase:49 - Test name: plantequipmentSmokeTest
2020-08-01 10:35:10 INFO  AddPlantEquipmentTest:18 - Start Add plant equipment data
2020-08-01 10:35:28 INFO  TestBase:61 - Executed test case name:plantequipmentSmokeTest Execution Results : [TestResult name=plantequipmentSmokeTest status=FAILURE method=AddPlantEquipmentTest.plantequipmentSmokeTest(java.lang.String, java.lang.String, java.lang.String, java.lang.String)[pri:1, instance:master.equipment.AddPlantEquipmentTest@131276c2] output={null}]
2020-08-01 10:35:53 INFO  TestBase:25 - Initiate Browser
2020-08-01 10:36:09 INFO  TestBase:32 - Browser Initiated
2020-08-01 10:36:10 INFO  TestBase:37 - successful Login
2020-08-01 10:36:10 INFO  TestBase:49 - Test name: customerSmokeTest
2020-08-01 10:36:15 INFO  TestBase:61 - Executed test case name:customerSmokeTest Execution Results : [TestResult name=customerSmokeTest status=SUCCESS method=CustomerTest.customerSmokeTest()[pri:1, instance:master.Customer.CustomerTest@131276c2] output={null}]
2020-08-01 10:36:37 INFO  TestBase:25 - Initiate Browser
2020-08-01 10:36:56 INFO  TestBase:32 - Browser Initiated
2020-08-01 10:36:56 INFO  TestBase:37 - successful Login
2020-08-01 10:36:56 INFO  TestBase:49 - Test name: customerSmokeTest
2020-08-01 10:37:01 INFO  TestBase:61 - Executed test case name:customerSmokeTest Execution Results : [TestResult name=customerSmokeTest status=SUCCESS method=ProjectTest.customerSmokeTest()[pri:1, instance:master.Customer.ProjectTest@131276c2] output={null}]
2020-08-01 10:38:04 INFO  TestBase:25 - Initiate Browser
2020-08-01 10:38:20 INFO  TestBase:32 - Browser Initiated
2020-08-01 10:38:21 INFO  TestBase:37 - successful Login
2020-08-01 10:38:21 INFO  TestBase:49 - Test name: customerSmokeTest
2020-08-01 10:38:25 INFO  TestBase:61 - Executed test case name:customerSmokeTest Execution Results : [TestResult name=customerSmokeTest status=SUCCESS method=DeliveryCycleTest.customerSmokeTest()[pri:1, instance:master.Customer.DeliveryCycleTest@131276c2] output={null}]
2020-08-01 10:38:53 INFO  TestBase:25 - Initiate Browser
2020-08-01 10:39:07 INFO  TestBase:32 - Browser Initiated
2020-08-01 10:39:08 INFO  TestBase:37 - successful Login
2020-08-01 10:39:08 INFO  TestBase:49 - Test name: DesignationTest
2020-08-01 10:39:55 INFO  TestBase:61 - Executed test case name:DesignationTest Execution Results : [TestResult name=DesignationTest status=FAILURE method=DesignationTest.DesignationTest()[pri:1, instance:master.DesignationTest@3fd7a715] output={null}]
2020-08-01 10:40:23 INFO  TestBase:25 - Initiate Browser
2020-08-01 10:40:39 INFO  TestBase:32 - Browser Initiated
2020-08-01 10:40:39 INFO  TestBase:37 - successful Login
2020-08-01 10:40:39 INFO  TestBase:49 - Test name: DesignationTest
2020-08-01 10:41:06 INFO  TestBase:61 - Executed test case name:DesignationTest Execution Results : [TestResult name=DesignationTest status=FAILURE method=DesignationTest.DesignationTest()[pri:1, instance:master.DesignationTest@3fd7a715] output={null}]
2020-08-01 10:41:24 INFO  TestBase:25 - Initiate Browser
2020-08-01 10:41:40 INFO  TestBase:32 - Browser Initiated
2020-08-01 10:41:40 INFO  TestBase:37 - successful Login
2020-08-01 10:41:40 INFO  TestBase:49 - Test name: DesignationTest
2020-08-01 10:42:00 INFO  TestBase:61 - Executed test case name:DesignationTest Execution Results : [TestResult name=DesignationTest status=FAILURE method=DesignationTest.DesignationTest()[pri:1, instance:master.DesignationTest@3fd7a715] output={null}]
2020-08-01 10:42:16 INFO  TestBase:25 - Initiate Browser
2020-08-01 10:42:52 INFO  TestBase:32 - Browser Initiated
2020-08-01 10:42:52 INFO  TestBase:37 - successful Login
2020-08-01 10:42:52 INFO  TestBase:49 - Test name: RoleSmokeTest
2020-08-01 10:43:11 INFO  TestBase:61 - Executed test case name:RoleSmokeTest Execution Results : [TestResult name=RoleSmokeTest status=SUCCESS method=RoleTest.RoleSmokeTest()[pri:1, instance:master.RoleTest@7f13d6e] output={null}]
2020-08-01 10:43:33 INFO  TestBase:25 - Initiate Browser
2020-08-01 10:43:53 INFO  TestBase:32 - Browser Initiated
2020-08-01 10:43:53 INFO  TestBase:37 - successful Login
2020-08-01 10:43:53 INFO  TestBase:49 - Test name: employeeSmokeTest
2020-08-01 10:44:30 INFO  TestBase:61 - Executed test case name:employeeSmokeTest Execution Results : [TestResult name=employeeSmokeTest status=FAILURE method=EmployeeTest.employeeSmokeTest()[pri:1, instance:master.EmployeeTest@7f13d6e] output={null}]
2020-08-01 10:45:50 INFO  TestBase:25 - Initiate Browser
2020-08-01 10:46:36 INFO  TestBase:49 - Test name: SupplierTest
2020-08-01 10:46:36 INFO  TestBase:61 - Executed test case name:SupplierTest Execution Results : [TestResult name={null} status=CREATED method=SupplierTest.SupplierTest()[pri:1, instance:master.SupplierTest@131276c2] output={null}]
2020-08-01 10:49:52 INFO  TestBase:25 - Initiate Browser
2020-08-01 10:50:08 INFO  TestBase:32 - Browser Initiated
2020-08-01 10:50:08 INFO  TestBase:37 - successful Login
2020-08-01 10:50:08 INFO  TestBase:49 - Test name: SupplierTest
2020-08-01 10:51:03 INFO  TestBase:61 - Executed test case name:SupplierTest Execution Results : [TestResult name=SupplierTest status=FAILURE method=SupplierTest.SupplierTest()[pri:1, instance:master.Supplier.SupplierTest@711f39f9] output={null}]
2020-08-01 10:51:23 INFO  TestBase:25 - Initiate Browser
2020-08-01 10:51:39 INFO  TestBase:32 - Browser Initiated
2020-08-01 10:51:40 INFO  TestBase:37 - successful Login
2020-08-01 10:51:40 INFO  TestBase:49 - Test name: SupplierCatecorySmokeTest
2020-08-01 10:51:45 INFO  TestBase:61 - Executed test case name:SupplierCatecorySmokeTest Execution Results : [TestResult name=SupplierCatecorySmokeTest status=SUCCESS method=SupplierCatecoryTest.SupplierCatecorySmokeTest()[pri:1, instance:master.SupplierCatecory.SupplierCatecoryTest@711f39f9] output={null}]
2020-08-01 10:52:23 INFO  TestBase:25 - Initiate Browser
2020-08-01 10:52:41 INFO  TestBase:32 - Browser Initiated
2020-08-01 10:52:41 INFO  TestBase:37 - successful Login
2020-08-01 10:52:41 INFO  TestBase:49 - Test name: SupplierTest
2020-08-01 10:53:06 INFO  TestBase:61 - Executed test case name:SupplierTest Execution Results : [TestResult name=SupplierTest status=SUCCESS method=SupplierTest.SupplierTest()[pri:1, instance:master.Supplier.SupplierTest@711f39f9] output={null}]
2020-08-01 10:55:08 INFO  TestBase:25 - Initiate Browser
2020-08-01 10:55:23 INFO  TestBase:32 - Browser Initiated
2020-08-01 10:55:23 INFO  TestBase:37 - successful Login
2020-08-01 10:55:23 INFO  TestBase:49 - Test name: MaterialCategorySmokeTest
2020-08-01 11:03:08 INFO  TestBase:25 - Initiate Browser
2020-08-01 11:03:23 INFO  TestBase:32 - Browser Initiated
2020-08-01 11:03:24 INFO  TestBase:37 - successful Login
2020-08-01 11:03:24 INFO  TestBase:49 - Test name: MaterialCategorySmokeTest
2020-08-01 11:03:57 INFO  TestBase:61 - Executed test case name:MaterialCategorySmokeTest Execution Results : [TestResult name=MaterialCategorySmokeTest status=FAILURE method=MaterialCategoryTest.MaterialCategorySmokeTest()[pri:1, instance:master.MaterialCategoryTest@d44fc21] output={null}]
2020-08-01 11:11:53 INFO  TestBase:25 - Initiate Browser
2020-08-01 11:12:17 INFO  TestBase:32 - Browser Initiated
2020-08-01 11:12:17 INFO  TestBase:37 - successful Login
2020-08-01 11:12:17 INFO  TestBase:49 - Test name: MaterialSubCategorySmokeTest
2020-08-01 11:13:35 INFO  TestBase:61 - Executed test case name:MaterialSubCategorySmokeTest Execution Results : [TestResult name=MaterialSubCategorySmokeTest status=FAILURE method=MaterialSubCategoryTest.MaterialSubCategorySmokeTest()[pri:1, instance:master.MaterialSubCategoryTest@d44fc21] output={null}]
2020-08-01 11:16:44 INFO  TestBase:25 - Initiate Browser
2020-08-01 11:16:47 INFO  TestBase:25 - Initiate Browser
2020-08-01 11:17:00 INFO  TestBase:32 - Browser Initiated
2020-08-01 11:17:00 INFO  TestBase:37 - successful Login
2020-08-01 11:17:00 INFO  TestBase:49 - Test name: MaterialSubCategorySmokeTest
2020-08-01 11:17:08 INFO  TestBase:32 - Browser Initiated
2020-08-01 11:17:08 INFO  TestBase:37 - successful Login
2020-08-01 11:17:08 INFO  TestBase:49 - Test name: MaterialSubCategorySmokeTest
2020-08-01 11:18:01 INFO  TestBase:61 - Executed test case name:MaterialSubCategorySmokeTest Execution Results : [TestResult name=MaterialSubCategorySmokeTest status=FAILURE method=MaterialSubCategoryTest.MaterialSubCategorySmokeTest()[pri:1, instance:master.MaterialSubCategoryTest@71bbf57e] output={null}]
2020-08-01 11:19:02 INFO  TestBase:25 - Initiate Browser
2020-08-01 11:19:06 INFO  TestBase:25 - Initiate Browser
2020-08-01 11:19:21 INFO  TestBase:32 - Browser Initiated
2020-08-01 11:19:21 INFO  TestBase:37 - successful Login
2020-08-01 11:19:21 INFO  TestBase:49 - Test name: MaterialSubCategorySmokeTest
2020-08-01 11:19:27 INFO  TestBase:32 - Browser Initiated
2020-08-01 11:19:27 INFO  TestBase:37 - successful Login
2020-08-01 11:19:27 INFO  TestBase:49 - Test name: MaterialSubCategorySmokeTest
2020-08-01 11:19:33 INFO  TestBase:25 - Initiate Browser
2020-08-01 11:19:48 INFO  TestBase:32 - Browser Initiated
2020-08-01 11:19:48 INFO  TestBase:37 - successful Login
2020-08-01 11:19:48 INFO  TestBase:49 - Test name: MaterialSubCategorySmokeTest
2020-08-01 11:20:00 INFO  TestBase:61 - Executed test case name:MaterialSubCategorySmokeTest Execution Results : [TestResult name=MaterialSubCategorySmokeTest status=SUCCESS method=MaterialSubCategoryTest.MaterialSubCategorySmokeTest()[pri:1, instance:master.MaterialSubCategoryTest@d44fc21] output={null}]
2020-08-01 11:43:42 INFO  TestBase:25 - Initiate Browser
2020-08-01 11:44:00 INFO  TestBase:32 - Browser Initiated
2020-08-01 11:44:00 INFO  TestBase:37 - successful Login
2020-08-01 11:44:00 INFO  TestBase:49 - Test name: PlantSmokeTest
2020-08-01 11:44:10 INFO  TestBase:61 - Executed test case name:PlantSmokeTest Execution Results : [TestResult name=PlantSmokeTest status=SUCCESS method=PlantTest.PlantSmokeTest()[pri:1, instance:master.PlantTest@78a2da20] output={null}]
2020-08-01 11:44:10 INFO  TestBase:25 - Initiate Browser
2020-08-01 11:44:26 INFO  TestBase:32 - Browser Initiated
2020-08-01 11:44:27 INFO  TestBase:37 - successful Login
2020-08-01 11:44:27 INFO  TestBase:49 - Test name: customerSmokeTest
2020-08-01 11:44:33 INFO  TestBase:61 - Executed test case name:customerSmokeTest Execution Results : [TestResult name=customerSmokeTest status=SUCCESS method=CustomerTest.customerSmokeTest()[pri:1, instance:master.CustomerTest@3d36e4cd] output={null}]
2020-08-01 11:44:33 INFO  TestBase:25 - Initiate Browser
2020-08-01 11:44:53 INFO  TestBase:32 - Browser Initiated
2020-08-01 11:44:53 INFO  TestBase:37 - successful Login
2020-08-01 11:44:53 INFO  TestBase:49 - Test name: employeeSmokeTest
2020-08-01 11:49:15 INFO  TestBase:25 - Initiate Browser
2020-08-01 11:49:39 INFO  TestBase:32 - Browser Initiated
2020-08-01 11:49:40 INFO  TestBase:37 - successful Login
2020-08-01 11:49:40 INFO  TestBase:49 - Test name: DesignationTest
2020-08-01 11:59:37 INFO  TestBase:25 - Initiate Browser
2020-08-01 11:59:55 INFO  TestBase:32 - Browser Initiated
2020-08-01 11:59:56 INFO  TestBase:37 - successful Login
2020-08-01 11:59:56 INFO  TestBase:49 - Test name: Test
2020-08-01 12:00:00 INFO  TestBase:61 - Executed test case name:Test Execution Results : [TestResult name=Test status=SUCCESS method=UnitTest.Test()[pri:1, instance:master.UnitTest@131276c2] output={null}]
2020-08-01 12:02:07 INFO  TestBase:25 - Initiate Browser
2020-08-01 12:02:37 INFO  TestBase:32 - Browser Initiated
2020-08-01 12:02:38 INFO  TestBase:37 - successful Login
2020-08-01 12:02:38 INFO  TestBase:49 - Test name: PlantSmokeTest
2020-08-01 12:02:54 INFO  TestBase:61 - Executed test case name:PlantSmokeTest Execution Results : [TestResult name=PlantSmokeTest status=SUCCESS method=PlantTest.PlantSmokeTest()[pri:1, instance:master.PlantTest@646be2c3] output={null}]
2020-08-01 12:02:57 INFO  TestBase:25 - Initiate Browser
2020-08-01 12:03:21 INFO  TestBase:32 - Browser Initiated
2020-08-01 12:03:21 INFO  TestBase:37 - successful Login
2020-08-01 12:03:21 INFO  TestBase:49 - Test name: customerSmokeTest
2020-08-01 12:03:28 INFO  TestBase:61 - Executed test case name:customerSmokeTest Execution Results : [TestResult name=customerSmokeTest status=SUCCESS method=CustomerTest.customerSmokeTest()[pri:1, instance:master.CustomerTest@6b1274d2] output={null}]
2020-08-01 12:03:30 INFO  TestBase:25 - Initiate Browser
2020-08-01 12:03:55 INFO  TestBase:32 - Browser Initiated
2020-08-01 12:03:56 INFO  TestBase:37 - successful Login
2020-08-01 12:03:56 INFO  TestBase:49 - Test name: employeeSmokeTest
2020-08-01 12:07:15 INFO  TestBase:25 - Initiate Browser
2020-08-01 12:07:38 INFO  TestBase:32 - Browser Initiated
2020-08-01 12:07:38 INFO  TestBase:37 - successful Login
2020-08-01 12:07:38 INFO  TestBase:49 - Test name: employeeSmokeTest
2020-08-01 12:09:14 INFO  TestBase:25 - Initiate Browser
2020-08-01 12:09:30 INFO  TestBase:32 - Browser Initiated
2020-08-01 12:09:31 INFO  TestBase:37 - successful Login
2020-08-01 12:09:31 INFO  TestBase:49 - Test name: employeeSmokeTest
2020-08-01 12:12:35 INFO  TestBase:25 - Initiate Browser
2020-08-01 12:12:51 INFO  TestBase:32 - Browser Initiated
2020-08-01 12:12:51 INFO  TestBase:37 - successful Login
2020-08-01 12:12:51 INFO  TestBase:49 - Test name: DesignationTest
2020-08-01 12:13:04 INFO  TestBase:61 - Executed test case name:DesignationTest Execution Results : [TestResult name=DesignationTest status=FAILURE method=DesignationTest.DesignationTest()[pri:1, instance:master.DesignationTest@3fd7a715] output={null}]
2020-08-01 12:13:37 INFO  TestBase:25 - Initiate Browser
2020-08-01 12:13:55 INFO  TestBase:32 - Browser Initiated
2020-08-01 12:13:56 INFO  TestBase:37 - successful Login
2020-08-01 12:13:56 INFO  TestBase:49 - Test name: DesignationTest
2020-08-01 12:14:09 INFO  TestBase:61 - Executed test case name:DesignationTest Execution Results : [TestResult name=DesignationTest status=SUCCESS method=DesignationTest.DesignationTest()[pri:1, instance:master.DesignationTest@3fd7a715] output={null}]
2020-08-01 12:19:24 INFO  TestBase:25 - Initiate Browser
2020-08-01 12:19:45 INFO  TestBase:32 - Browser Initiated
2020-08-01 12:19:45 INFO  TestBase:37 - successful Login
2020-08-01 12:19:45 INFO  TestBase:49 - Test name: PlantSmokeTest
2020-08-01 12:19:52 INFO  TestBase:61 - Executed test case name:PlantSmokeTest Execution Results : [TestResult name=PlantSmokeTest status=FAILURE method=PlantTest.PlantSmokeTest()[pri:1, instance:master.PlantTest@646be2c3] output={null}]
2020-08-01 12:19:54 INFO  TestBase:25 - Initiate Browser
2020-08-01 12:20:17 INFO  TestBase:32 - Browser Initiated
2020-08-01 12:20:17 INFO  TestBase:37 - successful Login
2020-08-01 12:20:17 INFO  TestBase:49 - Test name: customerSmokeTest
2020-08-01 12:20:25 INFO  TestBase:61 - Executed test case name:customerSmokeTest Execution Results : [TestResult name=customerSmokeTest status=FAILURE method=CustomerTest.customerSmokeTest()[pri:1, instance:master.CustomerTest@6b1274d2] output={null}]
2020-08-01 12:20:27 INFO  TestBase:25 - Initiate Browser
2020-08-01 12:20:51 INFO  TestBase:32 - Browser Initiated
2020-08-01 12:20:52 INFO  TestBase:37 - successful Login
2020-08-01 12:20:52 INFO  TestBase:49 - Test name: employeeSmokeTest
2020-08-01 12:22:29 INFO  TestBase:25 - Initiate Browser
2020-08-01 12:22:56 INFO  TestBase:32 - Browser Initiated
2020-08-01 12:22:57 INFO  TestBase:37 - successful Login
2020-08-01 12:22:57 INFO  TestBase:49 - Test name: employeeSmokeTest
2020-08-25 14:05:22 INFO  TestBase:25 - Initiate Browser
2020-08-25 14:05:42 INFO  TestBase:32 - Browser Initiated
2020-08-25 14:05:43 INFO  TestBase:37 - successful Login
2020-08-25 14:05:43 INFO  TestBase:49 - Test name: FinishProductSample
2020-08-25 14:06:54 INFO  TestBase:61 - Executed test case name:FinishProductSample Execution Results : [TestResult name=FinishProductSample status=FAILURE method=FinishProductSample.FinishProductSample()[pri:1, instance:sample.FinishProductSample@131276c2] output={null}]
2020-08-25 14:08:19 INFO  TestBase:25 - Initiate Browser
2020-08-25 14:08:34 INFO  TestBase:32 - Browser Initiated
2020-08-25 14:08:35 INFO  TestBase:37 - successful Login
2020-08-25 14:08:35 INFO  TestBase:49 - Test name: CustomerTest
2020-08-25 14:09:27 INFO  TestBase:61 - Executed test case name:CustomerTest Execution Results : [TestResult name=CustomerTest status=FAILURE method=IncommingSample.CustomerTest()[pri:0, instance:sample.IncommingSample@131276c2] output={null}]
2020-08-25 14:11:15 INFO  TestBase:25 - Initiate Browser
2020-08-25 14:11:31 INFO  TestBase:32 - Browser Initiated
2020-08-25 14:11:31 INFO  TestBase:37 - successful Login
2020-08-25 14:11:31 INFO  TestBase:49 - Test name: CustomerTest
2020-08-25 14:12:09 INFO  TestBase:61 - Executed test case name:CustomerTest Execution Results : [TestResult name=CustomerTest status=FAILURE method=IncommingSample.CustomerTest()[pri:0, instance:sample.IncommingSample@131276c2] output={null}]
2020-08-25 14:13:00 INFO  TestBase:25 - Initiate Browser
2020-08-25 14:13:16 INFO  TestBase:32 - Browser Initiated
2020-08-25 14:13:17 INFO  TestBase:37 - successful Login
2020-08-25 14:13:17 INFO  TestBase:49 - Test name: CustomerTest
2020-08-25 14:13:41 INFO  TestBase:61 - Executed test case name:CustomerTest Execution Results : [TestResult name=CustomerTest status=FAILURE method=IncommingSample.CustomerTest()[pri:0, instance:sample.IncommingSample@131276c2] output={null}]
2020-08-25 14:14:08 INFO  TestBase:25 - Initiate Browser
2020-08-25 14:14:25 INFO  TestBase:32 - Browser Initiated
2020-08-25 14:14:25 INFO  TestBase:37 - successful Login
2020-08-25 14:14:25 INFO  TestBase:49 - Test name: CustomerTest
2020-08-25 14:14:58 INFO  TestBase:61 - Executed test case name:CustomerTest Execution Results : [TestResult name=CustomerTest status=FAILURE method=IncommingSample.CustomerTest()[pri:0, instance:sample.IncommingSample@131276c2] output={null}]
2020-08-25 14:15:46 INFO  TestBase:25 - Initiate Browser
2020-08-25 14:17:22 INFO  TestBase:32 - Browser Initiated
2020-08-25 14:17:49 INFO  TestBase:25 - Initiate Browser
2020-08-25 14:19:11 INFO  TestBase:32 - Browser Initiated
2020-08-25 14:19:11 INFO  TestBase:37 - successful Login
2020-08-25 14:19:11 INFO  TestBase:49 - Test name: CustomerTest
2020-08-25 14:27:23 INFO  TestBase:61 - Executed test case name:CustomerTest Execution Results : [TestResult name=CustomerTest status=FAILURE method=IncommingSample.CustomerTest()[pri:0, instance:sample.IncommingSample@694e1548] output={null}]
2020-08-25 14:27:34 INFO  TestBase:25 - Initiate Browser
2020-08-25 14:27:55 INFO  TestBase:32 - Browser Initiated
2020-08-25 14:27:55 INFO  TestBase:37 - successful Login
2020-08-25 14:27:55 INFO  TestBase:49 - Test name: CustomerTest
2020-08-25 14:29:38 INFO  TestBase:61 - Executed test case name:CustomerTest Execution Results : [TestResult name=CustomerTest status=FAILURE method=IncommingSample.CustomerTest()[pri:0, instance:sample.IncommingSample@131276c2] output={null}]
2020-08-25 14:31:14 INFO  TestBase:25 - Initiate Browser
2020-08-25 14:31:56 INFO  TestBase:32 - Browser Initiated
2020-08-25 14:31:57 INFO  TestBase:37 - successful Login
2020-08-25 14:31:57 INFO  TestBase:49 - Test name: CustomerTest
2020-08-25 14:32:52 INFO  TestBase:61 - Executed test case name:CustomerTest Execution Results : [TestResult name=CustomerTest status=FAILURE method=IncommingSample.CustomerTest()[pri:0, instance:sample.IncommingSample@131276c2] output={null}]
2020-08-25 14:33:52 INFO  TestBase:25 - Initiate Browser
2020-08-25 14:34:21 INFO  TestBase:32 - Browser Initiated
2020-08-25 14:34:21 INFO  TestBase:37 - successful Login
2020-08-25 14:34:21 INFO  TestBase:49 - Test name: CustomerTest
2020-08-25 14:35:12 INFO  TestBase:61 - Executed test case name:CustomerTest Execution Results : [TestResult name=CustomerTest status=FAILURE method=IncommingSample.CustomerTest()[pri:0, instance:sample.IncommingSample@131276c2] output={null}]
2020-08-25 14:41:16 INFO  TestBase:25 - Initiate Browser
2020-08-25 14:41:39 INFO  TestBase:32 - Browser Initiated
2020-08-25 14:41:39 INFO  TestBase:37 - successful Login
2020-08-25 14:41:39 INFO  TestBase:49 - Test name: CustomerTest
2020-08-25 14:45:11 INFO  TestBase:61 - Executed test case name:CustomerTest Execution Results : [TestResult name=CustomerTest status=FAILURE method=IncommingSample.CustomerTest()[pri:0, instance:sample.IncommingSample@131276c2] output={null}]
2020-08-25 14:45:21 INFO  TestBase:25 - Initiate Browser
2020-08-25 14:49:22 INFO  TestBase:32 - Browser Initiated
2020-08-25 14:49:33 INFO  TestBase:25 - Initiate Browser
2020-08-25 14:49:48 INFO  TestBase:32 - Browser Initiated
2020-08-25 14:49:48 INFO  TestBase:37 - successful Login
2020-08-25 14:49:48 INFO  TestBase:49 - Test name: CustomerTest
2020-08-25 14:50:43 INFO  TestBase:61 - Executed test case name:CustomerTest Execution Results : [TestResult name=CustomerTest status=FAILURE method=IncommingSample.CustomerTest()[pri:0, instance:sample.IncommingSample@131276c2] output={null}]
2020-08-25 14:51:24 INFO  TestBase:25 - Initiate Browser
2020-08-25 14:51:38 INFO  TestBase:32 - Browser Initiated
2020-08-25 14:51:39 INFO  TestBase:37 - successful Login
2020-08-25 14:51:39 INFO  TestBase:49 - Test name: CustomerTest
2020-08-25 14:52:13 INFO  TestBase:61 - Executed test case name:CustomerTest Execution Results : [TestResult name=CustomerTest status=FAILURE method=IncommingSample.CustomerTest()[pri:0, instance:sample.IncommingSample@131276c2] output={null}]
2020-08-25 14:55:17 INFO  TestBase:25 - Initiate Browser
2020-08-25 14:55:31 INFO  TestBase:32 - Browser Initiated
2020-08-25 14:55:32 INFO  TestBase:37 - successful Login
2020-08-25 14:55:32 INFO  TestBase:49 - Test name: CustomerTest
2020-08-25 14:55:56 INFO  TestBase:61 - Executed test case name:CustomerTest Execution Results : [TestResult name=CustomerTest status=SUCCESS method=IncommingSample.CustomerTest()[pri:0, instance:sample.IncommingSample@614ddd49] output={null}]
2020-08-25 14:57:29 INFO  TestBase:25 - Initiate Browser
2020-08-25 14:58:03 INFO  TestBase:32 - Browser Initiated
2020-08-25 14:58:25 INFO  TestBase:25 - Initiate Browser
2020-08-25 14:58:40 INFO  TestBase:32 - Browser Initiated
2020-08-25 14:58:40 INFO  TestBase:37 - successful Login
2020-08-25 14:58:40 INFO  TestBase:49 - Test name: CustomerTest
2020-08-25 14:59:42 INFO  TestBase:61 - Executed test case name:CustomerTest Execution Results : [TestResult name=CustomerTest status=FAILURE method=ProcessSample.CustomerTest()[pri:0, instance:sample.ProcessSample@131276c2] output={null}]
2020-08-25 14:59:59 INFO  TestBase:25 - Initiate Browser
2020-08-25 15:00:14 INFO  TestBase:32 - Browser Initiated
2020-08-25 15:00:14 INFO  TestBase:37 - successful Login
2020-08-25 15:00:14 INFO  TestBase:49 - Test name: CustomerTest
2020-08-25 15:01:55 INFO  TestBase:61 - Executed test case name:CustomerTest Execution Results : [TestResult name=CustomerTest status=FAILURE method=ProcessSample.CustomerTest()[pri:0, instance:sample.ProcessSample@131276c2] output={null}]
2020-08-25 15:02:57 INFO  TestBase:25 - Initiate Browser
2020-08-25 15:03:11 INFO  TestBase:32 - Browser Initiated
2020-08-25 15:03:12 INFO  TestBase:37 - successful Login
2020-08-25 15:03:12 INFO  TestBase:49 - Test name: FinishProductSample
2020-08-25 15:04:22 INFO  TestBase:61 - Executed test case name:FinishProductSample Execution Results : [TestResult name=FinishProductSample status=FAILURE method=FinishProductSample.FinishProductSample()[pri:1, instance:sample.FinishProductSample@131276c2] output={null}]
2020-08-25 15:10:48 INFO  TestBase:25 - Initiate Browser
2020-08-25 15:11:02 INFO  TestBase:32 - Browser Initiated
2020-08-25 15:11:03 INFO  TestBase:37 - successful Login
2020-08-25 15:11:03 INFO  TestBase:49 - Test name: FinishProductSample
2020-08-25 15:11:29 INFO  TestBase:61 - Executed test case name:FinishProductSample Execution Results : [TestResult name=FinishProductSample status=FAILURE method=FinishProductSample.FinishProductSample()[pri:1, instance:sample.FinishProductSample@131276c2] output={null}]
2020-08-25 15:12:45 INFO  TestBase:25 - Initiate Browser
2020-08-25 15:12:59 INFO  TestBase:32 - Browser Initiated
2020-08-25 15:13:00 INFO  TestBase:37 - successful Login
2020-08-25 15:13:00 INFO  TestBase:49 - Test name: FinishProductSample
2020-08-25 15:14:27 INFO  TestBase:25 - Initiate Browser
2020-08-25 15:14:42 INFO  TestBase:32 - Browser Initiated
2020-08-25 15:14:42 INFO  TestBase:37 - successful Login
2020-08-25 15:14:42 INFO  TestBase:49 - Test name: FinishProductSample
2020-08-25 15:15:03 INFO  TestBase:61 - Executed test case name:FinishProductSample Execution Results : [TestResult name=FinishProductSample status=FAILURE method=FinishProductSample.FinishProductSample()[pri:1, instance:sample.FinishProductSample@131276c2] output={null}]
2020-08-25 15:15:50 INFO  TestBase:25 - Initiate Browser
2020-08-25 15:16:04 INFO  TestBase:32 - Browser Initiated
2020-08-25 15:16:05 INFO  TestBase:37 - successful Login
2020-08-25 15:16:05 INFO  TestBase:49 - Test name: FinishProductSample
2020-08-25 15:18:07 INFO  TestBase:25 - Initiate Browser
2020-08-25 15:18:22 INFO  TestBase:32 - Browser Initiated
2020-08-25 15:18:22 INFO  TestBase:37 - successful Login
2020-08-25 15:18:22 INFO  TestBase:49 - Test name: FinishProductSample
2020-08-25 15:25:09 INFO  TestBase:25 - Initiate Browser
2020-08-25 15:25:22 INFO  TestBase:32 - Browser Initiated
2020-08-25 15:25:44 INFO  TestBase:25 - Initiate Browser
2020-08-25 15:25:59 INFO  TestBase:32 - Browser Initiated
2020-08-25 15:25:59 INFO  TestBase:37 - successful Login
2020-08-25 15:25:59 INFO  TestBase:49 - Test name: FinishProductSample
2020-08-25 15:26:06 INFO  TestBase:61 - Executed test case name:FinishProductSample Execution Results : [TestResult name=FinishProductSample status=SUCCESS method=FinishProductSample.FinishProductSample()[pri:1, instance:sample.FinishProductSample@131276c2] output={null}]
2020-08-25 15:26:36 INFO  TestBase:25 - Initiate Browser
2020-08-25 15:26:50 INFO  TestBase:32 - Browser Initiated
2020-08-25 15:26:51 INFO  TestBase:37 - successful Login
2020-08-25 15:26:51 INFO  TestBase:49 - Test name: FinishProductSample
2020-08-25 15:26:59 INFO  TestBase:61 - Executed test case name:FinishProductSample Execution Results : [TestResult name=FinishProductSample status=SUCCESS method=FinishProductSample.FinishProductSample()[pri:1, instance:sample.FinishProductSample@694e1548] output={null}]
2020-08-25 15:29:52 INFO  TestBase:25 - Initiate Browser
2020-08-25 15:30:07 INFO  TestBase:32 - Browser Initiated
2020-08-25 15:30:07 INFO  TestBase:37 - successful Login
2020-08-25 15:30:07 INFO  TestBase:49 - Test name: FinishProductSample
2020-08-25 15:30:16 INFO  TestBase:61 - Executed test case name:FinishProductSample Execution Results : [TestResult name=FinishProductSample status=SUCCESS method=FinishProductSample.FinishProductSample()[pri:1, instance:sample.FinishProductSample@131276c2] output={null}]
2020-08-25 15:30:50 INFO  TestBase:25 - Initiate Browser
2020-08-25 15:31:05 INFO  TestBase:32 - Browser Initiated
2020-08-25 15:31:05 INFO  TestBase:37 - successful Login
2020-08-25 15:31:05 INFO  TestBase:49 - Test name: FinishProductSample
2020-08-25 15:31:14 INFO  TestBase:61 - Executed test case name:FinishProductSample Execution Results : [TestResult name=FinishProductSample status=SUCCESS method=FinishProductSample.FinishProductSample()[pri:1, instance:sample.FinishProductSample@131276c2] output={null}]
2020-08-25 15:31:36 INFO  TestBase:25 - Initiate Browser
2020-08-25 15:31:50 INFO  TestBase:32 - Browser Initiated
2020-08-25 15:31:51 INFO  TestBase:37 - successful Login
2020-08-25 15:31:51 INFO  TestBase:49 - Test name: FinishProductSample
2020-08-25 15:32:02 INFO  TestBase:61 - Executed test case name:FinishProductSample Execution Results : [TestResult name=FinishProductSample status=SUCCESS method=FinishProductSample.FinishProductSample()[pri:1, instance:sample.FinishProductSample@131276c2] output={null}]
2020-08-25 15:33:28 INFO  TestBase:25 - Initiate Browser
2020-08-25 15:33:43 INFO  TestBase:32 - Browser Initiated
2020-08-25 15:33:43 INFO  TestBase:37 - successful Login
2020-08-25 15:33:43 INFO  TestBase:49 - Test name: SampleIssue
2020-08-25 15:33:56 INFO  TestBase:61 - Executed test case name:SampleIssue Execution Results : [TestResult name=SampleIssue status=SUCCESS method=FinishProductSampleIssue.SampleIssue()[pri:0, instance:sample.FinishProductSampleIssue@131276c2] output={null}]
2020-08-25 15:37:49 INFO  TestBase:25 - Initiate Browser
2020-08-25 15:38:03 INFO  TestBase:32 - Browser Initiated
2020-08-25 15:38:04 INFO  TestBase:37 - successful Login
2020-08-25 15:38:04 INFO  TestBase:49 - Test name: FinishProductDelivery
2020-08-25 15:38:17 INFO  TestBase:61 - Executed test case name:FinishProductDelivery Execution Results : [TestResult name=FinishProductDelivery status=SUCCESS method=FinishProductDelivery.FinishProductDelivery()[pri:0, instance:sample.FinishProductDelivery@131276c2] output={null}]
2020-08-25 15:38:29 INFO  TestBase:25 - Initiate Browser
2020-08-25 15:38:43 INFO  TestBase:32 - Browser Initiated
2020-08-25 15:38:44 INFO  TestBase:37 - successful Login
2020-08-25 15:38:44 INFO  TestBase:49 - Test name: CustomerTest
2020-08-25 15:39:00 INFO  TestBase:61 - Executed test case name:CustomerTest Execution Results : [TestResult name=CustomerTest status=SUCCESS method=ProcessSample.CustomerTest()[pri:0, instance:sample.ProcessSample@131276c2] output={null}]
2020-08-25 15:53:26 INFO  TestBase:25 - Initiate Browser
2020-08-25 15:53:41 INFO  TestBase:32 - Browser Initiated
2020-08-25 15:53:41 INFO  TestBase:37 - successful Login
2020-08-25 15:53:41 INFO  TestBase:49 - Test name: FinishProductTest
2020-08-25 15:53:48 INFO  TestBase:61 - Executed test case name:FinishProductTest Execution Results : [TestResult name=FinishProductTest status=SUCCESS method=FinishProductTest.FinishProductTest()[pri:0, instance:testtrial.FinishProductTest@131276c2] output={null}]
2020-08-25 15:56:54 INFO  TestBase:25 - Initiate Browser
2020-08-25 15:57:09 INFO  TestBase:32 - Browser Initiated
2020-08-25 15:57:09 INFO  TestBase:37 - successful Login
2020-08-25 15:57:09 INFO  TestBase:49 - Test name: FinishProductTest
2020-08-25 15:57:18 INFO  TestBase:61 - Executed test case name:FinishProductTest Execution Results : [TestResult name=FinishProductTest status=SUCCESS method=FinishProductTest.FinishProductTest()[pri:0, instance:testtrial.FinishProductTest@131276c2] output={null}]
2020-08-25 15:58:48 INFO  TestBase:25 - Initiate Browser
2020-08-25 15:59:02 INFO  TestBase:32 - Browser Initiated
2020-08-25 15:59:03 INFO  TestBase:37 - successful Login
2020-08-25 15:59:03 INFO  TestBase:49 - Test name: FinishProductTest
2020-08-25 15:59:13 INFO  TestBase:61 - Executed test case name:FinishProductTest Execution Results : [TestResult name=FinishProductTest status=SUCCESS method=FinishProductTest.FinishProductTest()[pri:0, instance:testtrial.FinishProductTest@131276c2] output={null}]
2020-08-25 16:01:58 INFO  TestBase:25 - Initiate Browser
2020-08-25 16:02:13 INFO  TestBase:32 - Browser Initiated
2020-08-25 16:02:13 INFO  TestBase:37 - successful Login
2020-08-25 16:02:13 INFO  TestBase:49 - Test name: EquipmentCalibration
2020-08-25 16:02:22 INFO  TestBase:61 - Executed test case name:EquipmentCalibration Execution Results : [TestResult name=EquipmentCalibration status=SUCCESS method=EquipmentCalibration.EquipmentCalibration()[pri:0, instance:testtrial.EquipmentCalibration@131276c2] output={null}]
2020-08-25 16:03:43 INFO  TestBase:25 - Initiate Browser
2020-08-25 16:03:57 INFO  TestBase:32 - Browser Initiated
2020-08-25 16:03:58 INFO  TestBase:37 - successful Login
2020-08-25 16:03:58 INFO  TestBase:49 - Test name: RawMaterialTest
2020-08-25 16:04:06 INFO  TestBase:61 - Executed test case name:RawMaterialTest Execution Results : [TestResult name=RawMaterialTest status=SUCCESS method=RawMaterialTest.RawMaterialTest()[pri:0, instance:testtrial.RawMaterialTest@131276c2] output={null}]
2020-08-25 16:08:31 INFO  TestBase:25 - Initiate Browser
2020-08-25 16:08:45 INFO  TestBase:32 - Browser Initiated
2020-08-25 16:08:46 INFO  TestBase:37 - successful Login
2020-08-25 16:08:46 INFO  TestBase:49 - Test name: FinishProductTest
2020-08-25 16:08:59 INFO  TestBase:61 - Executed test case name:FinishProductTest Execution Results : [TestResult name=FinishProductTest status=SUCCESS method=FinishProductTest.FinishProductTest()[pri:0, instance:testtrial.FinishProductTest@131276c2] output={null}]
2020-08-25 16:12:36 INFO  TestBase:25 - Initiate Browser
2020-08-25 16:12:51 INFO  TestBase:32 - Browser Initiated
2020-08-25 16:12:52 INFO  TestBase:37 - successful Login
2020-08-25 16:12:52 INFO  TestBase:49 - Test name: EquipmentCalibration
2020-08-25 16:13:07 INFO  TestBase:61 - Executed test case name:EquipmentCalibration Execution Results : [TestResult name=EquipmentCalibration status=FAILURE method=EquipmentCalibration.EquipmentCalibration()[pri:0, instance:testtrial.EquipmentCalibration@694e1548] output={null}]
2020-08-25 16:15:28 INFO  TestBase:25 - Initiate Browser
2020-08-25 16:15:43 INFO  TestBase:32 - Browser Initiated
2020-08-25 16:15:43 INFO  TestBase:37 - successful Login
2020-08-25 16:15:43 INFO  TestBase:49 - Test name: EquipmentCalibration
2020-08-25 16:16:01 INFO  TestBase:61 - Executed test case name:EquipmentCalibration Execution Results : [TestResult name=EquipmentCalibration status=SUCCESS method=EquipmentCalibration.EquipmentCalibration()[pri:0, instance:testtrial.EquipmentCalibration@694e1548] output={null}]
2020-08-25 16:17:11 INFO  TestBase:25 - Initiate Browser
2020-08-25 16:17:25 INFO  TestBase:32 - Browser Initiated
2020-08-25 16:17:26 INFO  TestBase:37 - successful Login
2020-08-25 16:17:26 INFO  TestBase:49 - Test name: EquipmentCalibration
2020-08-25 16:17:45 INFO  TestBase:61 - Executed test case name:EquipmentCalibration Execution Results : [TestResult name=EquipmentCalibration status=SUCCESS method=EquipmentCalibration.EquipmentCalibration()[pri:0, instance:testtrial.EquipmentCalibration@131276c2] output={null}]
2020-08-25 16:20:09 INFO  TestBase:25 - Initiate Browser
2020-08-25 16:20:24 INFO  TestBase:32 - Browser Initiated
2020-08-25 16:20:24 INFO  TestBase:37 - successful Login
2020-08-25 16:20:24 INFO  TestBase:49 - Test name: EquipmentCalibration
2020-08-25 16:20:46 INFO  TestBase:61 - Executed test case name:EquipmentCalibration Execution Results : [TestResult name=EquipmentCalibration status=SUCCESS method=EquipmentCalibration.EquipmentCalibration()[pri:0, instance:testtrial.EquipmentCalibration@131276c2] output={null}]
2020-08-25 16:22:41 INFO  TestBase:25 - Initiate Browser
2020-08-25 16:22:56 INFO  TestBase:32 - Browser Initiated
2020-08-25 16:22:56 INFO  TestBase:37 - successful Login
2020-08-25 16:22:56 INFO  TestBase:49 - Test name: EquipmentCalibration
2020-08-25 16:23:19 INFO  TestBase:61 - Executed test case name:EquipmentCalibration Execution Results : [TestResult name=EquipmentCalibration status=SUCCESS method=EquipmentCalibration.EquipmentCalibration()[pri:0, instance:testtrial.EquipmentCalibration@131276c2] output={null}]
2020-08-25 16:23:32 INFO  TestBase:25 - Initiate Browser
2020-08-25 16:23:44 INFO  TestBase:32 - Browser Initiated
2020-08-25 16:24:04 INFO  TestBase:25 - Initiate Browser
2020-08-25 16:24:19 INFO  TestBase:32 - Browser Initiated
2020-08-25 16:24:19 INFO  TestBase:37 - successful Login
2020-08-25 16:24:19 INFO  TestBase:49 - Test name: EquipmentCalibration
2020-08-25 16:24:42 INFO  TestBase:61 - Executed test case name:EquipmentCalibration Execution Results : [TestResult name=EquipmentCalibration status=SUCCESS method=EquipmentCalibration.EquipmentCalibration()[pri:0, instance:testtrial.EquipmentCalibration@131276c2] output={null}]
2020-08-25 16:25:01 INFO  TestBase:25 - Initiate Browser
2020-08-25 16:25:16 INFO  TestBase:32 - Browser Initiated
2020-08-25 16:25:16 INFO  TestBase:37 - successful Login
2020-08-25 16:25:16 INFO  TestBase:49 - Test name: EquipmentCalibration
2020-08-25 16:25:39 INFO  TestBase:61 - Executed test case name:EquipmentCalibration Execution Results : [TestResult name=EquipmentCalibration status=SUCCESS method=EquipmentCalibration.EquipmentCalibration()[pri:0, instance:testtrial.EquipmentCalibration@131276c2] output={null}]
2020-08-25 16:31:10 INFO  TestBase:25 - Initiate Browser
2020-08-25 16:31:25 INFO  TestBase:32 - Browser Initiated
2020-08-25 16:31:25 INFO  TestBase:37 - successful Login
2020-08-25 16:31:25 INFO  TestBase:49 - Test name: EquipmentCalibration
2020-08-25 16:33:32 INFO  TestBase:61 - Executed test case name:EquipmentCalibration Execution Results : [TestResult name=EquipmentCalibration status=FAILURE method=EquipmentCalibration.EquipmentCalibration()[pri:0, instance:testtrial.EquipmentCalibration@131276c2] output={null}]
2020-08-25 16:33:59 INFO  TestBase:25 - Initiate Browser
2020-08-25 16:34:13 INFO  TestBase:32 - Browser Initiated
2020-08-25 16:34:14 INFO  TestBase:37 - successful Login
2020-08-25 16:34:14 INFO  TestBase:49 - Test name: EquipmentCalibration
2020-08-25 16:39:14 INFO  TestBase:25 - Initiate Browser
2020-08-25 16:39:29 INFO  TestBase:32 - Browser Initiated
2020-08-25 16:39:29 INFO  TestBase:37 - successful Login
2020-08-25 16:39:29 INFO  TestBase:49 - Test name: EquipmentCalibration
2020-08-25 16:41:38 INFO  TestBase:25 - Initiate Browser
2020-08-25 16:41:53 INFO  TestBase:32 - Browser Initiated
2020-08-25 16:41:53 INFO  TestBase:37 - successful Login
2020-08-25 16:41:53 INFO  TestBase:49 - Test name: EquipmentCalibration
2020-08-25 17:01:22 INFO  TestBase:61 - Executed test case name:EquipmentCalibration Execution Results : [TestResult name=EquipmentCalibration status=FAILURE method=EquipmentCalibration.EquipmentCalibration()[pri:0, instance:testtrial.EquipmentCalibration@131276c2] output={null}]
2020-08-25 18:22:24 INFO  TestBase:25 - Initiate Browser
2020-08-25 18:22:37 INFO  TestBase:32 - Browser Initiated
2020-08-25 18:22:37 INFO  TestBase:37 - successful Login
2020-08-25 18:22:37 INFO  TestBase:49 - Test name: EquipmentCalibration
2020-08-25 18:22:57 INFO  TestBase:61 - Executed test case name:EquipmentCalibration Execution Results : [TestResult name=EquipmentCalibration status=FAILURE method=EquipmentCalibration.EquipmentCalibration()[pri:0, instance:testtrial.EquipmentCalibration@711f39f9] output={null}]
2020-08-25 18:23:47 INFO  TestBase:25 - Initiate Browser
2020-08-25 18:24:01 INFO  TestBase:32 - Browser Initiated
2020-08-25 18:24:01 INFO  TestBase:37 - successful Login
2020-08-25 18:24:01 INFO  TestBase:49 - Test name: EquipmentCalibration
2020-08-25 18:26:03 INFO  TestBase:25 - Initiate Browser
2020-08-25 18:26:17 INFO  TestBase:32 - Browser Initiated
2020-08-25 18:26:17 INFO  TestBase:37 - successful Login
2020-08-25 18:26:17 INFO  TestBase:49 - Test name: EquipmentCalibration
2020-08-25 18:28:26 INFO  TestBase:25 - Initiate Browser
2020-08-25 18:28:40 INFO  TestBase:32 - Browser Initiated
2020-08-25 18:28:40 INFO  TestBase:37 - successful Login
2020-08-25 18:28:40 INFO  TestBase:49 - Test name: EquipmentCalibration
2020-08-25 18:29:09 INFO  TestBase:61 - Executed test case name:EquipmentCalibration Execution Results : [TestResult name=EquipmentCalibration status=FAILURE method=EquipmentCalibration.EquipmentCalibration()[pri:0, instance:testtrial.EquipmentCalibration@711f39f9] output={null}]
2020-08-25 18:29:35 INFO  TestBase:25 - Initiate Browser
2020-08-25 18:29:48 INFO  TestBase:32 - Browser Initiated
2020-08-25 18:29:49 INFO  TestBase:37 - successful Login
2020-08-25 18:29:49 INFO  TestBase:49 - Test name: EquipmentCalibration
2020-08-25 18:37:10 INFO  TestBase:61 - Executed test case name:EquipmentCalibration Execution Results : [TestResult name=EquipmentCalibration status=FAILURE method=EquipmentCalibration.EquipmentCalibration()[pri:0, instance:testtrial.EquipmentCalibration@1c3a4799] output={null}]
2020-08-25 18:57:24 INFO  TestBase:25 - Initiate Browser
2020-08-25 18:57:38 INFO  TestBase:32 - Browser Initiated
2020-08-25 18:57:38 INFO  TestBase:37 - successful Login
2020-08-25 18:57:38 INFO  TestBase:49 - Test name: EquipmentCalibration
2020-08-25 19:48:00 INFO  TestBase:61 - Executed test case name:EquipmentCalibration Execution Results : [TestResult name=EquipmentCalibration status=FAILURE method=EquipmentCalibration.EquipmentCalibration()[pri:0, instance:testtrial.EquipmentCalibration@711f39f9] output={null}]
2020-08-26 14:20:18 INFO  TestBase:25 - Initiate Browser
2020-08-26 14:20:32 INFO  TestBase:32 - Browser Initiated
2020-08-26 14:20:32 INFO  TestBase:37 - successful Login
2020-08-26 14:20:32 INFO  TestBase:49 - Test name: EquipmentCalibration
2020-08-26 14:29:47 INFO  TestBase:25 - Initiate Browser
2020-08-26 14:30:02 INFO  TestBase:32 - Browser Initiated
2020-08-26 14:30:02 INFO  TestBase:37 - successful Login
2020-08-26 14:30:02 INFO  TestBase:49 - Test name: EquipmentCalibration
2020-08-26 14:30:48 INFO  TestBase:25 - Initiate Browser
2020-08-26 14:34:48 INFO  TestBase:25 - Initiate Browser
2020-08-26 14:35:02 INFO  TestBase:32 - Browser Initiated
2020-08-26 14:35:02 INFO  TestBase:37 - successful Login
2020-08-26 14:35:02 INFO  TestBase:49 - Test name: EquipmentCalibration
2020-08-26 14:38:45 INFO  TestBase:25 - Initiate Browser
2020-08-26 14:39:00 INFO  TestBase:32 - Browser Initiated
2020-08-26 14:39:00 INFO  TestBase:37 - successful Login
2020-08-26 14:39:00 INFO  TestBase:49 - Test name: EquipmentCalibration
2020-08-26 14:44:44 INFO  TestBase:25 - Initiate Browser
2020-08-26 14:44:44 INFO  TestBase:61 - Executed test case name:EquipmentCalibration Execution Results : [TestResult name=EquipmentCalibration status=FAILURE method=EquipmentCalibration.EquipmentCalibration()[pri:0, instance:testtrial.EquipmentCalibration@614ddd49] output={null}]
2020-08-26 14:44:58 INFO  TestBase:32 - Browser Initiated
2020-08-26 14:44:59 INFO  TestBase:37 - successful Login
2020-08-26 14:44:59 INFO  TestBase:49 - Test name: EquipmentCalibration
2020-08-26 14:47:28 INFO  TestBase:25 - Initiate Browser
2020-08-26 14:47:43 INFO  TestBase:32 - Browser Initiated
2020-08-26 14:47:44 INFO  TestBase:37 - successful Login
2020-08-26 14:47:44 INFO  TestBase:49 - Test name: EquipmentCalibration
2020-08-26 14:48:29 INFO  TestBase:61 - Executed test case name:EquipmentCalibration Execution Results : [TestResult name=EquipmentCalibration status=FAILURE method=EquipmentCalibration.EquipmentCalibration()[pri:0, instance:testtrial.EquipmentCalibration@131276c2] output={null}]
2020-08-26 14:49:24 INFO  TestBase:25 - Initiate Browser
2020-08-26 14:49:39 INFO  TestBase:32 - Browser Initiated
2020-08-26 14:49:40 INFO  TestBase:37 - successful Login
2020-08-26 14:49:40 INFO  TestBase:49 - Test name: EquipmentCalibration
2020-08-26 14:50:17 INFO  TestBase:61 - Executed test case name:EquipmentCalibration Execution Results : [TestResult name=EquipmentCalibration status=SUCCESS method=EquipmentCalibration.EquipmentCalibration()[pri:0, instance:testtrial.EquipmentCalibration@131276c2] output={null}]
2020-08-26 14:50:35 INFO  TestBase:25 - Initiate Browser
2020-08-26 14:50:50 INFO  TestBase:32 - Browser Initiated
2020-08-26 14:50:50 INFO  TestBase:37 - successful Login
2020-08-26 14:50:50 INFO  TestBase:49 - Test name: EquipmentCalibration
2020-08-26 14:51:29 INFO  TestBase:61 - Executed test case name:EquipmentCalibration Execution Results : [TestResult name=EquipmentCalibration status=SUCCESS method=EquipmentCalibration.EquipmentCalibration()[pri:0, instance:testtrial.EquipmentCalibration@131276c2] output={null}]
2020-08-26 14:56:44 INFO  TestBase:25 - Initiate Browser
2020-08-26 14:57:04 INFO  TestBase:32 - Browser Initiated
2020-08-26 14:57:05 INFO  TestBase:37 - successful Login
2020-08-26 14:57:05 INFO  TestBase:49 - Test name: ConcreteSlumpTest
2020-08-26 14:57:43 INFO  TestBase:61 - Executed test case name:ConcreteSlumpTest Execution Results : [TestResult name=ConcreteSlumpTest status=FAILURE method=FinishProductTest.ConcreteSlumpTest()[pri:0, instance:testtrial.FinishProductTest@694e1548] output={null}]
2020-08-26 14:58:10 INFO  TestBase:25 - Initiate Browser
2020-08-26 14:58:34 INFO  TestBase:32 - Browser Initiated
2020-08-26 14:58:34 INFO  TestBase:37 - successful Login
2020-08-26 14:58:34 INFO  TestBase:49 - Test name: ConcreteSlumpTest
2020-08-26 14:58:45 INFO  TestBase:61 - Executed test case name:ConcreteSlumpTest Execution Results : [TestResult name=ConcreteSlumpTest status=SUCCESS method=FinishProductTest.ConcreteSlumpTest()[pri:0, instance:testtrial.FinishProductTest@131276c2] output={null}]
2020-08-26 15:00:54 INFO  TestBase:25 - Initiate Browser
2020-08-26 15:01:12 INFO  TestBase:32 - Browser Initiated
2020-08-26 15:01:12 INFO  TestBase:37 - successful Login
2020-08-26 15:01:12 INFO  TestBase:49 - Test name: ConcreteSlumpTest
2020-08-26 15:01:28 INFO  TestBase:61 - Executed test case name:ConcreteSlumpTest Execution Results : [TestResult name=ConcreteSlumpTest status=SUCCESS method=FinishProductTest.ConcreteSlumpTest()[pri:0, instance:testtrial.FinishProductTest@694e1548] output={null}]
2020-08-26 15:04:11 INFO  TestBase:25 - Initiate Browser
2020-08-26 15:04:27 INFO  TestBase:32 - Browser Initiated
2020-08-26 15:04:27 INFO  TestBase:37 - successful Login
2020-08-26 15:04:27 INFO  TestBase:49 - Test name: ConcreteStrengthTest
2020-08-26 15:04:44 INFO  TestBase:61 - Executed test case name:ConcreteStrengthTest Execution Results : [TestResult name=ConcreteStrengthTest status=SUCCESS method=FinishProductTest.ConcreteStrengthTest()[pri:0, instance:testtrial.FinishProductTest@131276c2] output={null}]
2020-08-26 15:05:59 INFO  TestBase:25 - Initiate Browser
2020-08-26 15:06:19 INFO  TestBase:32 - Browser Initiated
2020-08-26 15:06:19 INFO  TestBase:37 - successful Login
2020-08-26 15:06:19 INFO  TestBase:49 - Test name: Concrete5StrengthTest
2020-08-26 15:06:38 INFO  TestBase:61 - Executed test case name:Concrete5StrengthTest Execution Results : [TestResult name=Concrete5StrengthTest status=SUCCESS method=FinishProductTest.Concrete5StrengthTest()[pri:0, instance:testtrial.FinishProductTest@131276c2] output={null}]
2020-08-26 15:09:06 INFO  TestBase:25 - Initiate Browser
2020-08-26 15:09:22 INFO  TestBase:32 - Browser Initiated
2020-08-26 15:09:22 INFO  TestBase:37 - successful Login
2020-08-26 15:09:22 INFO  TestBase:49 - Test name: AggregateSlumpTest
2020-08-26 15:09:38 INFO  TestBase:61 - Executed test case name:AggregateSlumpTest Execution Results : [TestResult name=AggregateSlumpTest status=SUCCESS method=FinishProductTest.AggregateSlumpTest()[pri:4, instance:testtrial.FinishProductTest@131276c2] output={null}]
2020-08-26 15:12:18 INFO  TestBase:25 - Initiate Browser
2020-08-26 15:12:34 INFO  TestBase:32 - Browser Initiated
2020-08-26 15:12:34 INFO  TestBase:37 - successful Login
2020-08-26 15:12:34 INFO  TestBase:49 - Test name: Aggregate5DayStrengthTest
2020-08-26 15:12:51 INFO  TestBase:61 - Executed test case name:Aggregate5DayStrengthTest Execution Results : [TestResult name=Aggregate5DayStrengthTest status=SUCCESS method=FinishProductTest.Aggregate5DayStrengthTest()[pri:6, instance:testtrial.FinishProductTest@131276c2] output={null}]
2020-08-26 15:13:12 INFO  TestBase:25 - Initiate Browser
2020-08-26 15:13:28 INFO  TestBase:32 - Browser Initiated
2020-08-26 15:13:29 INFO  TestBase:37 - successful Login
2020-08-26 15:13:29 INFO  TestBase:49 - Test name: Aggregate5DayStrengthTest
2020-08-26 15:13:44 INFO  TestBase:61 - Executed test case name:Aggregate5DayStrengthTest Execution Results : [TestResult name=Aggregate5DayStrengthTest status=SUCCESS method=FinishProductTest.Aggregate5DayStrengthTest()[pri:6, instance:testtrial.FinishProductTest@131276c2] output={null}]
2020-08-26 15:36:22 INFO  TestBase:25 - Initiate Browser
2020-08-26 15:36:38 INFO  TestBase:32 - Browser Initiated
2020-08-26 15:36:39 INFO  TestBase:37 - successful Login
2020-08-26 15:36:39 INFO  TestBase:49 - Test name: ConcreteSlumpTest
2020-08-26 15:36:58 INFO  TestBase:61 - Executed test case name:ConcreteSlumpTest Execution Results : [TestResult name=ConcreteSlumpTest status=SUCCESS method=ChemicalAdmixture.ConcreteSlumpTest()[pri:1, instance:testtrial.Rawmaterial.admixture.ChemicalAdmixture@131276c2] output={null}]
2020-08-26 15:39:06 INFO  TestBase:25 - Initiate Browser
2020-08-26 15:39:22 INFO  TestBase:32 - Browser Initiated
2020-08-26 15:39:22 INFO  TestBase:37 - successful Login
2020-08-26 15:39:22 INFO  TestBase:49 - Test name: minaralTest
2020-08-26 15:39:40 INFO  TestBase:61 - Executed test case name:minaralTest Execution Results : [TestResult name=minaralTest status=SUCCESS method=MinaralAdmixture.minaralTest()[pri:1, instance:testtrial.Rawmaterial.admixture.MinaralAdmixture@131276c2] output={null}]
2020-08-26 15:53:49 INFO  TestBase:25 - Initiate Browser
2020-08-26 15:54:07 INFO  TestBase:32 - Browser Initiated
2020-08-26 15:54:08 INFO  TestBase:37 - successful Login
2020-08-26 15:54:08 INFO  TestBase:49 - Test name: ConfiqureTest
2020-08-26 15:54:23 INFO  TestBase:61 - Executed test case name:ConfiqureTest Execution Results : [TestResult name=ConfiqureTest status=SUCCESS method=TestConfiqure.ConfiqureTest()[pri:1, instance:testconfiguration.TestConfiqure@131276c2] output={null}]
2020-08-26 16:01:00 INFO  TestBase:25 - Initiate Browser
2020-08-26 16:01:15 INFO  TestBase:32 - Browser Initiated
2020-08-26 16:01:15 INFO  TestBase:37 - successful Login
2020-08-26 16:01:15 INFO  TestBase:49 - Test name: ConfiqureTest
2020-08-26 16:01:28 INFO  TestBase:61 - Executed test case name:ConfiqureTest Execution Results : [TestResult name=ConfiqureTest status=SUCCESS method=TestConfiqure.ConfiqureTest()[pri:1, instance:testconfiguration.TestConfiqure@131276c2] output={null}]
2020-08-26 16:06:27 INFO  TestBase:25 - Initiate Browser
2020-08-26 16:06:44 INFO  TestBase:32 - Browser Initiated
2020-08-26 16:06:45 INFO  TestBase:37 - successful Login
2020-08-26 16:06:45 INFO  TestBase:49 - Test name: ConfiqureTest
2020-08-26 16:07:02 INFO  TestBase:61 - Executed test case name:ConfiqureTest Execution Results : [TestResult name=ConfiqureTest status=SUCCESS method=TestConfiqure.ConfiqureTest()[pri:1, instance:testconfiguration.TestConfiqure@131276c2] output={null}]
2020-08-26 16:08:51 INFO  TestBase:25 - Initiate Browser
2020-08-26 16:09:08 INFO  TestBase:32 - Browser Initiated
2020-08-26 16:09:08 INFO  TestBase:37 - successful Login
2020-08-26 16:09:08 INFO  TestBase:49 - Test name: ConfiqureTest
2020-08-26 16:09:28 INFO  TestBase:61 - Executed test case name:ConfiqureTest Execution Results : [TestResult name=ConfiqureTest status=SUCCESS method=TestConfiqure.ConfiqureTest()[pri:1, instance:testconfiguration.TestConfiqure@131276c2] output={null}]
2020-08-26 16:09:39 INFO  TestBase:25 - Initiate Browser
2020-08-26 16:09:55 INFO  TestBase:32 - Browser Initiated
2020-08-26 16:09:55 INFO  TestBase:37 - successful Login
2020-08-26 16:09:55 INFO  TestBase:49 - Test name: ConfiqureTest
2020-08-26 16:10:13 INFO  TestBase:61 - Executed test case name:ConfiqureTest Execution Results : [TestResult name=ConfiqureTest status=SUCCESS method=TestConfiqure.ConfiqureTest()[pri:1, instance:testconfiguration.TestConfiqure@131276c2] output={null}]
2020-08-26 16:13:51 INFO  TestBase:25 - Initiate Browser
2020-08-26 16:14:07 INFO  TestBase:32 - Browser Initiated
2020-08-26 16:14:08 INFO  TestBase:37 - successful Login
2020-08-26 16:14:08 INFO  TestBase:49 - Test name: ConfiqureTest
2020-08-26 16:14:57 INFO  TestBase:61 - Executed test case name:ConfiqureTest Execution Results : [TestResult name=ConfiqureTest status=FAILURE method=TestConfiqure.ConfiqureTest()[pri:1, instance:testconfiguration.TestConfiqure@131276c2] output={null}]
2020-08-26 16:15:55 INFO  TestBase:25 - Initiate Browser
2020-08-26 16:16:11 INFO  TestBase:32 - Browser Initiated
2020-08-26 16:16:11 INFO  TestBase:37 - successful Login
2020-08-26 16:16:12 INFO  TestBase:49 - Test name: ConfiqureTest
2020-08-26 16:17:39 INFO  TestBase:25 - Initiate Browser
2020-08-26 16:18:18 INFO  TestBase:32 - Browser Initiated
2020-08-26 16:18:18 INFO  TestBase:37 - successful Login
2020-08-26 16:18:18 INFO  TestBase:49 - Test name: ConfiqureTest
2020-08-26 16:26:11 INFO  TestBase:25 - Initiate Browser
2020-08-26 16:26:37 INFO  TestBase:32 - Browser Initiated
2020-08-26 16:26:37 INFO  TestBase:37 - successful Login
2020-08-26 16:26:37 INFO  TestBase:49 - Test name: ConfiqureTest
2020-08-26 16:28:59 INFO  TestBase:61 - Executed test case name:ConfiqureTest Execution Results : [TestResult name=ConfiqureTest status=FAILURE method=TestConfiqure.ConfiqureTest()[pri:1, instance:testconfiguration.TestConfiqure@711f39f9] output={null}]
2020-08-27 14:01:58 INFO  TestBase:25 - Initiate Browser
2020-08-27 14:02:22 INFO  TestBase:32 - Browser Initiated
2020-08-27 14:02:22 INFO  TestBase:37 - successful Login
2020-08-27 14:02:22 INFO  TestBase:49 - Test name: EquipmentCalibration
2020-08-27 14:03:04 INFO  TestBase:61 - Executed test case name:EquipmentCalibration Execution Results : [TestResult name=EquipmentCalibration status=SUCCESS method=EquipmentCalibration.EquipmentCalibration()[pri:0, instance:testtrial.EquipmentCalibration@131276c2] output={null}]
2020-08-27 14:13:04 INFO  TestBase:25 - Initiate Browser
2020-08-27 14:13:44 INFO  TestBase:25 - Initiate Browser
2020-08-27 14:14:01 INFO  TestBase:32 - Browser Initiated
2020-08-27 14:14:02 INFO  TestBase:37 - successful Login
2020-08-27 14:14:02 INFO  TestBase:49 - Test name: ConcreteSlumpTest
2020-08-27 14:15:10 INFO  TestBase:61 - Executed test case name:ConcreteSlumpTest Execution Results : [TestResult name=ConcreteSlumpTest status=SUCCESS method=FinishProductTest.ConcreteSlumpTest()[pri:1, instance:testtrial.FinishProductTest@131276c2] output={null}]
2020-08-27 14:15:54 INFO  TestBase:25 - Initiate Browser
2020-08-27 14:16:11 INFO  TestBase:32 - Browser Initiated
2020-08-27 14:16:12 INFO  TestBase:37 - successful Login
2020-08-27 14:16:12 INFO  TestBase:49 - Test name: ConcreteSlumpTest
2020-08-27 14:16:42 INFO  TestBase:61 - Executed test case name:ConcreteSlumpTest Execution Results : [TestResult name=ConcreteSlumpTest status=SUCCESS method=FinishProductTest.ConcreteSlumpTest()[pri:1, instance:testtrial.FinishProductTest@131276c2] output={null}]
2020-08-27 14:17:26 INFO  TestBase:25 - Initiate Browser
2020-08-27 14:20:04 INFO  TestBase:25 - Initiate Browser
2020-08-27 14:20:20 INFO  TestBase:32 - Browser Initiated
2020-08-27 14:20:21 INFO  TestBase:37 - successful Login
2020-08-27 14:20:21 INFO  TestBase:49 - Test name: ConcreteSlumpTest
2020-08-27 14:20:54 INFO  TestBase:61 - Executed test case name:ConcreteSlumpTest Execution Results : [TestResult name=ConcreteSlumpTest status=SUCCESS method=FinishProductTest.ConcreteSlumpTest()[pri:1, instance:testtrial.FinishProductTest@131276c2] output={null}]
2020-08-27 14:21:23 INFO  TestBase:25 - Initiate Browser
2020-08-27 14:21:41 INFO  TestBase:32 - Browser Initiated
2020-08-27 14:21:41 INFO  TestBase:37 - successful Login
2020-08-27 14:21:41 INFO  TestBase:49 - Test name: ConcreteSlumpTest
2020-08-27 14:22:44 INFO  TestBase:61 - Executed test case name:ConcreteSlumpTest Execution Results : [TestResult name=ConcreteSlumpTest status=FAILURE method=FinishProductTest.ConcreteSlumpTest()[pri:1, instance:testtrial.FinishProductTest@694e1548] output={null}]
2020-08-27 14:23:24 INFO  TestBase:25 - Initiate Browser
2020-08-27 14:23:43 INFO  TestBase:32 - Browser Initiated
2020-08-27 14:23:44 INFO  TestBase:37 - successful Login
2020-08-27 14:23:44 INFO  TestBase:49 - Test name: ConcreteSlumpTest
2020-08-27 14:24:00 INFO  TestBase:61 - Executed test case name:ConcreteSlumpTest Execution Results : [TestResult name=ConcreteSlumpTest status=SUCCESS method=FinishProductTest.ConcreteSlumpTest()[pri:1, instance:testtrial.FinishProductTest@131276c2] output={null}]
2020-08-27 14:25:59 INFO  TestBase:25 - Initiate Browser
2020-08-27 14:26:16 INFO  TestBase:32 - Browser Initiated
2020-08-27 14:26:16 INFO  TestBase:37 - successful Login
2020-08-27 14:26:16 INFO  TestBase:49 - Test name: ConcreteSlumpTest
2020-08-27 14:26:37 INFO  TestBase:61 - Executed test case name:ConcreteSlumpTest Execution Results : [TestResult name=ConcreteSlumpTest status=SUCCESS method=FinishProductTest.ConcreteSlumpTest()[pri:1, instance:testtrial.FinishProductTest@131276c2] output={null}]
2020-08-27 14:28:00 INFO  TestBase:25 - Initiate Browser
2020-08-27 14:28:14 INFO  TestBase:32 - Browser Initiated
2020-08-27 14:28:15 INFO  TestBase:37 - successful Login
2020-08-27 14:28:15 INFO  TestBase:49 - Test name: ConcreteSlumpTest
2020-08-27 14:28:26 INFO  TestBase:61 - Executed test case name:ConcreteSlumpTest Execution Results : [TestResult name=ConcreteSlumpTest status=SUCCESS method=FinishProductTest.ConcreteSlumpTest()[pri:1, instance:testtrial.FinishProductTest@711f39f9] output={null}]
2020-08-27 14:32:36 INFO  TestBase:25 - Initiate Browser
2020-08-27 14:32:55 INFO  TestBase:32 - Browser Initiated
2020-08-27 14:32:55 INFO  TestBase:37 - successful Login
2020-08-27 14:32:55 INFO  TestBase:49 - Test name: ConcreteSlumpTest
2020-08-27 14:33:10 INFO  TestBase:61 - Executed test case name:ConcreteSlumpTest Execution Results : [TestResult name=ConcreteSlumpTest status=SUCCESS method=FinishProductTest.ConcreteSlumpTest()[pri:1, instance:testtrial.FinishProductTest@711f39f9] output={null}]
2020-08-27 14:39:10 INFO  TestBase:25 - Initiate Browser
2020-08-27 14:39:29 INFO  TestBase:32 - Browser Initiated
2020-08-27 14:39:29 INFO  TestBase:37 - successful Login
2020-08-27 14:39:29 INFO  TestBase:49 - Test name: ConcreteSlumpTest
2020-08-27 14:40:08 INFO  TestBase:61 - Executed test case name:ConcreteSlumpTest Execution Results : [TestResult name=ConcreteSlumpTest status=FAILURE method=FinishProductTest.ConcreteSlumpTest()[pri:1, instance:testtrial.FinishProductTest@711f39f9] output={null}]
2020-08-27 14:45:08 INFO  TestBase:25 - Initiate Browser
2020-08-27 14:45:23 INFO  TestBase:32 - Browser Initiated
2020-08-27 14:45:24 INFO  TestBase:37 - successful Login
2020-08-27 14:45:24 INFO  TestBase:49 - Test name: ConcreteSlumpTest
2020-08-28 10:14:36 INFO  TestBase:25 - Initiate Browser
2020-08-28 10:14:55 INFO  TestBase:32 - Browser Initiated
2020-08-28 10:14:55 INFO  TestBase:37 - successful Login
2020-08-28 10:14:55 INFO  TestBase:49 - Test name: test
2020-08-28 10:14:59 INFO  TestBase:55 - Executed test case name:test Execution Results : [TestResult name=test status=FAILURE method=Test_Configration.test()[pri:1, instance:testconfiguration.configuretestNV.Test_Configration@131276c2] output={null}]
2020-08-28 10:17:10 INFO  TestBase:25 - Initiate Browser
2020-08-28 10:17:27 INFO  TestBase:32 - Browser Initiated
2020-08-28 10:17:27 INFO  TestBase:37 - successful Login
2020-08-28 10:17:27 INFO  TestBase:49 - Test name: test
2020-08-28 10:17:33 INFO  TestBase:55 - Executed test case name:test Execution Results : [TestResult name=test status=SUCCESS method=Test_Configration.test()[pri:1, instance:testconfiguration.configuretestNV.Test_Configration@711f39f9] output={null}]
2020-08-28 11:06:08 INFO  TestBase:25 - Initiate Browser
2020-08-28 11:06:25 INFO  TestBase:32 - Browser Initiated
2020-08-28 11:06:26 INFO  TestBase:37 - successful Login
2020-08-28 11:06:26 INFO  TestBase:49 - Test name: test
2020-08-28 11:06:30 INFO  TestBase:55 - Executed test case name:test Execution Results : [TestResult name=test status=FAILURE method=Test_Configration.test()[pri:1, instance:testconfiguration.configuretestNV.Test_Configration@711f39f9] output={null}]
2020-08-28 11:11:36 INFO  TestBase:25 - Initiate Browser
2020-08-28 11:11:51 INFO  TestBase:32 - Browser Initiated
2020-08-28 11:11:52 INFO  TestBase:37 - successful Login
2020-08-28 11:11:52 INFO  TestBase:49 - Test name: test
2020-08-28 11:11:55 INFO  TestBase:55 - Executed test case name:test Execution Results : [TestResult name=test status=FAILURE method=Test_Configration.test()[pri:1, instance:testconfiguration.configuretestNV.Test_Configration@711f39f9] output={null}]
2020-08-28 11:12:52 INFO  TestBase:25 - Initiate Browser
2020-08-28 11:13:09 INFO  TestBase:32 - Browser Initiated
2020-08-28 11:13:09 INFO  TestBase:37 - successful Login
2020-08-28 11:13:09 INFO  TestBase:49 - Test name: test
2020-08-28 11:13:13 INFO  TestBase:55 - Executed test case name:test Execution Results : [TestResult name=test status=FAILURE method=Test_Configration.test()[pri:1, instance:testconfiguration.configuretestNV.Test_Configration@711f39f9] output={null}]
2020-08-28 11:14:05 INFO  TestBase:25 - Initiate Browser
2020-08-28 11:14:20 INFO  TestBase:32 - Browser Initiated
2020-08-28 11:14:21 INFO  TestBase:37 - successful Login
2020-08-28 11:14:21 INFO  TestBase:49 - Test name: test
2020-08-28 11:14:25 INFO  TestBase:55 - Executed test case name:test Execution Results : [TestResult name=test status=FAILURE method=Test_Configration.test()[pri:1, instance:testconfiguration.configuretestNV.Test_Configration@711f39f9] output={null}]
2020-08-28 11:17:43 INFO  TestBase:25 - Initiate Browser
2020-08-28 11:17:59 INFO  TestBase:32 - Browser Initiated
2020-08-28 11:18:00 INFO  TestBase:37 - successful Login
2020-08-28 11:18:00 INFO  TestBase:49 - Test name: test
2020-08-28 11:18:03 INFO  TestBase:55 - Executed test case name:test Execution Results : [TestResult name=test status=FAILURE method=Test_Configration.test()[pri:1, instance:testconfiguration.configuretestNV.Test_Configration@711f39f9] output={null}]
2020-08-28 11:19:20 INFO  TestBase:25 - Initiate Browser
2020-08-28 11:19:35 INFO  TestBase:32 - Browser Initiated
2020-08-28 11:19:35 INFO  TestBase:37 - successful Login
2020-08-28 11:19:35 INFO  TestBase:49 - Test name: test
2020-08-28 11:19:39 INFO  TestBase:55 - Executed test case name:test Execution Results : [TestResult name=test status=FAILURE method=Test_Configration.test()[pri:1, instance:testconfiguration.configuretestNV.Test_Configration@711f39f9] output={null}]
2020-08-28 11:21:18 INFO  TestBase:25 - Initiate Browser
2020-08-28 11:21:33 INFO  TestBase:32 - Browser Initiated
2020-08-28 11:21:33 INFO  TestBase:37 - successful Login
2020-08-28 11:21:33 INFO  TestBase:49 - Test name: test
2020-08-28 11:21:40 INFO  TestBase:55 - Executed test case name:test Execution Results : [TestResult name=test status=FAILURE method=Test_Configration.test()[pri:1, instance:testconfiguration.configuretestNV.Test_Configration@711f39f9] output={null}]
2020-08-28 11:40:03 INFO  TestBase:25 - Initiate Browser
2020-08-28 11:40:18 INFO  TestBase:32 - Browser Initiated
2020-08-28 11:40:18 INFO  TestBase:37 - successful Login
2020-08-28 11:40:19 INFO  TestBase:49 - Test name: PlantSmokeTest
2020-08-28 11:40:20 INFO  TestBase:55 - Executed test case name:PlantSmokeTest Execution Results : [TestResult name=PlantSmokeTest status=FAILURE method=PlantTest.PlantSmokeTest()[pri:1, instance:master.PlantTest@19dc67c2] output={null}]
2020-08-28 11:40:20 INFO  TestBase:25 - Initiate Browser
2020-08-28 11:40:35 INFO  TestBase:32 - Browser Initiated
2020-08-28 11:40:35 INFO  TestBase:37 - successful Login
2020-08-28 11:40:35 INFO  TestBase:49 - Test name: customerSmokeTest
2020-08-28 11:40:39 INFO  TestBase:55 - Executed test case name:customerSmokeTest Execution Results : [TestResult name=customerSmokeTest status=SUCCESS method=CustomerTest.customerSmokeTest()[pri:1, instance:master.CustomerTest@ba8d91c] output={null}]
2020-08-28 11:40:39 INFO  TestBase:25 - Initiate Browser
2020-08-28 11:40:59 INFO  TestBase:32 - Browser Initiated
2020-08-28 11:41:00 INFO  TestBase:37 - successful Login
2020-08-28 11:41:00 INFO  TestBase:49 - Test name: employeeSmokeTest
2020-08-28 11:41:44 INFO  TestBase:55 - Executed test case name:employeeSmokeTest Execution Results : [TestResult name=employeeSmokeTest status=SUCCESS method=EmployeeTest.employeeSmokeTest()[pri:1, instance:master.EmployeeTest@7ff2a664] output={null}]
2020-08-28 11:41:44 INFO  TestBase:25 - Initiate Browser
2020-08-28 11:42:08 INFO  TestBase:32 - Browser Initiated
2020-08-28 11:42:08 INFO  TestBase:37 - successful Login
2020-08-28 11:42:08 INFO  TestBase:49 - Test name: equipmentSmokeOnly
2020-08-28 11:42:16 INFO  TestBase:55 - Executed test case name:equipmentSmokeOnly Execution Results : [TestResult name=equipmentSmokeOnly status=SUCCESS method=EquipmentTest.equipmentSmokeOnly()[pri:1, instance:master.EquipmentTest@dd3b207] output={null}]
2020-08-28 11:42:16 INFO  TestBase:25 - Initiate Browser
2020-08-28 11:42:33 INFO  TestBase:32 - Browser Initiated
2020-08-28 11:42:33 INFO  TestBase:37 - successful Login
2020-08-28 11:42:33 INFO  TestBase:49 - Test name: projectSmokeTest
2020-08-28 11:42:54 INFO  TestBase:55 - Executed test case name:projectSmokeTest Execution Results : [TestResult name=projectSmokeTest status=SUCCESS method=ProjectTest.projectSmokeTest()[pri:1, instance:master.ProjectTest@7364985f] output={null}]
2020-08-28 11:42:54 INFO  TestBase:25 - Initiate Browser
2020-08-28 11:43:13 INFO  TestBase:32 - Browser Initiated
2020-08-28 11:43:14 INFO  TestBase:37 - successful Login
2020-08-28 11:43:14 INFO  TestBase:49 - Test name: plantequipmentSmokeTestSecond
2020-08-28 11:43:35 INFO  TestBase:55 - Executed test case name:plantequipmentSmokeTestSecond Execution Results : [TestResult name=plantequipmentSmokeTestSecond status=SUCCESS method=AddPlantEquipmentTest.plantequipmentSmokeTestSecond()[pri:1, instance:master.AddPlantEquipmentTest@551bdc27] output={null}]
2020-08-28 11:43:35 INFO  TestBase:25 - Initiate Browser
2020-08-28 11:43:55 INFO  TestBase:32 - Browser Initiated
2020-08-28 11:43:56 INFO  TestBase:37 - successful Login
2020-08-28 11:43:56 INFO  TestBase:49 - Test name: customerSmokeTest
2020-08-28 11:44:00 INFO  TestBase:55 - Executed test case name:customerSmokeTest Execution Results : [TestResult name=customerSmokeTest status=SUCCESS method=DeliveryCycleTest.customerSmokeTest()[pri:1, instance:master.DeliveryCycleTest@5d20e46] output={null}]
2020-08-28 11:44:00 INFO  TestBase:25 - Initiate Browser
2020-08-28 11:44:17 INFO  TestBase:32 - Browser Initiated
2020-08-28 11:44:17 INFO  TestBase:37 - successful Login
2020-08-28 11:44:17 INFO  TestBase:49 - Test name: MaterialCategorySmokeTest
2020-08-28 11:44:32 INFO  TestBase:55 - Executed test case name:MaterialCategorySmokeTest Execution Results : [TestResult name=MaterialCategorySmokeTest status=SUCCESS method=MaterialCategoryTest.MaterialCategorySmokeTest()[pri:1, instance:master.MaterialCategoryTest@58fdd99] output={null}]
2020-08-28 11:44:32 INFO  TestBase:25 - Initiate Browser
2020-08-28 11:44:49 INFO  TestBase:32 - Browser Initiated
2020-08-28 11:44:49 INFO  TestBase:37 - successful Login
2020-08-28 11:44:49 INFO  TestBase:49 - Test name: SupplierCatecorySmokeTest
2020-08-28 11:44:52 INFO  TestBase:55 - Executed test case name:SupplierCatecorySmokeTest Execution Results : [TestResult name=SupplierCatecorySmokeTest status=SUCCESS method=SupplierCatecoryTest.SupplierCatecorySmokeTest()[pri:1, instance:master.SupplierCatecoryTest@709ba3fb] output={null}]
2020-08-28 11:44:52 INFO  TestBase:25 - Initiate Browser
2020-08-28 11:45:10 INFO  TestBase:32 - Browser Initiated
2020-08-28 11:45:10 INFO  TestBase:37 - successful Login
2020-08-28 11:45:10 INFO  TestBase:49 - Test name: MaterialSubCategorySmokeTest
2020-08-28 11:45:37 INFO  TestBase:55 - Executed test case name:MaterialSubCategorySmokeTest Execution Results : [TestResult name=MaterialSubCategorySmokeTest status=SUCCESS method=MaterialSubCategoryTest.MaterialSubCategorySmokeTest()[pri:1, instance:master.MaterialSubCategoryTest@6b1274d2] output={null}]
2020-08-28 11:45:37 INFO  TestBase:25 - Initiate Browser
2020-08-28 11:45:54 INFO  TestBase:32 - Browser Initiated
2020-08-28 11:45:54 INFO  TestBase:37 - successful Login
2020-08-28 11:45:54 INFO  TestBase:49 - Test name: SupplierTest
2020-08-28 11:46:31 INFO  TestBase:55 - Executed test case name:SupplierTest Execution Results : [TestResult name=SupplierTest status=SUCCESS method=SupplierTest.SupplierTest()[pri:1, instance:master.SupplierTest@3d36e4cd] output={null}]
2020-08-28 11:46:31 INFO  TestBase:25 - Initiate Browser
2020-08-28 11:46:50 INFO  TestBase:32 - Browser Initiated
2020-08-28 11:46:50 INFO  TestBase:37 - successful Login
2020-08-28 11:46:50 INFO  TestBase:49 - Test name: StateSmokeTest
2020-08-28 11:46:55 INFO  TestBase:55 - Executed test case name:StateSmokeTest Execution Results : [TestResult name=StateSmokeTest status=SUCCESS method=MaterialStateTest.StateSmokeTest()[pri:1, instance:master.MaterialStateTest@7bc1a03d] output={null}]
2020-08-28 11:46:55 INFO  TestBase:25 - Initiate Browser
2020-08-28 11:47:15 INFO  TestBase:32 - Browser Initiated
2020-08-28 11:47:16 INFO  TestBase:37 - successful Login
2020-08-28 11:47:16 INFO  TestBase:49 - Test name: DesignationTest
2020-08-28 11:47:29 INFO  TestBase:55 - Executed test case name:DesignationTest Execution Results : [TestResult name=DesignationTest status=SUCCESS method=DesignationTest.DesignationTest()[pri:1, instance:master.DesignationTest@6a472554] output={null}]
2020-08-28 11:47:29 INFO  TestBase:25 - Initiate Browser
2020-08-28 11:47:47 INFO  TestBase:32 - Browser Initiated
2020-08-28 11:47:47 INFO  TestBase:37 - successful Login
2020-08-28 11:47:47 INFO  TestBase:49 - Test name: StateSmokeTest
2020-08-28 11:48:05 INFO  TestBase:55 - Executed test case name:StateSmokeTest Execution Results : [TestResult name=StateSmokeTest status=FAILURE method=MaterialsTest.StateSmokeTest()[pri:1, instance:master.MaterialsTest@70b0b186] output={null}]
2020-08-28 11:48:06 INFO  EquipmentData:39 - row = 1 columns = 3
2020-08-28 11:48:06 INFO  TestBase:25 - Initiate Browser
2020-08-28 11:48:26 INFO  TestBase:32 - Browser Initiated
2020-08-28 11:48:27 INFO  TestBase:37 - successful Login
2020-08-28 11:48:27 INFO  TestBase:49 - Test name: equipment
2020-08-28 11:48:51 INFO  TestBase:55 - Executed test case name:equipment Execution Results : [TestResult name=equipment status=SUCCESS method=EquipmentTest.equipment(java.lang.String, java.lang.String, java.lang.String)[pri:2, instance:master.EquipmentTest@dd3b207] output={null}]
2020-08-28 11:48:52 INFO  EquipmentData:21 - row = 1 columns = 4
2020-08-28 11:48:52 INFO  TestBase:25 - Initiate Browser
2020-08-28 11:49:14 INFO  TestBase:32 - Browser Initiated
2020-08-28 11:49:15 INFO  TestBase:37 - successful Login
2020-08-28 11:49:15 INFO  TestBase:49 - Test name: plantequipmentSmokeTest
2020-08-28 11:49:15 INFO  AddPlantEquipmentTest:18 - Start Add plant equipment data
2020-08-28 11:49:41 INFO  TestBase:55 - Executed test case name:plantequipmentSmokeTest Execution Results : [TestResult name=plantequipmentSmokeTest status=SUCCESS method=AddPlantEquipmentTest.plantequipmentSmokeTest(java.lang.String, java.lang.String, java.lang.String, java.lang.String)[pri:2, instance:master.AddPlantEquipmentTest@551bdc27] output={null}]
2020-08-28 11:53:21 INFO  TestBase:25 - Initiate Browser
2020-08-28 11:53:38 INFO  TestBase:32 - Browser Initiated
2020-08-28 11:53:39 INFO  TestBase:37 - successful Login
2020-08-28 11:53:39 INFO  TestBase:49 - Test name: PlantSmokeTest
2020-08-28 11:54:14 INFO  TestBase:25 - Initiate Browser
2020-08-28 11:54:29 INFO  TestBase:32 - Browser Initiated
2020-08-28 11:54:30 INFO  TestBase:37 - successful Login
2020-08-28 11:54:30 INFO  TestBase:49 - Test name: PlantSmokeTest
2020-08-28 11:55:21 INFO  TestBase:25 - Initiate Browser
2020-08-28 11:55:36 INFO  TestBase:32 - Browser Initiated
2020-08-28 11:55:37 INFO  TestBase:37 - successful Login
2020-08-28 11:55:37 INFO  TestBase:49 - Test name: PlantSmokeTest
2020-08-28 11:57:37 INFO  TestBase:25 - Initiate Browser
2020-08-28 11:57:53 INFO  TestBase:32 - Browser Initiated
2020-08-28 11:57:54 INFO  TestBase:37 - successful Login
2020-08-28 11:57:54 INFO  TestBase:49 - Test name: PlantSmokeTest
2020-08-28 11:59:50 INFO  TestBase:25 - Initiate Browser
2020-08-28 12:00:05 INFO  TestBase:32 - Browser Initiated
2020-08-28 12:00:05 INFO  TestBase:37 - successful Login
2020-08-28 12:00:05 INFO  TestBase:49 - Test name: PlantSmokeTesttok
2020-08-28 12:01:00 INFO  TestBase:25 - Initiate Browser
2020-08-28 12:01:15 INFO  TestBase:32 - Browser Initiated
2020-08-28 12:01:15 INFO  TestBase:37 - successful Login
2020-08-28 12:01:15 INFO  TestBase:49 - Test name: PlantSmokeTesttok
2020-08-28 12:02:44 INFO  TestBase:25 - Initiate Browser
2020-08-28 12:02:59 INFO  TestBase:32 - Browser Initiated
2020-08-28 12:02:59 INFO  TestBase:37 - successful Login
2020-08-28 12:02:59 INFO  TestBase:49 - Test name: PlantSmokeTesttok
2020-08-28 12:05:09 INFO  TestBase:25 - Initiate Browser
2020-08-28 12:05:23 INFO  TestBase:32 - Browser Initiated
2020-08-28 12:05:23 INFO  TestBase:37 - successful Login
2020-08-28 12:05:23 INFO  TestBase:49 - Test name: PlantSmokeTesttok
2020-08-28 12:07:09 INFO  TestBase:25 - Initiate Browser
2020-08-28 12:07:23 INFO  TestBase:32 - Browser Initiated
2020-08-28 12:07:23 INFO  TestBase:37 - successful Login
2020-08-28 12:07:23 INFO  TestBase:49 - Test name: PlantSmokeTesttok
2020-08-28 12:14:06 INFO  TestBase:55 - Executed test case name:PlantSmokeTesttok Execution Results : [TestResult name=PlantSmokeTesttok status=FAILURE method=PlantTest.PlantSmokeTesttok()[pri:1, instance:master.PlantTest@51cdd8a] output={null}]
2020-08-28 12:14:09 INFO  TestBase:55 - Executed test case name:PlantSmokeTest Execution Results : [TestResult name=PlantSmokeTest status=FAILURE method=PlantTest.PlantSmokeTest()[pri:1, instance:master.PlantTest@23faf8f2] output={null}]
2020-08-28 12:14:24 INFO  TestBase:25 - Initiate Browser
2020-08-28 12:14:40 INFO  TestBase:32 - Browser Initiated
2020-08-28 12:14:40 INFO  TestBase:37 - successful Login
2020-08-28 12:14:40 INFO  TestBase:49 - Test name: PlantSmokeTesttok
2020-08-28 12:18:31 INFO  TestBase:25 - Initiate Browser
2020-08-28 12:18:45 INFO  TestBase:32 - Browser Initiated
2020-08-28 12:18:46 INFO  TestBase:37 - successful Login
2020-08-28 12:18:46 INFO  TestBase:49 - Test name: PlantSmokeTesttok
2020-08-28 12:19:54 INFO  TestBase:25 - Initiate Browser
2020-08-28 12:20:09 INFO  TestBase:32 - Browser Initiated
2020-08-28 12:20:09 INFO  TestBase:37 - successful Login
2020-08-28 12:20:09 INFO  TestBase:49 - Test name: equipmentSmokeOnly
2020-08-28 12:20:15 INFO  TestBase:55 - Executed test case name:equipmentSmokeOnly Execution Results : [TestResult name=equipmentSmokeOnly status=SUCCESS method=EquipmentTest.equipmentSmokeOnly()[pri:1, instance:master.EquipmentTest@23a5fd2] output={null}]
2020-08-28 12:20:15 INFO  TestBase:25 - Initiate Browser
2020-08-28 12:20:30 INFO  TestBase:32 - Browser Initiated
2020-08-28 12:20:30 INFO  TestBase:37 - successful Login
2020-08-28 12:20:30 INFO  TestBase:49 - Test name: customerSmokeTest
2020-08-28 12:20:34 INFO  TestBase:55 - Executed test case name:customerSmokeTest Execution Results : [TestResult name=customerSmokeTest status=SUCCESS method=CustomerTest.customerSmokeTest()[pri:1, instance:master.CustomerTest@5d20e46] output={null}]
2020-08-28 12:20:34 INFO  TestBase:25 - Initiate Browser
2020-08-28 12:20:47 INFO  TestBase:32 - Browser Initiated
2020-08-28 12:20:47 INFO  TestBase:37 - successful Login
2020-08-28 12:20:47 INFO  TestBase:49 - Test name: employeeSmokeTest
2020-08-28 12:21:32 INFO  TestBase:55 - Executed test case name:employeeSmokeTest Execution Results : [TestResult name=employeeSmokeTest status=SUCCESS method=EmployeeTest.employeeSmokeTest()[pri:1, instance:master.EmployeeTest@58c1c010] output={null}]
2020-08-28 12:21:32 INFO  TestBase:25 - Initiate Browser
2020-08-28 12:21:47 INFO  TestBase:32 - Browser Initiated
2020-08-28 12:21:48 INFO  TestBase:37 - successful Login
2020-08-28 12:21:48 INFO  TestBase:49 - Test name: test01
2020-08-28 12:22:06 INFO  TestBase:55 - Executed test case name:test01 Execution Results : [TestResult name=test01 status=SUCCESS method=test.test01()[pri:1, instance:testconfiguration.testNV.test@b7f23d9] output={null}]
2020-08-28 12:22:06 INFO  TestBase:25 - Initiate Browser
2020-08-28 12:22:19 INFO  TestBase:32 - Browser Initiated
2020-08-28 12:22:20 INFO  TestBase:37 - successful Login
2020-08-28 12:22:20 INFO  TestBase:49 - Test name: plantequipmentSmokeTestSecond
2020-08-28 12:22:41 INFO  TestBase:55 - Executed test case name:plantequipmentSmokeTestSecond Execution Results : [TestResult name=plantequipmentSmokeTestSecond status=SUCCESS method=AddPlantEquipmentTest.plantequipmentSmokeTestSecond()[pri:1, instance:master.AddPlantEquipmentTest@6b1274d2] output={null}]
2020-08-28 12:22:41 INFO  TestBase:25 - Initiate Browser
2020-08-28 12:22:55 INFO  TestBase:32 - Browser Initiated
2020-08-28 12:22:55 INFO  TestBase:37 - successful Login
2020-08-28 12:22:55 INFO  TestBase:49 - Test name: projectSmokeTest
2020-08-28 12:23:07 INFO  TestBase:55 - Executed test case name:projectSmokeTest Execution Results : [TestResult name=projectSmokeTest status=FAILURE method=ProjectTest.projectSmokeTest()[pri:1, instance:master.ProjectTest@709ba3fb] output={null}]
2020-08-28 12:23:07 INFO  TestBase:25 - Initiate Browser
2020-08-28 12:23:22 INFO  TestBase:32 - Browser Initiated
2020-08-28 12:23:22 INFO  TestBase:37 - successful Login
2020-08-28 12:23:22 INFO  TestBase:49 - Test name: ParameterTest
2020-08-28 12:23:29 INFO  TestBase:55 - Executed test case name:ParameterTest Execution Results : [TestResult name=ParameterTest status=SUCCESS method=ParameterMTest.ParameterTest()[pri:1, instance:testconfiguration.parameterNV.ParameterMTest@61d47554] output={null}]
2020-08-28 12:23:29 INFO  TestBase:25 - Initiate Browser
2020-08-28 12:23:47 INFO  TestBase:32 - Browser Initiated
2020-08-28 12:23:47 INFO  TestBase:37 - successful Login
2020-08-28 12:23:47 INFO  TestBase:49 - Test name: MaterialCategorySmokeTest
2020-08-28 12:24:01 INFO  TestBase:55 - Executed test case name:MaterialCategorySmokeTest Execution Results : [TestResult name=MaterialCategorySmokeTest status=SUCCESS method=MaterialCategoryTest.MaterialCategorySmokeTest()[pri:1, instance:master.MaterialCategoryTest@7bc1a03d] output={null}]
2020-08-28 12:24:01 INFO  TestBase:25 - Initiate Browser
2020-08-28 12:24:17 INFO  TestBase:32 - Browser Initiated
2020-08-28 12:24:18 INFO  TestBase:37 - successful Login
2020-08-28 12:24:18 INFO  TestBase:49 - Test name: customerSmokeTest
2020-08-28 12:24:21 INFO  TestBase:55 - Executed test case name:customerSmokeTest Execution Results : [TestResult name=customerSmokeTest status=SUCCESS method=DeliveryCycleTest.customerSmokeTest()[pri:1, instance:master.DeliveryCycleTest@3d36e4cd] output={null}]
2020-08-28 12:24:21 INFO  TestBase:25 - Initiate Browser
2020-08-28 12:24:36 INFO  TestBase:32 - Browser Initiated
2020-08-28 12:24:36 INFO  TestBase:37 - successful Login
2020-08-28 12:24:36 INFO  TestBase:49 - Test name: QualityParameterTest
2020-08-28 12:24:43 INFO  TestBase:55 - Executed test case name:QualityParameterTest Execution Results : [TestResult name=QualityParameterTest status=SUCCESS method=QualityParameterTest.QualityParameterTest()[pri:1, instance:testconfiguration.parameterNV.QualityParameterTest@69b794e2] output={null}]
2020-08-28 12:24:43 INFO  TestBase:25 - Initiate Browser
2020-08-28 12:25:00 INFO  TestBase:32 - Browser Initiated
2020-08-28 12:25:00 INFO  TestBase:37 - successful Login
2020-08-28 12:25:00 INFO  TestBase:49 - Test name: MaterialSubCategorySmokeTest
2020-08-28 12:25:27 INFO  TestBase:55 - Executed test case name:MaterialSubCategorySmokeTest Execution Results : [TestResult name=MaterialSubCategorySmokeTest status=SUCCESS method=MaterialSubCategoryTest.MaterialSubCategorySmokeTest()[pri:1, instance:master.MaterialSubCategoryTest@70b0b186] output={null}]
2020-08-28 12:25:27 INFO  TestBase:25 - Initiate Browser
2020-08-28 12:25:44 INFO  TestBase:32 - Browser Initiated
2020-08-28 12:25:44 INFO  TestBase:37 - successful Login
2020-08-28 12:25:44 INFO  TestBase:49 - Test name: SupplierCatecorySmokeTest
2020-08-28 12:25:49 INFO  TestBase:55 - Executed test case name:SupplierCatecorySmokeTest Execution Results : [TestResult name=SupplierCatecorySmokeTest status=SUCCESS method=SupplierCatecoryTest.SupplierCatecorySmokeTest()[pri:1, instance:master.SupplierCatecoryTest@6a472554] output={null}]
2020-08-28 12:25:49 INFO  TestBase:25 - Initiate Browser
2020-08-28 12:26:12 INFO  TestBase:32 - Browser Initiated
2020-08-28 12:26:12 INFO  TestBase:37 - successful Login
2020-08-28 12:26:12 INFO  TestBase:49 - Test name: test
2020-08-28 12:26:18 INFO  TestBase:55 - Executed test case name:test Execution Results : [TestResult name=test status=FAILURE method=Test_Configration.test()[pri:1, instance:testconfiguration.configuretestNV.Test_Configration@3f200884] output={null}]
2020-08-28 12:26:18 INFO  TestBase:25 - Initiate Browser
2020-08-28 12:26:35 INFO  TestBase:32 - Browser Initiated
2020-08-28 12:26:36 INFO  TestBase:37 - successful Login
2020-08-28 12:26:36 INFO  TestBase:49 - Test name: StateSmokeTest
2020-08-28 12:26:40 INFO  TestBase:55 - Executed test case name:StateSmokeTest Execution Results : [TestResult name=StateSmokeTest status=SUCCESS method=MaterialStateTest.StateSmokeTest()[pri:1, instance:master.MaterialStateTest@ba8d91c] output={null}]
2020-08-28 12:26:40 INFO  TestBase:25 - Initiate Browser
2020-08-28 12:26:56 INFO  TestBase:32 - Browser Initiated
2020-08-28 12:26:57 INFO  TestBase:37 - successful Login
2020-08-28 12:26:57 INFO  TestBase:49 - Test name: SupplierTest
2020-08-28 12:30:50 INFO  TestBase:25 - Initiate Browser
2020-08-28 12:31:05 INFO  TestBase:32 - Browser Initiated
2020-08-28 12:31:06 INFO  TestBase:37 - successful Login
2020-08-28 12:31:06 INFO  TestBase:49 - Test name: test01
2020-08-28 12:31:25 INFO  TestBase:55 - Executed test case name:test01 Execution Results : [TestResult name=test01 status=SUCCESS method=test.test01()[pri:1, instance:testconfiguration.testNV.test@131276c2] output={null}]
2020-08-28 12:32:10 INFO  TestBase:25 - Initiate Browser
2020-08-28 12:32:28 INFO  TestBase:32 - Browser Initiated
2020-08-28 12:32:29 INFO  TestBase:37 - successful Login
2020-08-28 12:32:29 INFO  TestBase:49 - Test name: PlantSmokeTesttok
2020-08-28 12:32:53 INFO  TestBase:55 - Executed test case name:PlantSmokeTesttok Execution Results : [TestResult name=PlantSmokeTesttok status=FAILURE method=PlantTest.PlantSmokeTesttok()[pri:1, instance:master.PlantTest@23faf8f2] output={null}]
2020-08-28 12:38:03 INFO  TestBase:25 - Initiate Browser
2020-08-28 12:38:18 INFO  TestBase:32 - Browser Initiated
2020-08-28 12:38:18 INFO  TestBase:37 - successful Login
2020-08-28 12:38:18 INFO  TestBase:49 - Test name: PlantSmokeTesttok
2020-08-28 12:41:12 INFO  TestBase:25 - Initiate Browser
2020-08-28 12:41:26 INFO  TestBase:32 - Browser Initiated
2020-08-28 12:41:26 INFO  TestBase:37 - successful Login
2020-08-28 12:41:26 INFO  TestBase:49 - Test name: PlantSmokeTesttok
2020-08-28 12:42:40 INFO  TestBase:25 - Initiate Browser
2020-08-28 12:42:54 INFO  TestBase:32 - Browser Initiated
2020-08-28 12:42:54 INFO  TestBase:37 - successful Login
2020-08-28 12:42:54 INFO  TestBase:49 - Test name: PlantSmokeTesttok
2020-08-28 13:08:49 INFO  TestBase:25 - Initiate Browser
2020-08-28 13:09:07 INFO  TestBase:32 - Browser Initiated
2020-08-28 13:09:08 INFO  TestBase:37 - successful Login
2020-08-28 13:09:08 INFO  TestBase:49 - Test name: PlantSmokeTesttok
2020-08-28 13:14:28 INFO  TestBase:55 - Executed test case name:PlantSmokeTesttok Execution Results : [TestResult name=PlantSmokeTesttok status=FAILURE method=PlantTest.PlantSmokeTesttok()[pri:1, instance:master.PlantTest@23faf8f2] output={null}]
2020-08-28 13:37:20 INFO  TestBase:25 - Initiate Browser
2020-08-28 13:37:35 INFO  TestBase:32 - Browser Initiated
2020-08-28 13:37:35 INFO  TestBase:37 - successful Login
2020-08-28 13:37:35 INFO  TestBase:49 - Test name: PlantSmokeTesttok
2020-08-28 13:51:13 INFO  TestBase:55 - Executed test case name:PlantSmokeTesttok Execution Results : [TestResult name=PlantSmokeTesttok status=FAILURE method=PlantTest.PlantSmokeTesttok()[pri:1, instance:master.PlantTest@23faf8f2] output={null}]
2020-08-28 14:25:36 INFO  TestBase:25 - Initiate Browser
2020-08-28 14:25:50 INFO  TestBase:32 - Browser Initiated
2020-08-28 14:25:51 INFO  TestBase:37 - successful Login
2020-08-28 14:25:51 INFO  TestBase:49 - Test name: PlantSmokeTesttok
2020-08-28 14:31:31 INFO  TestBase:25 - Initiate Browser
2020-08-28 14:31:46 INFO  TestBase:32 - Browser Initiated
2020-08-28 14:31:46 INFO  TestBase:37 - successful Login
2020-08-28 14:31:46 INFO  TestBase:49 - Test name: PlantSmokeTesttok
2020-08-28 14:33:53 INFO  TestBase:25 - Initiate Browser
2020-08-28 14:34:08 INFO  TestBase:32 - Browser Initiated
2020-08-28 14:34:08 INFO  TestBase:37 - successful Login
2020-08-28 14:34:08 INFO  TestBase:49 - Test name: PlantSmokeTesttok
2020-08-28 14:34:41 INFO  TestBase:25 - Initiate Browser
2020-08-28 14:34:56 INFO  TestBase:32 - Browser Initiated
2020-08-28 14:34:57 INFO  TestBase:37 - successful Login
2020-08-28 14:34:57 INFO  TestBase:49 - Test name: PlantSmokeTesttok
2020-08-28 14:35:41 INFO  TestBase:25 - Initiate Browser
2020-08-28 14:35:55 INFO  TestBase:32 - Browser Initiated
2020-08-28 14:35:56 INFO  TestBase:37 - successful Login
2020-08-28 14:35:56 INFO  TestBase:49 - Test name: PlantSmokeTesttok
2020-08-28 14:36:02 INFO  TestBase:55 - Executed test case name:PlantSmokeTesttok Execution Results : [TestResult name=PlantSmokeTesttok status=FAILURE method=PlantTest.PlantSmokeTesttok()[pri:1, instance:master.PlantTest@7f13d6e] output={null}]
2020-08-28 14:37:13 INFO  TestBase:25 - Initiate Browser
2020-08-28 14:37:28 INFO  TestBase:32 - Browser Initiated
2020-08-28 14:37:28 INFO  TestBase:37 - successful Login
2020-08-28 14:37:28 INFO  TestBase:49 - Test name: PlantSmokeTesttok
2020-08-28 14:37:55 INFO  TestBase:55 - Executed test case name:PlantSmokeTesttok Execution Results : [TestResult name=PlantSmokeTesttok status=FAILURE method=PlantTest.PlantSmokeTesttok()[pri:1, instance:master.PlantTest@7f13d6e] output={null}]
2020-08-28 14:38:28 INFO  TestBase:25 - Initiate Browser
2020-08-28 14:38:42 INFO  TestBase:32 - Browser Initiated
2020-08-28 14:38:43 INFO  TestBase:37 - successful Login
2020-08-28 14:38:43 INFO  TestBase:49 - Test name: PlantSmokeTesttok
2020-08-28 14:38:46 INFO  TestBase:55 - Executed test case name:PlantSmokeTesttok Execution Results : [TestResult name=PlantSmokeTesttok status=FAILURE method=PlantTest.PlantSmokeTesttok()[pri:1, instance:master.PlantTest@7f13d6e] output={null}]
2020-08-28 14:39:12 INFO  TestBase:25 - Initiate Browser
2020-08-28 14:39:28 INFO  TestBase:32 - Browser Initiated
2020-08-28 14:39:28 INFO  TestBase:37 - successful Login
2020-08-28 14:39:28 INFO  TestBase:49 - Test name: PlantSmokeTesttok
2020-08-28 14:39:55 INFO  TestBase:55 - Executed test case name:PlantSmokeTesttok Execution Results : [TestResult name=PlantSmokeTesttok status=FAILURE method=PlantTest.PlantSmokeTesttok()[pri:1, instance:master.PlantTest@7f13d6e] output={null}]
2020-08-28 14:42:04 INFO  TestBase:25 - Initiate Browser
2020-08-28 14:42:25 INFO  TestBase:32 - Browser Initiated
2020-08-28 14:42:25 INFO  TestBase:37 - successful Login
2020-08-28 14:42:25 INFO  TestBase:49 - Test name: PlantSmokeTesttok
2020-08-28 14:42:41 INFO  TestBase:55 - Executed test case name:PlantSmokeTesttok Execution Results : [TestResult name=PlantSmokeTesttok status=SUCCESS method=PlantTest.PlantSmokeTesttok()[pri:1, instance:master.PlantTest@7f13d6e] output={null}]
2020-08-28 14:49:40 INFO  TestBase:25 - Initiate Browser
2020-08-28 14:49:54 INFO  TestBase:32 - Browser Initiated
2020-08-28 14:49:54 INFO  TestBase:37 - successful Login
2020-08-28 14:49:54 INFO  TestBase:49 - Test name: PlantSmokeTesttok
2020-08-28 14:50:02 INFO  TestBase:55 - Executed test case name:PlantSmokeTesttok Execution Results : [TestResult name=PlantSmokeTesttok status=SUCCESS method=PlantTest.PlantSmokeTesttok()[pri:1, instance:master.PlantTest@23faf8f2] output={null}]
2020-08-28 14:51:06 INFO  TestBase:25 - Initiate Browser
2020-08-28 14:51:20 INFO  TestBase:32 - Browser Initiated
2020-08-28 14:51:20 INFO  TestBase:37 - successful Login
2020-08-28 14:51:20 INFO  TestBase:49 - Test name: PlantSmokeTesttok
2020-08-28 14:51:28 INFO  TestBase:55 - Executed test case name:PlantSmokeTesttok Execution Results : [TestResult name=PlantSmokeTesttok status=SUCCESS method=PlantTest.PlantSmokeTesttok()[pri:1, instance:master.PlantTest@23faf8f2] output={null}]
2020-08-28 14:52:01 INFO  TestBase:25 - Initiate Browser
2020-08-28 14:52:15 INFO  TestBase:32 - Browser Initiated
2020-08-28 14:52:15 INFO  TestBase:37 - successful Login
2020-08-28 14:52:15 INFO  TestBase:49 - Test name: PlantSmokeTesttok
2020-08-28 14:52:24 INFO  TestBase:55 - Executed test case name:PlantSmokeTesttok Execution Results : [TestResult name=PlantSmokeTesttok status=SUCCESS method=PlantTest.PlantSmokeTesttok()[pri:1, instance:master.PlantTest@51cdd8a] output={null}]
2020-08-28 15:57:56 INFO  TestBase:25 - Initiate Browser
2020-08-28 15:58:09 INFO  TestBase:32 - Browser Initiated
2020-08-28 15:58:09 INFO  TestBase:37 - successful Login
2020-08-28 15:58:09 INFO  TestBase:49 - Test name: FinishProductTestResult
2020-08-28 16:02:41 INFO  TestBase:25 - Initiate Browser
2020-08-28 16:02:54 INFO  TestBase:32 - Browser Initiated
2020-08-28 16:02:55 INFO  TestBase:37 - successful Login
2020-08-28 16:02:55 INFO  TestBase:49 - Test name: FinishProductTestResult
2020-08-28 16:13:50 INFO  TestBase:25 - Initiate Browser
2020-08-28 16:14:04 INFO  TestBase:32 - Browser Initiated
2020-08-28 16:14:04 INFO  TestBase:37 - successful Login
2020-08-28 16:14:04 INFO  TestBase:49 - Test name: FinishProductTestResult
2020-08-28 16:20:22 INFO  TestBase:25 - Initiate Browser
2020-08-28 16:20:37 INFO  TestBase:32 - Browser Initiated
2020-08-28 16:20:37 INFO  TestBase:37 - successful Login
2020-08-28 16:20:37 INFO  TestBase:49 - Test name: MixDesignSmokeTest
2020-08-28 16:21:09 INFO  TestBase:55 - Executed test case name:MixDesignSmokeTest Execution Results : [TestResult name=MixDesignSmokeTest status=FAILURE method=MixDesignTest.MixDesignSmokeTest()[pri:1, instance:MixDesign.MixDesignTest@711f39f9] output={null}]
2020-08-28 16:22:54 INFO  TestBase:25 - Initiate Browser
2020-08-28 16:23:11 INFO  TestBase:49 - Test name: MixDesignSmokeExportTest
2020-08-28 16:23:11 INFO  TestBase:55 - Executed test case name:MixDesignSmokeExportTest Execution Results : [TestResult name={null} status=CREATED method=MixDesignTest.MixDesignSmokeExportTest()[pri:2, instance:MixDesign.MixDesignTest@711f39f9] output={null}]
2020-08-28 16:23:26 INFO  TestBase:25 - Initiate Browser
2020-08-28 16:23:40 INFO  TestBase:32 - Browser Initiated
2020-08-28 16:23:41 INFO  TestBase:37 - successful Login
2020-08-28 16:23:41 INFO  TestBase:49 - Test name: MixDesignSmokeExportTest
2020-08-28 16:24:58 INFO  TestBase:25 - Initiate Browser
2020-08-28 16:25:11 INFO  TestBase:32 - Browser Initiated
2020-08-28 16:25:11 INFO  TestBase:37 - successful Login
2020-08-28 16:25:11 INFO  TestBase:49 - Test name: MixDesignSmokeExportTest
2020-08-28 16:26:12 INFO  TestBase:25 - Initiate Browser
2020-08-28 16:26:26 INFO  TestBase:32 - Browser Initiated
2020-08-28 16:26:26 INFO  TestBase:37 - successful Login
2020-08-28 16:26:26 INFO  TestBase:49 - Test name: MixDesignSmokeExportTest
2020-08-28 16:26:28 INFO  TestBase:55 - Executed test case name:MixDesignSmokeExportTest Execution Results : [TestResult name=MixDesignSmokeExportTest status=SUCCESS method=MixDesignTest.MixDesignSmokeExportTest()[pri:1, instance:MixDesign.MixDesignTest@711f39f9] output={null}]
2020-08-28 16:50:08 INFO  TestBase:25 - Initiate Browser
2020-08-28 16:50:21 INFO  TestBase:32 - Browser Initiated
2020-08-28 16:50:22 INFO  TestBase:37 - successful Login
2020-08-28 16:50:22 INFO  TestBase:49 - Test name: MixDesignFinishProductTest
2020-08-28 16:51:04 INFO  TestBase:25 - Initiate Browser
2020-08-28 16:51:17 INFO  TestBase:32 - Browser Initiated
2020-08-28 16:51:18 INFO  TestBase:37 - successful Login
2020-08-28 16:51:18 INFO  TestBase:49 - Test name: MixDesignFinishProductTest
2020-08-28 16:53:19 INFO  TestBase:25 - Initiate Browser
2020-08-28 16:53:33 INFO  TestBase:32 - Browser Initiated
2020-08-28 16:53:33 INFO  TestBase:37 - successful Login
2020-08-28 16:53:33 INFO  TestBase:49 - Test name: MixDesignFinishProductTest
2020-08-28 16:53:55 INFO  TestBase:55 - Executed test case name:MixDesignFinishProductTest Execution Results : [TestResult name=MixDesignFinishProductTest status=FAILURE method=MixDesignTest.MixDesignFinishProductTest()[pri:2, instance:MixDesign.MixDesignTest@711f39f9] output={null}]
2020-08-31 09:14:17 INFO  TestBase:25 - Initiate Browser
2020-08-31 09:14:51 INFO  TestBase:32 - Browser Initiated
2020-08-31 09:17:24 INFO  TestBase:49 - Test name: customerSmokeTest
2020-08-31 09:17:24 INFO  TestBase:55 - Executed test case name:customerSmokeTest Execution Results : [TestResult name={null} status=CREATED method=CustomerTest.customerSmokeTest()[pri:1, instance:master.CustomerTest@131276c2] output={null}]
2020-08-31 09:26:05 INFO  TestBase:25 - Initiate Browser
2020-08-31 09:26:26 INFO  TestBase:32 - Browser Initiated
2020-08-31 09:26:27 INFO  TestBase:37 - successful Login
2020-08-31 09:26:27 INFO  TestBase:49 - Test name: customerTest
2020-08-31 09:28:09 INFO  TestBase:25 - Initiate Browser
2020-08-31 09:28:34 INFO  TestBase:32 - Browser Initiated
2020-08-31 09:28:34 INFO  TestBase:37 - successful Login
2020-08-31 09:28:34 INFO  TestBase:49 - Test name: customerSmokeTest
2020-08-31 09:28:44 INFO  TestBase:55 - Executed test case name:customerSmokeTest Execution Results : [TestResult name=customerSmokeTest status=SUCCESS method=CustomerTest.customerSmokeTest()[pri:1, instance:master.CustomerTest@711f39f9] output={null}]
2020-08-31 09:46:12 INFO  TestBase:55 - Executed test case name:customerTest Execution Results : [TestResult name=customerTest status=FAILURE method=CustomerTest.customerTest()[pri:2, instance:master.CustomerTest@711f39f9] output={null}]
2020-08-31 10:29:22 INFO  TestBase:25 - Initiate Browser
2020-08-31 10:29:40 INFO  TestBase:32 - Browser Initiated
2020-08-31 10:29:41 INFO  TestBase:37 - successful Login
2020-08-31 10:29:41 INFO  TestBase:49 - Test name: plantequipmentSmokeTestSecond
2020-08-31 10:30:00 INFO  TestBase:55 - Executed test case name:plantequipmentSmokeTestSecond Execution Results : [TestResult name=plantequipmentSmokeTestSecond status=SUCCESS method=AddPlantEquipmentTest.plantequipmentSmokeTestSecond()[pri:1, instance:master.AddPlantEquipmentTest@7f13d6e] output={null}]
2020-08-31 10:30:26 INFO  TestBase:27 - Initiate Browser
2020-08-31 10:30:45 INFO  TestBase:34 - Browser Initiated
2020-08-31 10:30:46 INFO  TestBase:39 - successful Login
2020-08-31 10:30:46 INFO  TestBase:51 - Test name: plantequipmentSmokeTestSecond
2020-08-31 10:31:19 INFO  TestBase:57 - Executed test case name:plantequipmentSmokeTestSecond Execution Results : [TestResult name=plantequipmentSmokeTestSecond status=FAILURE method=AddPlantEquipmentTest.plantequipmentSmokeTestSecond()[pri:1, instance:master.AddPlantEquipmentTest@7f13d6e] output={null}]
2020-08-31 10:33:55 INFO  TestBase:27 - Initiate Browser
2020-08-31 10:34:11 INFO  TestBase:34 - Browser Initiated
2020-08-31 10:34:11 INFO  TestBase:39 - successful Login
2020-08-31 10:34:11 INFO  TestBase:51 - Test name: plantequipmentSmokeTestSecond
2020-08-31 10:34:32 INFO  TestBase:57 - Executed test case name:plantequipmentSmokeTestSecond Execution Results : [TestResult name=plantequipmentSmokeTestSecond status=SUCCESS method=AddPlantEquipmentTest.plantequipmentSmokeTestSecond()[pri:1, instance:master.AddPlantEquipmentTest@7f13d6e] output={null}]
2020-08-31 10:37:17 INFO  TestBase:27 - Initiate Browser
2020-08-31 10:37:38 INFO  TestBase:34 - Browser Initiated
2020-08-31 10:37:39 INFO  TestBase:39 - successful Login
2020-08-31 10:37:39 INFO  TestBase:51 - Test name: customerSmokeTest
2020-08-31 10:37:44 INFO  TestBase:57 - Executed test case name:customerSmokeTest Execution Results : [TestResult name=customerSmokeTest status=SUCCESS method=CustomerTest.customerSmokeTest()[pri:1, instance:master.CustomerTest@711f39f9] output={null}]
2020-08-31 10:38:06 INFO  TestBase:27 - Initiate Browser
2020-08-31 10:38:42 INFO  TestBase:34 - Browser Initiated
2020-08-31 10:38:42 INFO  TestBase:39 - successful Login
2020-08-31 10:38:42 INFO  TestBase:51 - Test name: customerSmokeTest
2020-08-31 10:38:47 INFO  TestBase:57 - Executed test case name:customerSmokeTest Execution Results : [TestResult name=customerSmokeTest status=SUCCESS method=DeliveryCycleTest.customerSmokeTest()[pri:1, instance:master.DeliveryCycleTest@711f39f9] output={null}]
2020-08-31 10:39:09 INFO  TestBase:27 - Initiate Browser
2020-08-31 10:39:28 INFO  TestBase:34 - Browser Initiated
2020-08-31 10:39:29 INFO  TestBase:39 - successful Login
2020-08-31 10:39:29 INFO  TestBase:51 - Test name: DesignationTest
2020-08-31 10:39:41 INFO  TestBase:57 - Executed test case name:DesignationTest Execution Results : [TestResult name=DesignationTest status=SUCCESS method=DesignationTest.DesignationTest()[pri:1, instance:master.DesignationTest@7f13d6e] output={null}]
2020-08-31 10:39:58 INFO  TestBase:27 - Initiate Browser
2020-08-31 10:40:15 INFO  TestBase:34 - Browser Initiated
2020-08-31 10:40:16 INFO  TestBase:39 - successful Login
2020-08-31 10:40:16 INFO  TestBase:51 - Test name: employeeSmokeTest
2020-08-31 10:41:00 INFO  TestBase:57 - Executed test case name:employeeSmokeTest Execution Results : [TestResult name=employeeSmokeTest status=SUCCESS method=EmployeeTest.employeeSmokeTest()[pri:1, instance:master.EmployeeTest@23faf8f2] output={null}]
2020-08-31 10:41:20 INFO  TestBase:27 - Initiate Browser
2020-08-31 10:41:39 INFO  TestBase:34 - Browser Initiated
2020-08-31 10:41:40 INFO  TestBase:39 - successful Login
2020-08-31 10:41:40 INFO  TestBase:51 - Test name: equipmentSmokeOnly
2020-08-31 10:41:46 INFO  TestBase:57 - Executed test case name:equipmentSmokeOnly Execution Results : [TestResult name=equipmentSmokeOnly status=SUCCESS method=EquipmentTest.equipmentSmokeOnly()[pri:1, instance:master.EquipmentTest@3fd7a715] output={null}]
2020-08-31 10:42:01 INFO  TestBase:27 - Initiate Browser
2020-08-31 10:42:17 INFO  TestBase:34 - Browser Initiated
2020-08-31 10:42:18 INFO  TestBase:39 - successful Login
2020-08-31 10:42:18 INFO  TestBase:51 - Test name: MaterialCategorySmokeTest
2020-08-31 10:42:31 INFO  TestBase:57 - Executed test case name:MaterialCategorySmokeTest Execution Results : [TestResult name=MaterialCategorySmokeTest status=SUCCESS method=MaterialCategoryTest.MaterialCategorySmokeTest()[pri:1, instance:master.MaterialCategoryTest@7f13d6e] output={null}]
2020-08-31 10:43:01 INFO  TestBase:27 - Initiate Browser
2020-08-31 10:43:30 INFO  TestBase:34 - Browser Initiated
2020-08-31 10:43:30 INFO  TestBase:39 - successful Login
2020-08-31 10:43:30 INFO  TestBase:51 - Test name: StateSmokeTest
2020-08-31 10:43:33 INFO  TestBase:57 - Executed test case name:StateSmokeTest Execution Results : [TestResult name=StateSmokeTest status=SUCCESS method=MaterialStateTest.StateSmokeTest()[pri:1, instance:master.MaterialStateTest@7f13d6e] output={null}]
2020-08-31 10:44:06 INFO  TestBase:27 - Initiate Browser
2020-08-31 10:44:22 INFO  TestBase:34 - Browser Initiated
2020-08-31 10:44:22 INFO  TestBase:39 - successful Login
2020-08-31 10:44:22 INFO  TestBase:51 - Test name: StateSmokeTest
2020-08-31 10:44:43 INFO  TestBase:27 - Initiate Browser
2020-08-31 10:44:58 INFO  TestBase:57 - Executed test case name:StateSmokeTest Execution Results : [TestResult name=StateSmokeTest status=SUCCESS method=MaterialsTest.StateSmokeTest()[pri:1, instance:master.MaterialsTest@7f13d6e] output={null}]
2020-08-31 10:44:59 INFO  TestBase:34 - Browser Initiated
2020-08-31 10:44:59 INFO  TestBase:39 - successful Login
2020-08-31 10:44:59 INFO  TestBase:51 - Test name: MaterialSubCategorySmokeTest
2020-08-31 10:45:23 INFO  TestBase:57 - Executed test case name:MaterialSubCategorySmokeTest Execution Results : [TestResult name=MaterialSubCategorySmokeTest status=SUCCESS method=MaterialSubCategoryTest.MaterialSubCategorySmokeTest()[pri:1, instance:master.MaterialSubCategoryTest@7f13d6e] output={null}]
2020-08-31 10:45:35 INFO  TestBase:27 - Initiate Browser
2020-08-31 10:45:50 INFO  TestBase:34 - Browser Initiated
2020-08-31 10:45:50 INFO  TestBase:39 - successful Login
2020-08-31 10:45:51 INFO  TestBase:51 - Test name: PlantSmokeTesttok
2020-08-31 10:45:59 INFO  TestBase:57 - Executed test case name:PlantSmokeTesttok Execution Results : [TestResult name=PlantSmokeTesttok status=SUCCESS method=PlantTest.PlantSmokeTesttok()[pri:1, instance:master.PlantTest@23faf8f2] output={null}]
2020-08-31 10:48:55 INFO  TestBase:27 - Initiate Browser
2020-08-31 10:49:13 INFO  TestBase:34 - Browser Initiated
2020-08-31 10:49:13 INFO  TestBase:39 - successful Login
2020-08-31 10:49:13 INFO  TestBase:51 - Test name: PlantSmokeTesttok
2020-08-31 10:49:22 INFO  TestBase:57 - Executed test case name:PlantSmokeTesttok Execution Results : [TestResult name=PlantSmokeTesttok status=FAILURE method=PlantTest.PlantSmokeTesttok()[pri:1, instance:master.PlantTest@23faf8f2] output={null}]
2020-08-31 10:51:23 INFO  TestBase:27 - Initiate Browser
2020-08-31 10:51:38 INFO  TestBase:34 - Browser Initiated
2020-08-31 10:51:39 INFO  TestBase:39 - successful Login
2020-08-31 10:51:39 INFO  TestBase:51 - Test name: PlantSmokeTesttok
2020-08-31 10:51:52 INFO  TestBase:57 - Executed test case name:PlantSmokeTesttok Execution Results : [TestResult name=PlantSmokeTesttok status=FAILURE method=PlantTest.PlantSmokeTesttok()[pri:1, instance:master.PlantTest@23faf8f2] output={null}]
2020-08-31 10:54:30 INFO  TestBase:27 - Initiate Browser
2020-08-31 10:54:45 INFO  TestBase:34 - Browser Initiated
2020-08-31 10:54:46 INFO  TestBase:39 - successful Login
2020-08-31 10:54:46 INFO  TestBase:51 - Test name: PlantSmokeTesttok
2020-08-31 10:55:00 INFO  TestBase:57 - Executed test case name:PlantSmokeTesttok Execution Results : [TestResult name=PlantSmokeTesttok status=SUCCESS method=PlantTest.PlantSmokeTesttok()[pri:1, instance:master.PlantTest@23faf8f2] output={null}]
2020-08-31 10:55:08 INFO  TestBase:27 - Initiate Browser
2020-08-31 10:55:25 INFO  TestBase:34 - Browser Initiated
2020-08-31 10:55:26 INFO  TestBase:39 - successful Login
2020-08-31 10:55:26 INFO  TestBase:51 - Test name: PlantSmokeTesttok
2020-08-31 10:55:40 INFO  TestBase:57 - Executed test case name:PlantSmokeTesttok Execution Results : [TestResult name=PlantSmokeTesttok status=SUCCESS method=PlantTest.PlantSmokeTesttok()[pri:1, instance:master.PlantTest@23faf8f2] output={null}]
2020-08-31 10:56:09 INFO  TestBase:27 - Initiate Browser
2020-08-31 10:56:26 INFO  TestBase:34 - Browser Initiated
2020-08-31 10:56:26 INFO  TestBase:39 - successful Login
2020-08-31 10:56:26 INFO  TestBase:51 - Test name: PlantSmokeTesttok
2020-08-31 10:56:40 INFO  TestBase:57 - Executed test case name:PlantSmokeTesttok Execution Results : [TestResult name=PlantSmokeTesttok status=SUCCESS method=PlantTest.PlantSmokeTesttok()[pri:1, instance:master.PlantTest@23faf8f2] output={null}]
2020-10-09 09:23:22 INFO  TestBase:25 - Initiate Browser
2020-10-09 09:23:26 INFO  TestBase:47 - Test name: login
2020-10-09 09:23:26 INFO  TestBase:53 - Executed test case name:login Execution Results : [TestResult name={null} status=CREATED method=LoginTest.login()[pri:0, instance:com.test.qa.LoginTest@131276c2] output={null}]
2020-10-09 09:34:49 INFO  TestBase:25 - Initiate Browser
2020-10-09 09:35:23 INFO  TestBase:32 - Browser Initiated
2020-10-09 09:35:23 INFO  TestBase:35 - successful Login
2020-10-09 09:35:23 INFO  TestBase:47 - Test name: login
2020-10-09 09:35:23 INFO  TestBase:53 - Executed test case name:login Execution Results : [TestResult name=login status=SUCCESS method=LoginTest.login()[pri:0, instance:com.test.qa.LoginTest@48503868] output={null}]
2020-10-09 09:35:42 INFO  TestBase:25 - Initiate Browser
2020-10-09 09:35:53 INFO  TestBase:32 - Browser Initiated
2020-10-09 09:35:53 INFO  TestBase:35 - successful Login
2020-10-09 09:35:53 INFO  TestBase:47 - Test name: login
2020-10-09 09:35:53 INFO  TestBase:53 - Executed test case name:login Execution Results : [TestResult name=login status=SUCCESS method=LoginTest.login()[pri:0, instance:com.test.qa.LoginTest@184f6be2] output={null}]
2020-10-09 09:36:24 INFO  TestBase:25 - Initiate Browser
2020-10-09 09:36:37 INFO  TestBase:32 - Browser Initiated
2020-10-09 09:36:37 INFO  TestBase:35 - successful Login
2020-10-09 09:36:37 INFO  TestBase:47 - Test name: login
2020-10-09 09:36:37 INFO  TestBase:53 - Executed test case name:login Execution Results : [TestResult name=login status=SUCCESS method=LoginTest.login()[pri:0, instance:com.test.qa.LoginTest@184f6be2] output={null}]
2020-10-09 09:44:19 INFO  TestBase:26 - Initiate Browser
2020-10-09 09:44:30 INFO  TestBase:33 - Browser Initiated
2020-10-09 09:44:30 INFO  TestBase:36 - successful Login
2020-10-09 09:44:30 INFO  TestBase:48 - Test name: aggregate
2020-10-09 09:44:30 INFO  TestBase:54 - Executed test case name:aggregate Execution Results : [TestResult name=aggregate status=FAILURE method=FineAggregateCardViewTest.aggregate()[pri:0, instance:com.test.qa.FineAggregateCardViewTest@184f6be2] output={null}]
2020-10-09 09:44:59 INFO  TestBase:26 - Initiate Browser
2020-10-09 09:45:09 INFO  TestBase:33 - Browser Initiated
2020-10-09 09:45:09 INFO  TestBase:36 - successful Login
2020-10-09 09:45:09 INFO  TestBase:48 - Test name: aggregate
2020-10-09 09:45:19 INFO  TestBase:54 - Executed test case name:aggregate Execution Results : [TestResult name=aggregate status=SUCCESS method=FineAggregateCardViewTest.aggregate()[pri:0, instance:com.test.qa.FineAggregateCardViewTest@184f6be2] output={null}]
